<?xml version="1.0" encoding="UTF-8"?>
<testsuite name="de.tum.cit.aet.artemis.assessment.AssessmentComplaintIntegrationTest" tests="46" skipped="0" failures="1" errors="0" timestamp="2025-02-14T23:41:45" hostname="fv-az1721-502" time="20.696">
  <properties/>
  <testcase name="getComplaintsByExerciseId_tutor_sensitiveDataHidden()" classname="de.tum.cit.aet.artemis.assessment.AssessmentComplaintIntegrationTest" time="6.42" />
  <testcase name="getSubmittedComplaints_asStudent_forbidden()" classname="de.tum.cit.aet.artemis.assessment.AssessmentComplaintIntegrationTest" time="0.605">
	  <failure message="CourseManagement.spec.ts:56:13 Manually adds and removes a student" type="FAILURE">

		  
      <![CDATA[[fast-tests] › e2e/course/CourseManagement.spec.ts:56:13 › Course management › Manual student selection › Manually adds and removes a student @fast 

    Test timeout of 45000ms exceeded.

    Error: page.waitForResponse: Test timeout of 45000ms exceeded.
    =========================== logs ===========================
    waiting for response "api/core/courses/*/students/artemis_test_user_1"
    ============================================================

       at support/pageobjects/course/CourseManagementPage.ts:81

      79 |      * */
      80 |     async addStudentToCourse(credentials: UserCredentials) {
    > 81 |         const responsePromise = this.page.waitForResponse(`api/core/courses/*/students/${credentials.username}`);
         |                                           ^
      82 |         await this.page.locator('#detail-value-artemisApp\\.course\\.studentGroupName').locator('a').click();
      83 |         await this.confirmUserIntoGroup(credentials);
      84 |         await responsePromise;
        at CourseManagementPage.addStudentToCourse (/Users/egekocabas/Desktop/thesis/new/Artemis/src/test/playwright/support/pageobjects/course/CourseManagementPage.ts:81:43)
        at /Users/egekocabas/Desktop/thesis/new/Artemis/src/test/playwright/e2e/course/CourseManagement.spec.ts:60:36

    Error: locator.click: Test timeout of 45000ms exceeded.
    Call log:
      - waiting for locator('.dropdown-item').filter({ hasText: '(artemis_test_user_1)' })


       at support/pageobjects/course/CourseManagementPage.ts:121

      119 |     private async confirmUserIntoGroup(credentials: UserCredentials) {
      120 |         await this.page.locator('#typeahead-basic').fill(credentials.username);
    > 121 |         await this.page.locator('.dropdown-item', { hasText: `(${credentials.username})` }).click();
          |                                                                                             ^
      122 |     }
      123 |
      124 |     /**
        at CourseManagementPage.confirmUserIntoGroup (/Users/egekocabas/Desktop/thesis/new/Artemis/src/test/playwright/support/pageobjects/course/CourseManagementPage.ts:121:93)
        at CourseManagementPage.addStudentToCourse (/Users/egekocabas/Desktop/thesis/new/Artemis/src/test/playwright/support/pageobjects/course/CourseManagementPage.ts:83:9)
        at /Users/egekocabas/Desktop/thesis/new/Artemis/src/test/playwright/e2e/course/CourseManagement.spec.ts:60:13

    Retry #1 ───────────────────────────────────────────────────────────────────────────────────────

    Test timeout of 45000ms exceeded.

    Error: page.waitForResponse: Test timeout of 45000ms exceeded.
    =========================== logs ===========================
    waiting for response "api/core/courses/*/students/artemis_test_user_1"
    ============================================================

       at support/pageobjects/course/CourseManagementPage.ts:81

      79 |      * */
      80 |     async addStudentToCourse(credentials: UserCredentials) {
    > 81 |         const responsePromise = this.page.waitForResponse(`api/core/courses/*/students/${credentials.username}`);
         |                                           ^
      82 |         await this.page.locator('#detail-value-artemisApp\\.course\\.studentGroupName').locator('a').click();
      83 |         await this.confirmUserIntoGroup(credentials);
      84 |         await responsePromise;
        at CourseManagementPage.addStudentToCourse (/Users/egekocabas/Desktop/thesis/new/Artemis/src/test/playwright/support/pageobjects/course/CourseManagementPage.ts:81:43)
        at /Users/egekocabas/Desktop/thesis/new/Artemis/src/test/playwright/e2e/course/CourseManagement.spec.ts:60:36

    Error: locator.click: Test timeout of 45000ms exceeded.
    Call log:
      - waiting for locator('.dropdown-item').filter({ hasText: '(artemis_test_user_1)' })


       at support/pageobjects/course/CourseManagementPage.ts:121

      119 |     private async confirmUserIntoGroup(credentials: UserCredentials) {
      120 |         await this.page.locator('#typeahead-basic').fill(credentials.username);
    > 121 |         await this.page.locator('.dropdown-item', { hasText: `(${credentials.username})` }).click();
          |                                                                                             ^
      122 |     }
      123 |
      124 |     /**
        at CourseManagementPage.confirmUserIntoGroup (/Users/egekocabas/Desktop/thesis/new/Artemis/src/test/playwright/support/pageobjects/course/CourseManagementPage.ts:121:93)
        at CourseManagementPage.addStudentToCourse (/Users/egekocabas/Desktop/thesis/new/Artemis/src/test/playwright/support/pageobjects/course/CourseManagementPage.ts:83:9)
        at /Users/egekocabas/Desktop/thesis/new/Artemis/src/test/playwright/e2e/course/CourseManagement.spec.ts:60:13

    attachment #1: trace (application/zip) ─────────────────────────────────────────────────────────
    test-results/e2e-course-CourseManagemen-7a44d--adds-and-removes-a-student-fast-tests-retry1/trace.zip
    Usage:

        npx playwright show-trace test-results/e2e-course-CourseManagemen-7a44d--adds-and-removes-a-student-fast-tests-retry1/trace.zip

    ────────────────────────────────────────────────────────────────────────────────────────────────

    Retry #2 ───────────────────────────────────────────────────────────────────────────────────────

    Test timeout of 45000ms exceeded.

    Error: page.waitForResponse: Test timeout of 45000ms exceeded.
    =========================== logs ===========================
    waiting for response "api/core/courses/*/students/artemis_test_user_1"
    ============================================================

       at support/pageobjects/course/CourseManagementPage.ts:81

      79 |      * */
      80 |     async addStudentToCourse(credentials: UserCredentials) {
    > 81 |         const responsePromise = this.page.waitForResponse(`api/core/courses/*/students/${credentials.username}`);
         |                                           ^
      82 |         await this.page.locator('#detail-value-artemisApp\\.course\\.studentGroupName').locator('a').click();
      83 |         await this.confirmUserIntoGroup(credentials);
      84 |         await responsePromise;
        at CourseManagementPage.addStudentToCourse (/Users/egekocabas/Desktop/thesis/new/Artemis/src/test/playwright/support/pageobjects/course/CourseManagementPage.ts:81:43)
        at /Users/egekocabas/Desktop/thesis/new/Artemis/src/test/playwright/e2e/course/CourseManagement.spec.ts:60:36

    Error: locator.click: Test timeout of 45000ms exceeded.
    Call log:
      - waiting for locator('.dropdown-item').filter({ hasText: '(artemis_test_user_1)' })


       at support/pageobjects/course/CourseManagementPage.ts:121

      119 |     private async confirmUserIntoGroup(credentials: UserCredentials) {
      120 |         await this.page.locator('#typeahead-basic').fill(credentials.username);
    > 121 |         await this.page.locator('.dropdown-item', { hasText: `(${credentials.username})` }).click();
          |                                                                                             ^
      122 |     }
      123 |
      124 |     /**
        at CourseManagementPage.confirmUserIntoGroup (/Users/egekocabas/Desktop/thesis/new/Artemis/src/test/playwright/support/pageobjects/course/CourseManagementPage.ts:121:93)
        at CourseManagementPage.addStudentToCourse (/Users/egekocabas/Desktop/thesis/new/Artemis/src/test/playwright/support/pageobjects/course/CourseManagementPage.ts:83:9)
        at /Users/egekocabas/Desktop/thesis/new/Artemis/src/test/playwright/e2e/course/CourseManagement.spec.ts:60:13]]>
      
    </failure>
  </testcase>
  <testcase name="getSubmittedComplaints_asStudent_forbidden()" classname="de.tum.cit.aet.artemis.assessment.AssessmentComplaintIntegrationTest" time="0.605"/>
  <testcase name="getComplaintsForAssessmentDashboard_testRun()" classname="de.tum.cit.aet.artemis.assessment.AssessmentComplaintIntegrationTest" time="0.507"/>
  <testcase name="getSubmittedComplaintsForFileUploadExercise()" classname="de.tum.cit.aet.artemis.assessment.AssessmentComplaintIntegrationTest" time="0.763"/>
  <testcase name="getSubmittedComplaintsForProgrammingExercise()" classname="de.tum.cit.aet.artemis.assessment.AssessmentComplaintIntegrationTest" time="0.767"/>
  <testcase name="submitComplaintResponse_rejectComplaint()" classname="de.tum.cit.aet.artemis.assessment.AssessmentComplaintIntegrationTest" time="0.478"/>
  <testcase name="submitComplaintForExerciseComplaintExceededTextLimit()" classname="de.tum.cit.aet.artemis.assessment.AssessmentComplaintIntegrationTest" time="0.404"/>
  <testcase name="submitComplaintAboutModelingAssessmentResultBeforeAssessmentDueDate()" classname="de.tum.cit.aet.artemis.assessment.AssessmentComplaintIntegrationTest" time="0.432"/>
  <testcase name="testGetComplaintsByCourseIdAndExamIdTutorIsNotTutorForCourse()" classname="de.tum.cit.aet.artemis.assessment.AssessmentComplaintIntegrationTest" time="0.368"/>
  <testcase name="getComplaintsByCourseId_tutor_sensitiveDataHidden()" classname="de.tum.cit.aet.artemis.assessment.AssessmentComplaintIntegrationTest" time="0.281"/>
  <testcase name="testGetComplaintsByCourseIdAndExamId()" classname="de.tum.cit.aet.artemis.assessment.AssessmentComplaintIntegrationTest" time="0.425"/>
  <testcase name="getComplaintByResultIdNoComplaintExists()" classname="de.tum.cit.aet.artemis.assessment.AssessmentComplaintIntegrationTest" time="0.264"/>
  <testcase name="submitComplaintResponseComplaintResponseTextLimitExceeded()" classname="de.tum.cit.aet.artemis.assessment.AssessmentComplaintIntegrationTest" time="0.241"/>
  <testcase name="getComplaintsForAssessmentDashboardTestRunTutorIsNotTutorForCourse()" classname="de.tum.cit.aet.artemis.assessment.AssessmentComplaintIntegrationTest" time="0.304"/>
  <testcase name="submitComplaintForExerciseComplaintNotExceededTextLimit()" classname="de.tum.cit.aet.artemis.assessment.AssessmentComplaintIntegrationTest" time="0.361"/>
  <testcase name="submitComplaintResponse_updateAssessment()" classname="de.tum.cit.aet.artemis.assessment.AssessmentComplaintIntegrationTest" time="0.558"/>
  <testcase name="submitComplaintAboutModelingAssessment_complaintLimitReached()" classname="de.tum.cit.aet.artemis.assessment.AssessmentComplaintIntegrationTest" time="0.23"/>
  <testcase name="submitComplaintResponseComplaintResponseTextLimitNotExceeded()" classname="de.tum.cit.aet.artemis.assessment.AssessmentComplaintIntegrationTest" time="0.337"/>
  <testcase name="submitComplaintForExam_courseComplaintsDisabled_notExceededTextLimit()" classname="de.tum.cit.aet.artemis.assessment.AssessmentComplaintIntegrationTest" time="0.363"/>
  <testcase name="submitComplaintForExamExerciseWithinStudentReviewTime()" classname="de.tum.cit.aet.artemis.assessment.AssessmentComplaintIntegrationTest" time="0.403"/>
  <testcase name="submitComplaintAboutModellingAssessment_complaintLimitNotReached()" classname="de.tum.cit.aet.artemis.assessment.AssessmentComplaintIntegrationTest" time="0.436"/>
  <testcase name="getComplaintByResultid_tutor_sensitiveDataHidden()" classname="de.tum.cit.aet.artemis.assessment.AssessmentComplaintIntegrationTest" time="0.296"/>
  <testcase name="submitComplaintAboutModelingAssessment_assessmentTooOld()" classname="de.tum.cit.aet.artemis.assessment.AssessmentComplaintIntegrationTest" time="0.323"/>
  <testcase name="getComplaintsForAssessmentDashboardTutorIsNotTutorForCourse()" classname="de.tum.cit.aet.artemis.assessment.AssessmentComplaintIntegrationTest" time="0.291"/>
  <testcase name="getComplaintsByCourseId_tutor_allComplaintsForTutor()" classname="de.tum.cit.aet.artemis.assessment.AssessmentComplaintIntegrationTest" time="0.289"/>
  <testcase name="submitComplaintForCourseExerciseUsingTheExamExerciseCall_badRequest()" classname="de.tum.cit.aet.artemis.assessment.AssessmentComplaintIntegrationTest" time="0.254"/>
  <testcase name="submitComplaintResponse_examExercise()" classname="de.tum.cit.aet.artemis.assessment.AssessmentComplaintIntegrationTest" time="0.446"/>
  <testcase name="submitComplaintForExamExerciseUsingTheCourseExerciseCall_badRequest()" classname="de.tum.cit.aet.artemis.assessment.AssessmentComplaintIntegrationTest" time="0.368"/>
  <testcase name="getSubmittedComplaints_byComplaintType()" classname="de.tum.cit.aet.artemis.assessment.AssessmentComplaintIntegrationTest" time="0.306"/>
  <testcase name="getComplaintByResultId_studentAndNotOwner_forbidden()" classname="de.tum.cit.aet.artemis.assessment.AssessmentComplaintIntegrationTest" time="0.183"/>
  <testcase name="submitComplaintForExam_courseComplaintsDisabled_exceededTextLimit()" classname="de.tum.cit.aet.artemis.assessment.AssessmentComplaintIntegrationTest" time="0.227"/>
  <testcase name="getComplaintsByCourseIdTutorIsNotTutorForCourse()" classname="de.tum.cit.aet.artemis.assessment.AssessmentComplaintIntegrationTest" time="0.183"/>
  <testcase name="getComplaintByResultId_assessorHiddenForStudent()" classname="de.tum.cit.aet.artemis.assessment.AssessmentComplaintIntegrationTest" time="0.17"/>
  <testcase name="getComplaintsByExerciseIdTutorIsNotTutorForCourse()" classname="de.tum.cit.aet.artemis.assessment.AssessmentComplaintIntegrationTest" time="0.13"/>
  <testcase name="submitComplaintAboutModelingAssessmentResultBeforeDueDate()" classname="de.tum.cit.aet.artemis.assessment.AssessmentComplaintIntegrationTest" time="0.131"/>
  <testcase name="submitComplaintForExamExerciseOutsideOfStudentReviewTime_badRequest()" classname="de.tum.cit.aet.artemis.assessment.AssessmentComplaintIntegrationTest" time="0.256"/>
  <testcase name="getComplaintByResultid_student_sensitiveDataHidden()" classname="de.tum.cit.aet.artemis.assessment.AssessmentComplaintIntegrationTest" time="0.132"/>
  <testcase name="getComplaintsForAssessmentDashboard_testRun_emptyComplaints()" classname="de.tum.cit.aet.artemis.assessment.AssessmentComplaintIntegrationTest" time="0.215"/>
  <testcase name="getNumberOfAllowedComplaintsInCourseComplaintsDisabled()" classname="de.tum.cit.aet.artemis.assessment.AssessmentComplaintIntegrationTest" time="0.128"/>
  <testcase name="submitComplaintForExam_courseComplaintsEnabled_exceededCourseLimit_success()" classname="de.tum.cit.aet.artemis.assessment.AssessmentComplaintIntegrationTest" time="0.253"/>
  <testcase name="submitComplaintAboutModelingAssessment_validDueDate()" classname="de.tum.cit.aet.artemis.assessment.AssessmentComplaintIntegrationTest" time="0.152"/>
  <testcase name="getComplaintByResultid_instructor_sensitiveDataHidden()" classname="de.tum.cit.aet.artemis.assessment.AssessmentComplaintIntegrationTest" time="0.2"/>
  <testcase name="getNumberOfAllowedComplaintsInCourseTeamMode()" classname="de.tum.cit.aet.artemis.assessment.AssessmentComplaintIntegrationTest" time="0.13"/>
  <testcase name="requestMoreFeedbackAboutModelingAssessment_noLimit()" classname="de.tum.cit.aet.artemis.assessment.AssessmentComplaintIntegrationTest" time="0.154"/>
  <testcase name="submitComplaintAboutModelingAssessmentResultAfterAssessmentDueDate()" classname="de.tum.cit.aet.artemis.assessment.AssessmentComplaintIntegrationTest" time="0.228"/>
  <testcase name="getComplaintsForAssessmentDashboard_sameTutorAsAssessor_studentInfoHidden()" classname="de.tum.cit.aet.artemis.assessment.AssessmentComplaintIntegrationTest" time="0.126"/>
  <system-out><![CDATA[23:38:40,339 |-INFO in ch.qos.logback.classic.LoggerContext[default] - This is logback-classic version 1.5.16
23:38:40,341 |-INFO in ch.qos.logback.classic.util.ContextInitializer@11e0c22 - Here is a list of configurators discovered as a service, by rank: 
23:38:40,341 |-INFO in ch.qos.logback.classic.util.ContextInitializer@11e0c22 -   org.springframework.boot.logging.logback.RootLogLevelConfigurator
23:38:40,341 |-INFO in ch.qos.logback.classic.util.ContextInitializer@11e0c22 - They will be invoked in order until ExecutionStatus.DO_NOT_INVOKE_NEXT_IF_ANY is returned.
23:38:40,341 |-INFO in ch.qos.logback.classic.util.ContextInitializer@11e0c22 - Constructed configurator of type class org.springframework.boot.logging.logback.RootLogLevelConfigurator
23:38:40,347 |-INFO in ch.qos.logback.classic.util.ContextInitializer@11e0c22 - org.springframework.boot.logging.logback.RootLogLevelConfigurator.configure() call lasted 0 milliseconds. ExecutionStatus=INVOKE_NEXT_IF_ANY
23:38:40,347 |-INFO in ch.qos.logback.classic.util.ContextInitializer@11e0c22 - Trying to configure with ch.qos.logback.classic.joran.SerializedModelConfigurator
23:38:40,348 |-INFO in ch.qos.logback.classic.util.ContextInitializer@11e0c22 - Constructed configurator of type class ch.qos.logback.classic.joran.SerializedModelConfigurator
23:38:40,348 |-INFO in ch.qos.logback.classic.LoggerContext[default] - Could NOT find resource [logback-test.scmo]
23:38:40,349 |-INFO in ch.qos.logback.classic.LoggerContext[default] - Could NOT find resource [logback.scmo]
23:38:40,349 |-INFO in ch.qos.logback.classic.util.ContextInitializer@11e0c22 - ch.qos.logback.classic.joran.SerializedModelConfigurator.configure() call lasted 1 milliseconds. ExecutionStatus=INVOKE_NEXT_IF_ANY
23:38:40,349 |-INFO in ch.qos.logback.classic.util.ContextInitializer@11e0c22 - Trying to configure with ch.qos.logback.classic.util.DefaultJoranConfigurator
23:38:40,350 |-INFO in ch.qos.logback.classic.util.ContextInitializer@11e0c22 - Constructed configurator of type class ch.qos.logback.classic.util.DefaultJoranConfigurator
23:38:40,350 |-INFO in ch.qos.logback.classic.LoggerContext[default] - Could NOT find resource [logback-test.xml]
23:38:40,352 |-INFO in ch.qos.logback.classic.LoggerContext[default] - Found resource [logback.xml] at [file:/home/runner/work/Artemis/Artemis/build/resources/test/logback.xml]
23:38:40,424 |-WARN in ch.qos.logback.core.joran.action.ConversionRuleAction - [converterClass] attribute is deprecated and replaced by [class]. See element [conversionRule] near line 7
23:38:40,478 |-INFO in ch.qos.logback.core.joran.util.ConfigurationWatchListUtil@2a5ca9c - Adding [jar:file:/home/runner/.gradle/caches/modules-2/files-2.1/org.springframework.boot/spring-boot/3.4.2/b2514201ba6b838bd638a51619515501c5baefea/spring-boot-3.4.2.jar!/org/springframework/boot/logging/logback/defaults.xml] to configuration watch list.
23:38:40,478 |-INFO in ConfigurationWatchList(mainURL=file:/home/runner/work/Artemis/Artemis/build/resources/test/logback.xml, fileWatchList={/home/runner/work/Artemis/Artemis/build/resources/test/logback.xml}, urlWatchList=[}) - Cannot watch [jar:file:/home/runner/.gradle/caches/modules-2/files-2.1/org.springframework.boot/spring-boot/3.4.2/b2514201ba6b838bd638a51619515501c5baefea/spring-boot-3.4.2.jar!/org/springframework/boot/logging/logback/defaults.xml] as its protocol is not one of file, http or https.
23:38:40,489 |-INFO in ch.qos.logback.core.model.processor.ConversionRuleModelHandler - registering conversion word applicationName with class [org.springframework.boot.logging.logback.ApplicationNameConverter]
23:38:40,489 |-INFO in ch.qos.logback.core.model.processor.ConversionRuleModelHandler - registering conversion word clr with class [org.springframework.boot.logging.logback.ColorConverter]
23:38:40,489 |-INFO in ch.qos.logback.core.model.processor.ConversionRuleModelHandler - registering conversion word correlationId with class [org.springframework.boot.logging.logback.CorrelationIdConverter]
23:38:40,489 |-INFO in ch.qos.logback.core.model.processor.ConversionRuleModelHandler - registering conversion word esb with class [org.springframework.boot.logging.logback.EnclosedInSquareBracketsConverter]
23:38:40,490 |-INFO in ch.qos.logback.core.model.processor.ConversionRuleModelHandler - registering conversion word wex with class [org.springframework.boot.logging.logback.WhitespaceThrowableProxyConverter]
23:38:40,490 |-INFO in ch.qos.logback.core.model.processor.ConversionRuleModelHandler - registering conversion word wEx with class [org.springframework.boot.logging.logback.ExtendedWhitespaceThrowableProxyConverter]
23:38:40,494 |-INFO in ch.qos.logback.core.model.processor.ModelInterpretationContext@41f41d7a - value "%clr(%d{yyyy-MM-dd'T'HH:mm:ss.SSSXXX}){faint} %clr(%5p){} %clr(){magenta} %clr(--- %esb(){APPLICATION_NAME}%esb{APPLICATION_GROUP}[%15.15t] ){faint}%clr(%-40.40logger{39}){cyan} %clr(:){faint} %m%n%wEx" substituted for "${CONSOLE_LOG_PATTERN:-%clr(%d{${LOG_DATEFORMAT_PATTERN:-yyyy-MM-dd'T'HH:mm:ss.SSSXXX}}){faint} %clr(${LOG_LEVEL_PATTERN:-%5p}){} %clr(${PID:-}){magenta} %clr(--- %esb(){APPLICATION_NAME}%esb{APPLICATION_GROUP}[%15.15t] ${LOG_CORRELATION_PATTERN:-}){faint}%clr(%-40.40logger{39}){cyan} %clr(:){faint} %m%n${LOG_EXCEPTION_CONVERSION_WORD:-%wEx}}"
23:38:40,494 |-INFO in ch.qos.logback.core.model.processor.ModelInterpretationContext@41f41d7a - value "UTF-8" substituted for "${CONSOLE_LOG_CHARSET:-${file.encoding:-UTF-8}}"
23:38:40,494 |-INFO in ch.qos.logback.core.model.processor.ModelInterpretationContext@41f41d7a - value "TRACE" substituted for "${CONSOLE_LOG_THRESHOLD:-TRACE}"
23:38:40,494 |-INFO in ch.qos.logback.core.model.processor.ModelInterpretationContext@41f41d7a - value "" substituted for "${CONSOLE_LOG_STRUCTURED_FORMAT:-}"
23:38:40,495 |-INFO in ch.qos.logback.core.model.processor.ModelInterpretationContext@41f41d7a - value "%d{yyyy-MM-dd'T'HH:mm:ss.SSSXXX} %5p  --- %esb(){APPLICATION_NAME}%esb{APPLICATION_GROUP}[%t] %-40.40logger{39} : %m%n%wEx" substituted for "${FILE_LOG_PATTERN:-%d{${LOG_DATEFORMAT_PATTERN:-yyyy-MM-dd'T'HH:mm:ss.SSSXXX}} ${LOG_LEVEL_PATTERN:-%5p} ${PID:-} --- %esb(){APPLICATION_NAME}%esb{APPLICATION_GROUP}[%t] ${LOG_CORRELATION_PATTERN:-}%-40.40logger{39} : %m%n${LOG_EXCEPTION_CONVERSION_WORD:-%wEx}}"
23:38:40,495 |-INFO in ch.qos.logback.core.model.processor.ModelInterpretationContext@41f41d7a - value "UTF-8" substituted for "${FILE_LOG_CHARSET:-${file.encoding:-UTF-8}}"
23:38:40,495 |-INFO in ch.qos.logback.core.model.processor.ModelInterpretationContext@41f41d7a - value "TRACE" substituted for "${FILE_LOG_THRESHOLD:-TRACE}"
23:38:40,495 |-INFO in ch.qos.logback.core.model.processor.ModelInterpretationContext@41f41d7a - value "" substituted for "${FILE_LOG_STRUCTURED_FORMAT:-}"
23:38:40,496 |-INFO in ch.qos.logback.core.model.processor.ConversionRuleModelHandler - registering conversion word threadId with class [de.tum.cit.aet.artemis.core.util.junit_parallel_logging.ThreadIdConverter]
23:38:40,499 |-INFO in ch.qos.logback.classic.model.processor.ConfigurationModelHandlerFull - Registering a new ReconfigureOnChangeTask ReconfigureOnChangeTask(born:1739576320498)
23:38:40,500 |-INFO in ch.qos.logback.classic.model.processor.ConfigurationModelHandlerFull - No 'scanPeriod' specified. Defaulting to 1 minutes
23:38:40,502 |-INFO in ch.qos.logback.classic.model.processor.ConfigurationModelHandlerFull - Will scan for changes in [ConfigurationWatchList(mainURL=file:/home/runner/work/Artemis/Artemis/build/resources/test/logback.xml, fileWatchList={/home/runner/work/Artemis/Artemis/build/resources/test/logback.xml}, urlWatchList=[})] 
23:38:40,503 |-INFO in ch.qos.logback.classic.model.processor.ConfigurationModelHandlerFull - Setting ReconfigureOnChangeTask scanning period to 1 minutes
23:38:40,506 |-INFO in ch.qos.logback.classic.model.processor.LoggerModelHandler - Setting level of logger [org.apache.catalina.startup.DigesterFactory] to ERROR
23:38:40,506 |-INFO in ch.qos.logback.classic.model.processor.LoggerModelHandler - Setting level of logger [org.apache.catalina.util.LifecycleBase] to ERROR
23:38:40,506 |-INFO in ch.qos.logback.classic.model.processor.LoggerModelHandler - Setting level of logger [org.apache.coyote.http11.Http11NioProtocol] to WARN
23:38:40,506 |-INFO in ch.qos.logback.classic.model.processor.LoggerModelHandler - Setting level of logger [org.apache.sshd.common.util.SecurityUtils] to WARN
23:38:40,507 |-INFO in ch.qos.logback.classic.model.processor.LoggerModelHandler - Setting level of logger [org.apache.tomcat.util.net.NioSelectorPool] to WARN
23:38:40,507 |-INFO in ch.qos.logback.classic.model.processor.LoggerModelHandler - Setting level of logger [org.eclipse.jetty.util.component.AbstractLifeCycle] to ERROR
23:38:40,507 |-INFO in ch.qos.logback.classic.model.processor.LoggerModelHandler - Setting level of logger [org.hibernate.validator.internal.util.Version] to WARN
23:38:40,507 |-INFO in ch.qos.logback.classic.model.processor.LoggerModelHandler - Setting level of logger [org.springframework.boot.actuate.endpoint.jmx] to WARN
23:38:40,507 |-INFO in ch.qos.logback.core.model.processor.AppenderModelHandler - Processing appender named [ParallelConsoleAppender]
23:38:40,507 |-INFO in ch.qos.logback.core.model.processor.AppenderModelHandler - About to instantiate appender of type [de.tum.cit.aet.artemis.core.util.junit_parallel_logging.ParallelConsoleAppender]
23:38:40,516 |-INFO in ch.qos.logback.core.model.processor.ImplicitModelHandler - Assuming default type [ch.qos.logback.classic.encoder.PatternLayoutEncoder] for [encoder] property
23:38:40,559 |-INFO in ch.qos.logback.classic.model.processor.LoggerModelHandler - Setting level of logger [de.tum.cit.aet.artemis] to INFO
23:38:40,559 |-INFO in ch.qos.logback.classic.model.processor.LoggerModelHandler - Setting level of logger [tech.jhipster] to WARN
23:38:40,559 |-INFO in ch.qos.logback.classic.model.processor.LoggerModelHandler - Setting level of logger [javax.activation] to WARN
23:38:40,559 |-INFO in ch.qos.logback.classic.model.processor.LoggerModelHandler - Setting level of logger [javax.mail] to WARN
23:38:40,559 |-INFO in ch.qos.logback.classic.model.processor.LoggerModelHandler - Setting level of logger [javax.xml.bind] to WARN
23:38:40,559 |-INFO in ch.qos.logback.classic.model.processor.LoggerModelHandler - Setting level of logger [ch.qos.logback] to WARN
23:38:40,559 |-INFO in ch.qos.logback.classic.model.processor.LoggerModelHandler - Setting level of logger [com.codahale.metrics] to WARN
23:38:40,559 |-INFO in ch.qos.logback.classic.model.processor.LoggerModelHandler - Setting level of logger [com.ryantenney] to WARN
23:38:40,559 |-INFO in ch.qos.logback.classic.model.processor.LoggerModelHandler - Setting level of logger [com.sun] to WARN
23:38:40,559 |-INFO in ch.qos.logback.classic.model.processor.LoggerModelHandler - Setting level of logger [com.zaxxer] to WARN
23:38:40,559 |-INFO in ch.qos.logback.classic.model.processor.LoggerModelHandler - Setting level of logger [com.github.dockerjava] to WARN
23:38:40,559 |-INFO in ch.qos.logback.classic.model.processor.LoggerModelHandler - Setting level of logger [org.apache] to WARN
23:38:40,559 |-INFO in ch.qos.logback.classic.model.processor.LoggerModelHandler - Setting level of logger [org.apache.catalina.startup.DigesterFactory] to OFF
23:38:40,559 |-INFO in ch.qos.logback.classic.model.processor.LoggerModelHandler - Setting level of logger [org.bson] to WARN
23:38:40,559 |-INFO in ch.qos.logback.classic.model.processor.LoggerModelHandler - Setting level of logger [org.hibernate.validator] to WARN
23:38:40,559 |-INFO in ch.qos.logback.classic.model.processor.LoggerModelHandler - Setting level of logger [org.hibernate] to WARN
23:38:40,559 |-INFO in ch.qos.logback.classic.model.processor.LoggerModelHandler - Setting level of logger [org.hibernate.ejb.HibernatePersistence] to OFF
23:38:40,559 |-INFO in ch.qos.logback.classic.model.processor.LoggerModelHandler - Setting level of logger [org.springframework] to WARN
23:38:40,559 |-INFO in ch.qos.logback.classic.model.processor.LoggerModelHandler - Setting level of logger [org.springframework.web] to WARN
23:38:40,560 |-INFO in ch.qos.logback.classic.model.processor.LoggerModelHandler - Setting level of logger [org.springframework.security] to WARN
23:38:40,560 |-INFO in ch.qos.logback.classic.model.processor.LoggerModelHandler - Setting level of logger [org.springframework.cache] to WARN
23:38:40,560 |-INFO in ch.qos.logback.classic.model.processor.LoggerModelHandler - Setting level of logger [org.thymeleaf] to WARN
23:38:40,560 |-INFO in ch.qos.logback.classic.model.processor.LoggerModelHandler - Setting level of logger [org.xnio] to WARN
23:38:40,560 |-INFO in ch.qos.logback.classic.model.processor.LoggerModelHandler - Setting level of logger [springfox] to WARN
23:38:40,560 |-INFO in ch.qos.logback.classic.model.processor.LoggerModelHandler - Setting level of logger [sun.rmi] to WARN
23:38:40,560 |-INFO in ch.qos.logback.classic.model.processor.LoggerModelHandler - Setting level of logger [liquibase] to WARN
23:38:40,560 |-INFO in ch.qos.logback.classic.model.processor.LoggerModelHandler - Setting level of logger [LiquibaseSchemaResolver] to INFO
23:38:40,560 |-INFO in ch.qos.logback.classic.model.processor.LoggerModelHandler - Setting level of logger [sun.rmi.transport] to WARN
23:38:40,560 |-INFO in ch.qos.logback.classic.model.processor.RootLoggerModelHandler - Setting level of ROOT logger to WARN
23:38:40,560 |-INFO in ch.qos.logback.core.model.processor.AppenderRefModelHandler - Attaching appender named [ParallelConsoleAppender] to Logger[ROOT]
23:38:40,561 |-INFO in ch.qos.logback.core.model.processor.DefaultProcessor@3390605e - End of configuration.
23:38:40,562 |-INFO in ch.qos.logback.classic.joran.JoranConfigurator@421e0512 - Registering current configuration as safe fallback point
23:38:40,562 |-INFO in ch.qos.logback.classic.util.ContextInitializer@11e0c22 - ch.qos.logback.classic.util.DefaultJoranConfigurator.configure() call lasted 212 milliseconds. ExecutionStatus=DO_NOT_INVOKE_NEXT_IF_ANY


Starting logs for AssessmentComplaintIntegrationTest
    23:41:22.763 |  28 nPool-1-worker-2 | INFO  | a.AssessmentComplaintIntegrationTest : Starting AssessmentComplaintIntegrationTest using Java 21.0.6 with PID 2037 (started by runner in /home/runner/work/Artemis/Artemis)
    23:41:22.763 |  28 nPool-1-worker-2 | DEBUG | a.AssessmentComplaintIntegrationTest : Running with Spring Boot v3.4.2, Spring v6.2.2
    23:41:22.763 |  28 nPool-1-worker-2 | INFO  | a.AssessmentComplaintIntegrationTest : The following 10 profiles are active: "test", "artemis", "core", "scheduling", "athena", "apollon", "iris", "aeolus", "theia", "lti"
    23:41:23.686 |  28 nPool-1-worker-2 | INFO  | ddedDatabaseContextCustomizerFactory : Replacing 'dataSource' DataSource bean with embedded version
    23:41:23.770 |  28 nPool-1-worker-2 | WARN  | ionDelegate$BeanPostProcessorChecker : Bean 'io.zonky.test.db.config.EmbeddedDatabaseAutoConfiguration' of type [io.zonky.test.db.config.EmbeddedDatabaseAutoConfiguration$$SpringCGLIB$$0] is not eligible for getting processed by all BeanPostProcessors (for example: not eligible for auto-proxying). The currently created BeanPostProcessor [flywayPropertiesPostProcessor] is declared through a non-static factory method on that class; consider declaring it as static instead.
    23:41:23.919 |  28 nPool-1-worker-2 | DEBUG | d.t.c.a.a.c.c.AsyncConfiguration     : Creating Async Task Executor
    23:41:23.947 |  28 nPool-1-worker-2 | INFO  | d.t.c.a.a.c.c.LiquibaseConfiguration : Liquibase is enabled
    23:41:24.230 |  28 nPool-1-worker-2 | DEBUG | d.t.c.a.a.c.c.CacheConfiguration     : Configuring Hazelcast
    23:41:24.231 |  28 nPool-1-worker-2 | INFO  | d.t.c.a.a.c.c.CacheConfiguration     : No discovery service is set up, Hazelcast cannot create a multi-node cluster.
    23:41:24.231 |  28 nPool-1-worker-2 | DEBUG | d.t.c.a.a.c.c.CacheConfiguration     : Binding Hazelcast to interface 127.0.0.1
    23:41:24.232 |  28 nPool-1-worker-2 | INFO  | c.hazelcast.instance.AddressPicker   : [LOCAL] [dev] [5.5.0] Using public address: [127.0.0.1]:5704
    23:41:24.235 |  28 nPool-1-worker-2 | INFO  | com.hazelcast.system.logo            : [127.0.0.1]:5704 [dev] [5.5.0] 
    o    o     o     o---o   o--o o      o---o     o     o----o o--o--o
    |    |    / \       /         |     /         / \    |         |
    o----o       o     o   o----o |    o             o   o----o    |
    |    |  *     \   /           |     \       *     \       |    |
    o    o *       o o---o   o--o o----o o---o *       o o----o    o

    23:41:24.235 |  28 nPool-1-worker-2 | INFO  | com.hazelcast.system                 : [127.0.0.1]:5704 [dev] [5.5.0] Copyright (c) 2008-2024, Hazelcast, Inc. All Rights Reserved.
    23:41:24.235 |  28 nPool-1-worker-2 | INFO  | com.hazelcast.system                 : [127.0.0.1]:5704 [dev] [5.5.0] Hazelcast Platform 5.5.0 (20240725) starting at [127.0.0.1]:5704
    23:41:24.235 |  28 nPool-1-worker-2 | INFO  | com.hazelcast.system                 : [127.0.0.1]:5704 [dev] [5.5.0] Cluster name: dev
    23:41:24.235 |  28 nPool-1-worker-2 | INFO  | com.hazelcast.system                 : [127.0.0.1]:5704 [dev] [5.5.0] Integrity Checker is disabled. Fail-fast on corrupted executables will not be performed. For more information, see the documentation for Integrity Checker.
    23:41:24.235 |  28 nPool-1-worker-2 | INFO  | com.hazelcast.system                 : [127.0.0.1]:5704 [dev] [5.5.0] The Jet engine is disabled.
To enable the Jet engine on the members, do one of the following:
  - Change member config using Java API: config.getJetConfig().setEnabled(true)
  - Change XML/YAML configuration property: Set hazelcast.jet.enabled to true
  - Add system property: -Dhz.jet.enabled=true (for Hazelcast embedded, works only when loading config via Config.load)
  - Add environment variable: HZ_JET_ENABLED=true (recommended when running container image. For Hazelcast embedded, works only when loading config via Config.load)
    23:41:24.253 |  28 nPool-1-worker-2 | INFO  | com.hazelcast.system.security        : [127.0.0.1]:5704 [dev] [5.5.0] Enable DEBUG/FINE log level for log category com.hazelcast.system.security  or use -Dhazelcast.security.recommendations system property to see ]]>&#x1f512;<![CDATA[ security recommendations and the status of current config.
    23:41:24.254 |  28 nPool-1-worker-2 | INFO  | com.hazelcast.instance.impl.Node     : [127.0.0.1]:5704 [dev] [5.5.0] Using TCP/IP discovery
    23:41:24.286 |  28 nPool-1-worker-2 | INFO  | c.h.internal.diagnostics.Diagnostics : [127.0.0.1]:5704 [dev] [5.5.0] Diagnostics disabled. To enable add -Dhazelcast.diagnostics.enabled=true to the JVM arguments.
    23:41:24.287 |  28 nPool-1-worker-2 | INFO  | com.hazelcast.core.LifecycleService  : [127.0.0.1]:5704 [dev] [5.5.0] [127.0.0.1]:5704 is STARTING
    23:41:24.309 |  28 nPool-1-worker-2 | INFO  | c.h.internal.cluster.ClusterService  : [127.0.0.1]:5704 [dev] [5.5.0] 

Members {size:1, ver:1} [
	Member [127.0.0.1]:5704 - daa36665-5afd-4530-bf9d-f7640b242447 this
]

    23:41:24.309 |  28 nPool-1-worker-2 | WARN  | com.hazelcast.instance.impl.Node     : [127.0.0.1]:5704 [dev] [5.5.0] Config seed port is 5701 and cluster size is 1. Some of the ports seem occupied!
    23:41:24.310 |  28 nPool-1-worker-2 | INFO  | com.hazelcast.core.LifecycleService  : [127.0.0.1]:5704 [dev] [5.5.0] [127.0.0.1]:5704 is STARTED
    23:41:24.311 | 641 nt.HealthMonitor | INFO  | c.h.i.diagnostics.HealthMonitor      : [127.0.0.1]:5704 [dev] [5.5.0] The HealthMonitor has detected a high load on the system. For more detailed information,
enable Diagnostics by adding the property -Dhazelcast.diagnostics.enabled=true
    23:41:24.312 | 641 nt.HealthMonitor | INFO  | c.h.i.diagnostics.HealthMonitor      : [127.0.0.1]:5704 [dev] [5.5.0] processors=4, physical.memory.total=15.6G, physical.memory.free=3.5G, swap.space.total=0, swap.space.free=0, heap.memory.used=1.7G, heap.memory.free=1.0G, heap.memory.total=2.7G, heap.memory.max=6.0G, heap.memory.used/total=61.91%, heap.memory.used/max=27.61%, minor.gc.count=75, minor.gc.time=4583ms, major.gc.count=0, major.gc.time=0ms, unknown.gc.count=34, unknown.gc.time=450ms, load.process=0.00%, load.system=93.75%, load.systemAverage=3.51, thread.count=452, thread.peakCount=452, cluster.timeDiff=0, event.q.size=0, executor.q.async.size=0, executor.q.client.size=0, executor.q.client.query.size=0, executor.q.client.blocking.size=0, executor.q.query.size=0, executor.q.scheduled.size=0, executor.q.io.size=0, executor.q.system.size=0, executor.q.operations.size=0, executor.q.priorityOperation.size=0, operations.completed.count=0, executor.q.mapLoad.size=0, executor.q.mapLoadAllKeys.size=0, executor.q.cluster.size=0, executor.q.response.size=0, operations.running.count=0, operations.pending.invocations.percentage=0.00%, operations.pending.invocations.count=0, proxy.count=0, clientEndpoint.count=0, connection.active.count=0, client.connection.count=0, connection.count=0
    23:41:24.517 |  28 nPool-1-worker-2 | WARN  | org.hibernate.orm.deprecation        : HHH90000025: H2Dialect does not need to be specified explicitly using 'hibernate.dialect' (remove the property setting and it will be selected by default)
    23:41:24.717 |  28 nPool-1-worker-2 | WARN  | o.h.boot.model.internal.EntityBinder : HHH000457: Joined inheritance hierarchy [de.tum.cit.aet.artemis.iris.domain.message.IrisMessageContent] defined explicit @DiscriminatorColumn.  Legacy Hibernate behavior was to ignore the @DiscriminatorColumn.  However, as part of issue HHH-6911 we now apply the explicit @DiscriminatorColumn.  If you would prefer the legacy behavior, enable the `hibernate.discriminator.ignore_explicit_for_joined` setting (hibernate.discriminator.ignore_explicit_for_joined=true)
    23:41:25.147 |  28 nPool-1-worker-2 | INFO  | h.h.HazelcastLocalCacheRegionFactory : Starting up HazelcastLocalCacheRegionFactory
    23:41:25.147 |  28 nPool-1-worker-2 | INFO  | c.h.h.i.IHazelcastInstanceFactory    : Using existing HazelcastInstance [Artemis_independent].
    23:41:32.121 |  28 nPool-1-worker-2 | DEBUG | d.t.c.a.a.p.s.AbstractGitService     : file.encoding=UTF-8
    23:41:32.121 |  28 nPool-1-worker-2 | DEBUG | d.t.c.a.a.p.s.AbstractGitService     : sun.jnu.encoding=UTF-8
    23:41:32.121 |  28 nPool-1-worker-2 | DEBUG | d.t.c.a.a.p.s.AbstractGitService     : Default Charset=UTF-8
    23:41:32.121 |  28 nPool-1-worker-2 | DEBUG | d.t.c.a.a.p.s.AbstractGitService     : Default Charset in Use=UTF8
    23:41:32.122 |  28 nPool-1-worker-2 | INFO  | d.t.c.a.a.p.service.GitService       : GitService will use username + token as authentication method to interact with remote git repositories
    23:41:32.324 |  28 nPool-1-worker-2 | DEBUG | d.t.c.a.a.c.c.CacheConfiguration     : Starting HazelcastCacheManager
    23:41:32.452 |  28 nPool-1-worker-2 | DEBUG | d.t.c.a.a.c.s.jwt.TokenProvider      : Using a Base64-encoded JWT secret key
    23:41:33.433 |  28 nPool-1-worker-2 | DEBUG | .a.a.c.c.TaskSchedulingConfiguration : Creating Task Scheduler 
    23:41:33.565 |  28 nPool-1-worker-2 | DEBUG | t.c.a.a.c.c.w.WebsocketConfiguration : Did NOT enable StompBrokerRelay for WebSocket messages
    23:41:35.643 |  28 nPool-1-worker-2 | DEBUG | d.t.c.a.a.core.config.WebConfigurer  : Registering CORS filter
    23:41:40.275 |  28 nPool-1-worker-2 | DEBUG | c.c.ProgrammingLanguageConfiguration : Set Docker flags to [DockerFlag[flag=--cpus, value=2], DockerFlag[flag=--memory, value=2g], DockerFlag[flag=--memory-swap, value=2g], DockerFlag[flag=--pids-limit, value=1000]]
    23:41:40.289 |  28 nPool-1-worker-2 | DEBUG | c.c.ProgrammingLanguageConfiguration : Loaded Docker image configuration: {EMPTY={PLAIN=~~invalid~~}, JAVA={PLAIN=~~invalid~~}, PYTHON={PLAIN=~~invalid~~}, C={PLAIN=~~invalid~~}, HASKELL={PLAIN=~~invalid~~}, KOTLIN={PLAIN=~~invalid~~}, VHDL={PLAIN=~~invalid~~}, ASSEMBLER={PLAIN=~~invalid~~}, SWIFT={PLAIN=~~invalid~~}, OCAML={PLAIN=~~invalid~~}, JAVASCRIPT={PLAIN=~~invalid~~}, C_SHARP={PLAIN=~~invalid~~}, C_PLUS_PLUS={PLAIN=~~invalid~~}, R={PLAIN=~~invalid~~}, TYPESCRIPT={PLAIN=~~invalid~~}, RUST={PLAIN=~~invalid~~}, GO={PLAIN=~~invalid~~}, MATLAB={PLAIN=~~invalid~~}, BASH={PLAIN=~~invalid~~}, RUBY={PLAIN=~~invalid~~}}
    23:41:43.101 |  28 nPool-1-worker-2 | WARN  | itializeUserDetailsManagerConfigurer : Global AuthenticationManager configured with an AuthenticationProvider bean. UserDetailsService beans will not be used by Spring Security for automatically configuring username/password login. Consider removing the AuthenticationProvider bean. Alternatively, consider using the UserDetailsService in a manually instantiated DaoAuthenticationProvider. If the current configuration is intentional, to turn off this warning, increase the logging level of 'org.springframework.security.config.annotation.authentication.configuration.InitializeUserDetailsBeanManagerConfigurer' to ERROR
    23:41:44.390 |  28 nPool-1-worker-2 | DEBUG | .c.a.a.c.c.EurekaClientConfiguration : Using RestClient for the Eureka client.
    23:41:45.058 |  28 nPool-1-worker-2 | INFO  | c.h.i.p.i.PartitionStateManagerImpl  : [127.0.0.1]:5704 [dev] [5.5.0] Initializing cluster partition table arrangement...
    23:41:45.585 |  28 nPool-1-worker-2 | WARN  | ation$LoadBalancerCaffeineWarnLogger : Spring Cloud LoadBalancer is currently working with the default cache. While this cache implementation is useful for development and tests, it's recommended to use Caffeine cache in production.You can switch to using Caffeine cache, by adding it and org.springframework.cache.caffeine.CaffeineCacheManager to the classpath.
    23:41:45.658 |  28 nPool-1-worker-2 | INFO  | a.AssessmentComplaintIntegrationTest : Started AssessmentComplaintIntegrationTest in 22.962 seconds (process running for 188.953)
    23:41:45.665 |  28 nPool-1-worker-2 | DEBUG | d.t.c.a.a.core.config.MetricsBean    : calculateCachedActiveUserLogins took 6ms
    23:41:45.665 |  28 nPool-1-worker-2 | DEBUG | .c.a.a.c.s.TitleCacheEvictionService : Registered Hibernate listeners
    23:41:45.671 |  28 nPool-1-worker-2 | INFO  | d.t.c.a.a.c.service.user.UserService : Create internal admin user artemis_admin
    23:41:45.679 |  28 nPool-1-worker-2 | DEBUG | d.t.c.a.a.c.s.u.UserCreationService  : Save user User{login='artemis_admin', firstName='Administrator', lastName='Administrator', email='admin@localhost', imageUrl='null', activated='true', langKey='en', activationKey='null'}
    23:41:45.707 |  28 nPool-1-worker-2 | DEBUG | d.t.c.a.a.c.s.u.UserCreationService  : Created Information for User: User{login='artemis_admin', firstName='Administrator', lastName='Administrator', email='admin@localhost', imageUrl='null', activated='true', langKey='en', activationKey='null'}
    23:41:45.723 |  28 nPool-1-worker-2 | DEBUG | d.t.c.a.a.p.service.PlantUmlService  : Storing UML theme to temporary directory
    23:41:45.724 |  28 nPool-1-worker-2 | DEBUG | d.t.c.a.a.p.service.PlantUmlService  : UML theme stored successfully to /tmp/artemis-puml-theme/puml-theme-artemisdark.puml
    23:41:45.724 |  28 nPool-1-worker-2 | DEBUG | d.t.c.a.a.p.service.PlantUmlService  : Storing UML theme to temporary directory
    23:41:45.724 |  28 nPool-1-worker-2 | DEBUG | d.t.c.a.a.p.service.PlantUmlService  : UML theme stored successfully to /tmp/artemis-puml-theme/puml-theme-artemislight.puml

  Starting logs for AssessmentComplaintIntegrationTest > getComplaintsByExerciseId_tutor_sensitiveDataHidden()
    23:41:50.180 |  28 nPool-1-worker-2 | DEBUG | d.t.c.a.a.c.u.util.UserUtilService   : Generate 2 students...
    23:41:50.191 |  28 nPool-1-worker-2 | DEBUG | d.t.c.a.a.c.u.util.UserUtilService   : 2 students generated. Generate 2 tutors...
    23:41:50.201 |  28 nPool-1-worker-2 | DEBUG | d.t.c.a.a.c.u.util.UserUtilService   : 2 tutors generated. Generate 0 editors...
    23:41:50.204 |  28 nPool-1-worker-2 | DEBUG | d.t.c.a.a.c.u.util.UserUtilService   : 0 editors generated. Generate 1 instructors...
    23:41:50.210 |  28 nPool-1-worker-2 | DEBUG | d.t.c.a.a.c.u.util.UserUtilService   : 1 instructors generated
    23:41:50.214 |  28 nPool-1-worker-2 | DEBUG | d.t.c.a.a.c.u.util.UserUtilService   : Generate admin
    23:41:50.216 |  28 nPool-1-worker-2 | DEBUG | d.t.c.a.a.c.u.util.UserUtilService   : Generate admin done
    23:41:50.221 |  28 nPool-1-worker-2 | DEBUG | d.t.c.a.a.c.u.util.UserUtilService   : Removing 0 users from all courses...
    23:41:50.222 |  28 nPool-1-worker-2 | DEBUG | d.t.c.a.a.c.u.util.UserUtilService   : Removing 0 users from all courses. Done
    23:41:50.222 |  28 nPool-1-worker-2 | DEBUG | d.t.c.a.a.c.u.util.UserUtilService   : Save 6 users to database...
    23:41:50.267 |  28 nPool-1-worker-2 | DEBUG | d.t.c.a.a.c.u.util.UserUtilService   : Save 6 users to database. Done
    23:41:51.602 |  28 nPool-1-worker-2 | DEBUG | .c.s.m.InstanceMessageReceiveService : Received schedule participant score for exercise 1 and participant 2 (result to be deleted: null)
    23:41:51.603 |  28 nPool-1-worker-2 | DEBUG | .a.s.ParticipantScoreScheduleService : Scheduled task for exercise 1 and participant 2 at 2025-02-14T23:41:51.803055033Z[Etc/UTC].
    23:41:51.648 |  28 nPool-1-worker-2 | DEBUG | .c.s.m.InstanceMessageReceiveService : Received schedule participant score for exercise 1 and participant 2 (result to be deleted: null)
    23:41:51.648 |  28 nPool-1-worker-2 | DEBUG | .a.s.ParticipantScoreScheduleService : Scheduled task for exercise 1 and participant 2 at 2025-02-14T23:41:51.848841509Z[Etc/UTC].
    23:41:51.848 | 665 taskScheduler-3  | DEBUG | .a.s.ParticipantScoreScheduleService : Processing exercise 1 and participant 2 to update participant scores.
    23:41:51.880 |  28 nPool-1-worker-2 | DEBUG | .c.s.m.InstanceMessageReceiveService : Received schedule participant score for exercise 1 and participant 2 (result to be deleted: null)
    23:41:51.880 |  28 nPool-1-worker-2 | DEBUG | .a.s.ParticipantScoreScheduleService : Scheduled task for exercise 1 and participant 2 at 2025-02-14T23:41:52.080498114Z[Etc/UTC].
    23:41:51.902 | 665 taskScheduler-3  | DEBUG | .a.s.ParticipantScoreScheduleService : Updating the participant score for exercise 1 and participant 2 took 54 ms.
    23:41:51.953 |  28 nPool-1-worker-2 | DEBUG | .c.s.m.InstanceMessageReceiveService : Received schedule participant score for exercise 1 and participant 2 (result to be deleted: null)
    23:41:51.953 |  28 nPool-1-worker-2 | DEBUG | .a.s.ParticipantScoreScheduleService : Scheduled task for exercise 1 and participant 2 at 2025-02-14T23:41:52.153543956Z[Etc/UTC].
    23:41:52.043 |  28 nPool-1-worker-2 | DEBUG | .c.s.m.InstanceMessageReceiveService : Received schedule participant score for exercise 1 and participant 2 (result to be deleted: null)
    23:41:52.043 |  28 nPool-1-worker-2 | DEBUG | .a.s.ParticipantScoreScheduleService : Scheduled task for exercise 1 and participant 2 at 2025-02-14T23:41:52.243941194Z[Etc/UTC].
    23:41:52.066 |  28 nPool-1-worker-2 | INFO  | i.z.t.d.l.EmbeddedDatabaseReporter   : JDBC URL to connect to 'dataSource': url='jdbc:h2:tcp://localhost:41063/mem:df70fc46-7e57-4cb5-9cd0-c1d90c14afa7;USER=sa', scope='AssessmentComplaintIntegrationTest#getComplaintsByExerciseId_tutor_sensitiveDataHidden'
    23:41:52.080 | 664 taskScheduler-2  | DEBUG | .a.s.ParticipantScoreScheduleService : Processing exercise 1 and participant 2 to update participant scores.
    23:41:52.101 |  28 nPool-1-worker-2 | DEBUG | d.t.c.a.a.c.s.f.ApiVersionFilter     : Adding Version to Request GET /api/complaints
    23:41:52.143 | 664 taskScheduler-2  | DEBUG | .a.s.ParticipantScoreScheduleService : Updated participant score 1.
    23:41:52.145 | 664 taskScheduler-2  | DEBUG | .a.s.ParticipantScoreScheduleService : Updating the participant score for exercise 1 and participant 2 took 65 ms.
    23:41:52.244 | 666 taskScheduler-4  | DEBUG | .a.s.ParticipantScoreScheduleService : Processing exercise 1 and participant 2 to update participant scores.
    23:41:52.270 | 666 taskScheduler-4  | DEBUG | .a.s.ParticipantScoreScheduleService : Participant score 1 is already up-to-date, skipping.

  Starting logs for AssessmentComplaintIntegrationTest > getSubmittedComplaints_asStudent_forbidden()
    23:41:52.356 |  28 nPool-1-worker-2 | DEBUG | d.t.c.a.a.c.u.util.UserUtilService   : Generate 2 students...
    23:41:52.396 |  28 nPool-1-worker-2 | DEBUG | d.t.c.a.a.c.u.util.UserUtilService   : 2 students generated. Generate 2 tutors...
    23:41:52.435 |  28 nPool-1-worker-2 | DEBUG | d.t.c.a.a.c.u.util.UserUtilService   : 2 tutors generated. Generate 0 editors...
    23:41:52.439 |  28 nPool-1-worker-2 | DEBUG | d.t.c.a.a.c.u.util.UserUtilService   : 0 editors generated. Generate 1 instructors...
    23:41:52.458 |  28 nPool-1-worker-2 | DEBUG | d.t.c.a.a.c.u.util.UserUtilService   : 1 instructors generated
    23:41:52.469 |  28 nPool-1-worker-2 | DEBUG | d.t.c.a.a.c.u.util.UserUtilService   : Removing 6 users from all courses...
    23:41:52.487 |  28 nPool-1-worker-2 | DEBUG | d.t.c.a.a.c.u.util.UserUtilService   : Removing 6 users from all courses. Done
    23:41:52.487 |  28 nPool-1-worker-2 | DEBUG | d.t.c.a.a.c.u.util.UserUtilService   : Save 5 users to database...
    23:41:52.572 |  28 nPool-1-worker-2 | DEBUG | d.t.c.a.a.c.u.util.UserUtilService   : Save 5 users to database. Done
    23:41:52.647 |  28 nPool-1-worker-2 | DEBUG | .c.s.m.InstanceMessageReceiveService : Received schedule participant score for exercise 4 and participant 2 (result to be deleted: null)
    23:41:52.647 |  28 nPool-1-worker-2 | DEBUG | .a.s.ParticipantScoreScheduleService : Scheduled task for exercise 4 and participant 2 at 2025-02-14T23:41:52.747674338Z[Etc/UTC].
    23:41:52.668 |  28 nPool-1-worker-2 | DEBUG | .c.s.m.InstanceMessageReceiveService : Received schedule participant score for exercise 4 and participant 2 (result to be deleted: null)
    23:41:52.668 |  28 nPool-1-worker-2 | DEBUG | .a.s.ParticipantScoreScheduleService : Scheduled task for exercise 4 and participant 2 at 2025-02-14T23:41:52.768282205Z[Etc/UTC].
    23:41:52.710 |  28 nPool-1-worker-2 | DEBUG | .c.s.m.InstanceMessageReceiveService : Received schedule participant score for exercise 4 and participant 2 (result to be deleted: null)
    23:41:52.710 |  28 nPool-1-worker-2 | DEBUG | .a.s.ParticipantScoreScheduleService : Scheduled task for exercise 4 and participant 2 at 2025-02-14T23:41:52.810446110Z[Etc/UTC].
    23:41:52.772 |  28 nPool-1-worker-2 | DEBUG | .c.s.m.InstanceMessageReceiveService : Received schedule participant score for exercise 4 and participant 2 (result to be deleted: null)
    23:41:52.772 |  28 nPool-1-worker-2 | DEBUG | .a.s.ParticipantScoreScheduleService : Scheduled task for exercise 4 and participant 2 at 2025-02-14T23:41:52.872538708Z[Etc/UTC].
    23:41:52.812 |  28 nPool-1-worker-2 | DEBUG | .c.s.m.InstanceMessageReceiveService : Received schedule participant score for exercise 4 and participant 2 (result to be deleted: null)
    23:41:52.812 |  28 nPool-1-worker-2 | DEBUG | .a.s.ParticipantScoreScheduleService : Scheduled task for exercise 4 and participant 2 at 2025-02-14T23:41:52.912520359Z[Etc/UTC].
    23:41:52.825 |  28 nPool-1-worker-2 | INFO  | i.z.t.d.l.EmbeddedDatabaseReporter   : JDBC URL to connect to 'dataSource': url='jdbc:h2:tcp://localhost:41063/mem:df70fc46-7e57-4cb5-9cd0-c1d90c14afa7;USER=sa', scope='AssessmentComplaintIntegrationTest#getSubmittedComplaints_asStudent_forbidden'
    23:41:52.843 |  28 nPool-1-worker-2 | DEBUG | d.t.c.a.a.c.s.f.ApiVersionFilter     : Adding Version to Request GET /api/complaints
    23:41:52.861 |  28 nPool-1-worker-2 | WARN  | o.z.p.spring.common.AdviceTraits     : Forbidden: Access Denied

  Starting logs for AssessmentComplaintIntegrationTest > getComplaintsForAssessmentDashboard_testRun()
    23:41:52.960 |  28 nPool-1-worker-2 | DEBUG | d.t.c.a.a.c.u.util.UserUtilService   : Generate 2 students...
    23:41:52.983 |  28 nPool-1-worker-2 | DEBUG | d.t.c.a.a.c.u.util.UserUtilService   : 2 students generated. Generate 2 tutors...
    23:41:53.007 |  28 nPool-1-worker-2 | DEBUG | d.t.c.a.a.c.u.util.UserUtilService   : 2 tutors generated. Generate 0 editors...
    23:41:53.009 |  28 nPool-1-worker-2 | DEBUG | d.t.c.a.a.c.u.util.UserUtilService   : 0 editors generated. Generate 1 instructors...
    23:41:53.025 |  28 nPool-1-worker-2 | DEBUG | d.t.c.a.a.c.u.util.UserUtilService   : 1 instructors generated
    23:41:53.033 |  28 nPool-1-worker-2 | DEBUG | d.t.c.a.a.c.u.util.UserUtilService   : Removing 5 users from all courses...
    23:41:53.044 |  28 nPool-1-worker-2 | DEBUG | d.t.c.a.a.c.u.util.UserUtilService   : Removing 5 users from all courses. Done
    23:41:53.044 |  28 nPool-1-worker-2 | DEBUG | d.t.c.a.a.c.u.util.UserUtilService   : Save 5 users to database...
    23:41:53.092 |  28 nPool-1-worker-2 | DEBUG | d.t.c.a.a.c.u.util.UserUtilService   : Save 5 users to database. Done
    23:41:53.165 |  28 nPool-1-worker-2 | DEBUG | .c.s.m.InstanceMessageReceiveService : Received schedule participant score for exercise 7 and participant 2 (result to be deleted: null)
    23:41:53.168 |  28 nPool-1-worker-2 | DEBUG | .a.s.ParticipantScoreScheduleService : Scheduled task for exercise 7 and participant 2 at 2025-02-14T23:41:53.265377321Z[Etc/UTC].
    23:41:53.180 |  28 nPool-1-worker-2 | DEBUG | .c.s.m.InstanceMessageReceiveService : Received schedule participant score for exercise 7 and participant 2 (result to be deleted: null)
    23:41:53.180 |  28 nPool-1-worker-2 | DEBUG | .a.s.ParticipantScoreScheduleService : Scheduled task for exercise 7 and participant 2 at 2025-02-14T23:41:53.680482648Z[Etc/UTC].
    23:41:53.212 |  28 nPool-1-worker-2 | DEBUG | .c.s.m.InstanceMessageReceiveService : Received schedule participant score for exercise 7 and participant 2 (result to be deleted: null)
    23:41:53.212 |  28 nPool-1-worker-2 | DEBUG | .a.s.ParticipantScoreScheduleService : Scheduled task for exercise 7 and participant 2 at 2025-02-14T23:41:53.712780996Z[Etc/UTC].
    23:41:53.248 |  28 nPool-1-worker-2 | DEBUG | .c.s.m.InstanceMessageReceiveService : Received schedule participant score for exercise 7 and participant 2 (result to be deleted: null)
    23:41:53.248 |  28 nPool-1-worker-2 | DEBUG | .a.s.ParticipantScoreScheduleService : Scheduled task for exercise 7 and participant 2 at 2025-02-14T23:41:53.748458154Z[Etc/UTC].
    23:41:53.298 |  28 nPool-1-worker-2 | DEBUG | .c.s.m.InstanceMessageReceiveService : Received schedule participant score for exercise 7 and participant 2 (result to be deleted: null)
    23:41:53.298 |  28 nPool-1-worker-2 | DEBUG | .a.s.ParticipantScoreScheduleService : Scheduled task for exercise 7 and participant 2 at 2025-02-14T23:41:53.498570482Z[Etc/UTC].
    23:41:53.324 |  28 nPool-1-worker-2 | INFO  | i.z.t.d.l.EmbeddedDatabaseReporter   : JDBC URL to connect to 'dataSource': url='jdbc:h2:tcp://localhost:41063/mem:df70fc46-7e57-4cb5-9cd0-c1d90c14afa7;USER=sa', scope='AssessmentComplaintIntegrationTest#getComplaintsForAssessmentDashboard_testRun'
    23:41:53.343 |  28 nPool-1-worker-2 | DEBUG | .c.s.m.InstanceMessageReceiveService : Received schedule participant score for exercise 7 and participant 2 (result to be deleted: null)
    23:41:53.343 |  28 nPool-1-worker-2 | DEBUG | .a.s.ParticipantScoreScheduleService : Scheduled task for exercise 7 and participant 2 at 2025-02-14T23:41:53.543623911Z[Etc/UTC].
    23:41:53.354 |  28 nPool-1-worker-2 | DEBUG | d.t.c.a.a.c.s.f.ApiVersionFilter     : Adding Version to Request GET /api/complaints

  Starting logs for AssessmentComplaintIntegrationTest > getSubmittedComplaintsForFileUploadExercise()
    23:41:53.519 |  28 nPool-1-worker-2 | DEBUG | d.t.c.a.a.c.u.util.UserUtilService   : Generate 2 students...
    23:41:53.552 |  28 nPool-1-worker-2 | DEBUG | d.t.c.a.a.c.u.util.UserUtilService   : 2 students generated. Generate 2 tutors...
    23:41:53.577 |  28 nPool-1-worker-2 | DEBUG | d.t.c.a.a.c.u.util.UserUtilService   : 2 tutors generated. Generate 0 editors...
    23:41:53.590 |  28 nPool-1-worker-2 | DEBUG | d.t.c.a.a.c.u.util.UserUtilService   : 0 editors generated. Generate 1 instructors...
    23:41:53.609 |  28 nPool-1-worker-2 | DEBUG | d.t.c.a.a.c.u.util.UserUtilService   : 1 instructors generated
    23:41:53.619 |  28 nPool-1-worker-2 | DEBUG | d.t.c.a.a.c.u.util.UserUtilService   : Removing 5 users from all courses...
    23:41:53.639 |  28 nPool-1-worker-2 | DEBUG | d.t.c.a.a.c.u.util.UserUtilService   : Removing 5 users from all courses. Done
    23:41:53.639 |  28 nPool-1-worker-2 | DEBUG | d.t.c.a.a.c.u.util.UserUtilService   : Save 5 users to database...
    23:41:53.704 |  28 nPool-1-worker-2 | DEBUG | d.t.c.a.a.c.u.util.UserUtilService   : Save 5 users to database. Done
    23:41:53.783 |  28 nPool-1-worker-2 | DEBUG | .c.s.m.InstanceMessageReceiveService : Received schedule participant score for exercise 10 and participant 2 (result to be deleted: null)
    23:41:53.783 |  28 nPool-1-worker-2 | DEBUG | .a.s.ParticipantScoreScheduleService : Scheduled task for exercise 10 and participant 2 at 2025-02-14T23:41:53.883541950Z[Etc/UTC].
    23:41:53.795 |  28 nPool-1-worker-2 | DEBUG | .c.s.m.InstanceMessageReceiveService : Received schedule participant score for exercise 10 and participant 2 (result to be deleted: null)
    23:41:53.796 |  28 nPool-1-worker-2 | DEBUG | .a.s.ParticipantScoreScheduleService : Scheduled task for exercise 10 and participant 2 at 2025-02-14T23:41:53.896024396Z[Etc/UTC].
    23:41:53.813 |  28 nPool-1-worker-2 | DEBUG | .c.s.m.InstanceMessageReceiveService : Received schedule participant score for exercise 10 and participant 2 (result to be deleted: null)
    23:41:53.814 |  28 nPool-1-worker-2 | DEBUG | .a.s.ParticipantScoreScheduleService : Scheduled task for exercise 10 and participant 2 at 2025-02-14T23:41:53.913951235Z[Etc/UTC].
    23:41:53.839 |  28 nPool-1-worker-2 | DEBUG | .c.s.m.InstanceMessageReceiveService : Received schedule participant score for exercise 10 and participant 2 (result to be deleted: null)
    23:41:53.839 |  28 nPool-1-worker-2 | DEBUG | .a.s.ParticipantScoreScheduleService : Scheduled task for exercise 10 and participant 2 at 2025-02-14T23:41:53.939739192Z[Etc/UTC].
    23:41:53.878 |  28 nPool-1-worker-2 | DEBUG | .c.s.m.InstanceMessageReceiveService : Received schedule participant score for exercise 10 and participant 2 (result to be deleted: null)
    23:41:53.878 |  28 nPool-1-worker-2 | DEBUG | .a.s.ParticipantScoreScheduleService : Scheduled task for exercise 10 and participant 2 at 2025-02-14T23:41:53.978880250Z[Etc/UTC].
    23:41:53.897 |  28 nPool-1-worker-2 | INFO  | i.z.t.d.l.EmbeddedDatabaseReporter   : JDBC URL to connect to 'dataSource': url='jdbc:h2:tcp://localhost:41063/mem:df70fc46-7e57-4cb5-9cd0-c1d90c14afa7;USER=sa', scope='AssessmentComplaintIntegrationTest#getSubmittedComplaintsForFileUploadExercise'
    23:41:53.944 |  28 nPool-1-worker-2 | DEBUG | .c.s.m.InstanceMessageReceiveService : Received schedule participant score for exercise 12 and participant 2 (result to be deleted: null)
    23:41:53.944 |  28 nPool-1-worker-2 | DEBUG | .a.s.ParticipantScoreScheduleService : Scheduled task for exercise 12 and participant 2 at 2025-02-14T23:41:54.044802936Z[Etc/UTC].
    23:41:53.974 |  28 nPool-1-worker-2 | DEBUG | .c.s.m.InstanceMessageReceiveService : Received schedule participant score for exercise 12 and participant 2 (result to be deleted: null)
    23:41:53.975 |  28 nPool-1-worker-2 | DEBUG | .a.s.ParticipantScoreScheduleService : Scheduled task for exercise 12 and participant 2 at 2025-02-14T23:41:54.075008378Z[Etc/UTC].
    23:41:53.978 | 663 taskScheduler-1  | DEBUG | .a.s.ParticipantScoreScheduleService : Processing exercise 10 and participant 2 to update participant scores.
    23:41:54.007 | 663 taskScheduler-1  | DEBUG | .a.s.ParticipantScoreScheduleService : Updated participant score 2.
    23:41:54.015 | 663 taskScheduler-1  | DEBUG | .a.s.ParticipantScoreScheduleService : Updating the participant score for exercise 10 and participant 2 took 37 ms.
    23:41:54.019 |  28 nPool-1-worker-2 | DEBUG | .c.s.m.InstanceMessageReceiveService : Received schedule participant score for exercise 12 and participant 2 (result to be deleted: null)
    23:41:54.019 |  28 nPool-1-worker-2 | DEBUG | .a.s.ParticipantScoreScheduleService : Scheduled task for exercise 12 and participant 2 at 2025-02-14T23:41:54.119186449Z[Etc/UTC].
    23:41:54.066 |  28 nPool-1-worker-2 | DEBUG | .c.s.m.InstanceMessageReceiveService : Received schedule participant score for exercise 12 and participant 2 (result to be deleted: null)
    23:41:54.066 |  28 nPool-1-worker-2 | DEBUG | .a.s.ParticipantScoreScheduleService : Scheduled task for exercise 12 and participant 2 at 2025-02-14T23:41:54.166779079Z[Etc/UTC].
    23:41:54.093 |  28 nPool-1-worker-2 | DEBUG | d.t.c.a.a.c.s.f.ApiVersionFilter     : Adding Version to Request GET /api/complaints
    23:41:54.166 | 666 taskScheduler-4  | DEBUG | .a.s.ParticipantScoreScheduleService : Processing exercise 12 and participant 2 to update participant scores.
    23:41:54.194 | 666 taskScheduler-4  | DEBUG | .a.s.ParticipantScoreScheduleService : Updated participant score 3.
    23:41:54.202 | 666 taskScheduler-4  | DEBUG | .a.s.ParticipantScoreScheduleService : Updating the participant score for exercise 12 and participant 2 took 36 ms.

  Starting logs for AssessmentComplaintIntegrationTest > getSubmittedComplaintsForProgrammingExercise()
    23:41:54.250 |  28 nPool-1-worker-2 | DEBUG | d.t.c.a.a.c.u.util.UserUtilService   : Generate 2 students...
    23:41:54.276 |  28 nPool-1-worker-2 | DEBUG | d.t.c.a.a.c.u.util.UserUtilService   : 2 students generated. Generate 2 tutors...
    23:41:54.307 |  28 nPool-1-worker-2 | DEBUG | d.t.c.a.a.c.u.util.UserUtilService   : 2 tutors generated. Generate 0 editors...
    23:41:54.309 |  28 nPool-1-worker-2 | DEBUG | d.t.c.a.a.c.u.util.UserUtilService   : 0 editors generated. Generate 1 instructors...
    23:41:54.316 |  28 nPool-1-worker-2 | DEBUG | d.t.c.a.a.c.u.util.UserUtilService   : 1 instructors generated
    23:41:54.321 |  28 nPool-1-worker-2 | DEBUG | d.t.c.a.a.c.u.util.UserUtilService   : Removing 5 users from all courses...
    23:41:54.334 |  28 nPool-1-worker-2 | DEBUG | d.t.c.a.a.c.u.util.UserUtilService   : Removing 5 users from all courses. Done
    23:41:54.334 |  28 nPool-1-worker-2 | DEBUG | d.t.c.a.a.c.u.util.UserUtilService   : Save 5 users to database...
    23:41:54.431 |  28 nPool-1-worker-2 | DEBUG | d.t.c.a.a.c.u.util.UserUtilService   : Save 5 users to database. Done
    23:41:54.512 |  28 nPool-1-worker-2 | DEBUG | .c.s.m.InstanceMessageReceiveService : Received schedule participant score for exercise 13 and participant 2 (result to be deleted: null)
    23:41:54.512 |  28 nPool-1-worker-2 | DEBUG | .a.s.ParticipantScoreScheduleService : Scheduled task for exercise 13 and participant 2 at 2025-02-14T23:41:54.612650183Z[Etc/UTC].
    23:41:54.536 |  28 nPool-1-worker-2 | DEBUG | .c.s.m.InstanceMessageReceiveService : Received schedule participant score for exercise 13 and participant 2 (result to be deleted: null)
    23:41:54.537 |  28 nPool-1-worker-2 | DEBUG | .a.s.ParticipantScoreScheduleService : Scheduled task for exercise 13 and participant 2 at 2025-02-14T23:41:54.636960295Z[Etc/UTC].
    23:41:54.597 |  28 nPool-1-worker-2 | DEBUG | .c.s.m.InstanceMessageReceiveService : Received schedule participant score for exercise 13 and participant 2 (result to be deleted: null)
    23:41:54.597 |  28 nPool-1-worker-2 | DEBUG | .a.s.ParticipantScoreScheduleService : Scheduled task for exercise 13 and participant 2 at 2025-02-14T23:41:54.697523388Z[Etc/UTC].
    23:41:54.625 |  28 nPool-1-worker-2 | DEBUG | .c.s.m.InstanceMessageReceiveService : Received schedule participant score for exercise 13 and participant 2 (result to be deleted: null)
    23:41:54.625 |  28 nPool-1-worker-2 | DEBUG | .a.s.ParticipantScoreScheduleService : Scheduled task for exercise 13 and participant 2 at 2025-02-14T23:41:54.725634848Z[Etc/UTC].
    23:41:54.667 |  28 nPool-1-worker-2 | DEBUG | .c.s.m.InstanceMessageReceiveService : Received schedule participant score for exercise 13 and participant 2 (result to be deleted: null)
    23:41:54.667 |  28 nPool-1-worker-2 | DEBUG | .a.s.ParticipantScoreScheduleService : Scheduled task for exercise 13 and participant 2 at 2025-02-14T23:41:54.767828398Z[Etc/UTC].
    23:41:54.678 |  28 nPool-1-worker-2 | INFO  | i.z.t.d.l.EmbeddedDatabaseReporter   : JDBC URL to connect to 'dataSource': url='jdbc:h2:tcp://localhost:41063/mem:df70fc46-7e57-4cb5-9cd0-c1d90c14afa7;USER=sa', scope='AssessmentComplaintIntegrationTest#getSubmittedComplaintsForProgrammingExercise'
    23:41:54.768 | 665 taskScheduler-3  | DEBUG | .a.s.ParticipantScoreScheduleService : Processing exercise 13 and participant 2 to update participant scores.
    23:41:54.794 |  28 nPool-1-worker-2 | DEBUG | .c.s.m.InstanceMessageReceiveService : Received schedule participant score for exercise 16 and participant 2 (result to be deleted: null)
    23:41:54.795 |  28 nPool-1-worker-2 | DEBUG | .a.s.ParticipantScoreScheduleService : Scheduled task for exercise 16 and participant 2 at 2025-02-14T23:41:54.895152622Z[Etc/UTC].
    23:41:54.814 | 665 taskScheduler-3  | DEBUG | .a.s.ParticipantScoreScheduleService : Updated participant score 4.
    23:41:54.815 | 665 taskScheduler-3  | DEBUG | .a.s.ParticipantScoreScheduleService : Updating the participant score for exercise 13 and participant 2 took 47 ms.
    23:41:54.821 |  28 nPool-1-worker-2 | DEBUG | .c.s.m.InstanceMessageReceiveService : Received schedule participant score for exercise 16 and participant 2 (result to be deleted: null)
    23:41:54.821 |  28 nPool-1-worker-2 | DEBUG | .a.s.ParticipantScoreScheduleService : Scheduled task for exercise 16 and participant 2 at 2025-02-14T23:41:54.921647368Z[Etc/UTC].
    23:41:54.873 |  28 nPool-1-worker-2 | DEBUG | .c.s.m.InstanceMessageReceiveService : Received schedule participant score for exercise 16 and participant 2 (result to be deleted: null)
    23:41:54.873 |  28 nPool-1-worker-2 | DEBUG | .a.s.ParticipantScoreScheduleService : Scheduled task for exercise 16 and participant 2 at 2025-02-14T23:41:54.973808844Z[Etc/UTC].
    23:41:54.907 |  28 nPool-1-worker-2 | DEBUG | d.t.c.a.a.c.s.f.ApiVersionFilter     : Adding Version to Request GET /api/complaints

  Starting logs for AssessmentComplaintIntegrationTest > submitComplaintResponse_rejectComplaint()
    23:41:55.001 |  28 nPool-1-worker-2 | DEBUG | d.t.c.a.a.c.u.util.UserUtilService   : Generate 2 students...
    23:41:55.023 |  28 nPool-1-worker-2 | DEBUG | d.t.c.a.a.c.u.util.UserUtilService   : 2 students generated. Generate 2 tutors...
    23:41:55.033 |  28 nPool-1-worker-2 | DEBUG | d.t.c.a.a.c.u.util.UserUtilService   : 2 tutors generated. Generate 0 editors...
    23:41:55.039 |  28 nPool-1-worker-2 | DEBUG | d.t.c.a.a.c.u.util.UserUtilService   : 0 editors generated. Generate 1 instructors...
    23:41:55.049 |  28 nPool-1-worker-2 | DEBUG | d.t.c.a.a.c.u.util.UserUtilService   : 1 instructors generated
    23:41:55.054 |  28 nPool-1-worker-2 | DEBUG | d.t.c.a.a.c.u.util.UserUtilService   : Removing 5 users from all courses...
    23:41:55.062 |  28 nPool-1-worker-2 | DEBUG | d.t.c.a.a.c.u.util.UserUtilService   : Removing 5 users from all courses. Done
    23:41:55.062 |  28 nPool-1-worker-2 | DEBUG | d.t.c.a.a.c.u.util.UserUtilService   : Save 5 users to database...
    23:41:55.100 |  28 nPool-1-worker-2 | DEBUG | d.t.c.a.a.c.u.util.UserUtilService   : Save 5 users to database. Done
    23:41:55.159 |  28 nPool-1-worker-2 | DEBUG | .c.s.m.InstanceMessageReceiveService : Received schedule participant score for exercise 17 and participant 2 (result to be deleted: null)
    23:41:55.159 |  28 nPool-1-worker-2 | DEBUG | .a.s.ParticipantScoreScheduleService : Scheduled task for exercise 17 and participant 2 at 2025-02-14T23:41:55.259444146Z[Etc/UTC].
    23:41:55.168 |  28 nPool-1-worker-2 | DEBUG | .c.s.m.InstanceMessageReceiveService : Received schedule participant score for exercise 17 and participant 2 (result to be deleted: null)
    23:41:55.168 |  28 nPool-1-worker-2 | DEBUG | .a.s.ParticipantScoreScheduleService : Scheduled task for exercise 17 and participant 2 at 2025-02-14T23:41:55.268469077Z[Etc/UTC].
    23:41:55.189 |  28 nPool-1-worker-2 | DEBUG | .c.s.m.InstanceMessageReceiveService : Received schedule participant score for exercise 17 and participant 2 (result to be deleted: null)
    23:41:55.189 |  28 nPool-1-worker-2 | DEBUG | .a.s.ParticipantScoreScheduleService : Scheduled task for exercise 17 and participant 2 at 2025-02-14T23:41:55.289535831Z[Etc/UTC].
    23:41:55.218 |  28 nPool-1-worker-2 | DEBUG | .c.s.m.InstanceMessageReceiveService : Received schedule participant score for exercise 17 and participant 2 (result to be deleted: null)
    23:41:55.218 |  28 nPool-1-worker-2 | DEBUG | .a.s.ParticipantScoreScheduleService : Scheduled task for exercise 17 and participant 2 at 2025-02-14T23:41:55.318223475Z[Etc/UTC].
    23:41:55.256 |  28 nPool-1-worker-2 | DEBUG | .c.s.m.InstanceMessageReceiveService : Received schedule participant score for exercise 17 and participant 2 (result to be deleted: null)
    23:41:55.257 |  28 nPool-1-worker-2 | DEBUG | .a.s.ParticipantScoreScheduleService : Scheduled task for exercise 17 and participant 2 at 2025-02-14T23:41:55.356980186Z[Etc/UTC].
    23:41:55.267 |  28 nPool-1-worker-2 | INFO  | i.z.t.d.l.EmbeddedDatabaseReporter   : JDBC URL to connect to 'dataSource': url='jdbc:h2:tcp://localhost:41063/mem:df70fc46-7e57-4cb5-9cd0-c1d90c14afa7;USER=sa', scope='AssessmentComplaintIntegrationTest#submitComplaintResponse_rejectComplaint'
    23:41:55.312 |  28 nPool-1-worker-2 | DEBUG | d.t.c.a.a.c.s.f.ApiVersionFilter     : Adding Version to Request PATCH /api/complaints/6/response
    23:41:55.322 |  28 nPool-1-worker-2 | DEBUG | .c.a.a.a.w.ComplaintResponseResource : REST request to resolve the complaint with id: 6
    23:41:55.357 | 665 taskScheduler-3  | DEBUG | .a.s.ParticipantScoreScheduleService : Processing exercise 17 and participant 2 to update participant scores.
    23:41:55.382 | 665 taskScheduler-3  | DEBUG | .a.s.ParticipantScoreScheduleService : Updated participant score 5.
    23:41:55.386 | 665 taskScheduler-3  | DEBUG | .a.s.ParticipantScoreScheduleService : Updating the participant score for exercise 17 and participant 2 took 29 ms.

  Starting logs for AssessmentComplaintIntegrationTest > submitComplaintForExerciseComplaintExceededTextLimit()
    23:41:55.485 |  28 nPool-1-worker-2 | DEBUG | d.t.c.a.a.c.u.util.UserUtilService   : Generate 2 students...
    23:41:55.502 |  28 nPool-1-worker-2 | DEBUG | d.t.c.a.a.c.u.util.UserUtilService   : 2 students generated. Generate 2 tutors...
    23:41:55.515 |  28 nPool-1-worker-2 | DEBUG | d.t.c.a.a.c.u.util.UserUtilService   : 2 tutors generated. Generate 0 editors...
    23:41:55.521 |  28 nPool-1-worker-2 | DEBUG | d.t.c.a.a.c.u.util.UserUtilService   : 0 editors generated. Generate 1 instructors...
    23:41:55.534 |  28 nPool-1-worker-2 | DEBUG | d.t.c.a.a.c.u.util.UserUtilService   : 1 instructors generated
    23:41:55.538 |  28 nPool-1-worker-2 | DEBUG | d.t.c.a.a.c.u.util.UserUtilService   : Removing 5 users from all courses...
    23:41:55.548 |  28 nPool-1-worker-2 | DEBUG | d.t.c.a.a.c.u.util.UserUtilService   : Removing 5 users from all courses. Done
    23:41:55.548 |  28 nPool-1-worker-2 | DEBUG | d.t.c.a.a.c.u.util.UserUtilService   : Save 5 users to database...
    23:41:55.578 |  28 nPool-1-worker-2 | DEBUG | d.t.c.a.a.c.u.util.UserUtilService   : Save 5 users to database. Done
    23:41:55.619 |  28 nPool-1-worker-2 | DEBUG | .c.s.m.InstanceMessageReceiveService : Received schedule participant score for exercise 20 and participant 2 (result to be deleted: null)
    23:41:55.619 |  28 nPool-1-worker-2 | DEBUG | .a.s.ParticipantScoreScheduleService : Scheduled task for exercise 20 and participant 2 at 2025-02-14T23:41:55.719676963Z[Etc/UTC].
    23:41:55.637 |  28 nPool-1-worker-2 | DEBUG | .c.s.m.InstanceMessageReceiveService : Received schedule participant score for exercise 20 and participant 2 (result to be deleted: null)
    23:41:55.637 |  28 nPool-1-worker-2 | DEBUG | .a.s.ParticipantScoreScheduleService : Scheduled task for exercise 20 and participant 2 at 2025-02-14T23:41:55.737301097Z[Etc/UTC].
    23:41:55.683 |  28 nPool-1-worker-2 | DEBUG | .c.s.m.InstanceMessageReceiveService : Received schedule participant score for exercise 20 and participant 2 (result to be deleted: null)
    23:41:55.683 |  28 nPool-1-worker-2 | DEBUG | .a.s.ParticipantScoreScheduleService : Scheduled task for exercise 20 and participant 2 at 2025-02-14T23:41:55.783434513Z[Etc/UTC].
    23:41:55.726 |  28 nPool-1-worker-2 | DEBUG | .c.s.m.InstanceMessageReceiveService : Received schedule participant score for exercise 20 and participant 2 (result to be deleted: null)
    23:41:55.726 |  28 nPool-1-worker-2 | DEBUG | .a.s.ParticipantScoreScheduleService : Scheduled task for exercise 20 and participant 2 at 2025-02-14T23:41:55.826609903Z[Etc/UTC].
    23:41:55.759 |  28 nPool-1-worker-2 | DEBUG | .c.s.m.InstanceMessageReceiveService : Received schedule participant score for exercise 20 and participant 2 (result to be deleted: null)
    23:41:55.759 |  28 nPool-1-worker-2 | DEBUG | .a.s.ParticipantScoreScheduleService : Scheduled task for exercise 20 and participant 2 at 2025-02-14T23:41:55.859502298Z[Etc/UTC].
    23:41:55.771 |  28 nPool-1-worker-2 | INFO  | i.z.t.d.l.EmbeddedDatabaseReporter   : JDBC URL to connect to 'dataSource': url='jdbc:h2:tcp://localhost:41063/mem:df70fc46-7e57-4cb5-9cd0-c1d90c14afa7;USER=sa', scope='AssessmentComplaintIntegrationTest#submitComplaintForExerciseComplaintExceededTextLimit'
    23:41:55.806 |  28 nPool-1-worker-2 | DEBUG | d.t.c.a.a.c.s.f.ApiVersionFilter     : Adding Version to Request POST /api/complaints
    23:41:55.816 |  28 nPool-1-worker-2 | DEBUG | d.t.c.a.a.a.web.ComplaintResource    : REST request to save Complaint: ComplaintRequestDTO[resultId=9, complaintText=abcdefghijklmnopqrstuvwxyz, complaintType=COMPLAINT, examId=Optional.empty]
    23:41:55.842 |  28 nPool-1-worker-2 | ERROR | tech.jhipster.web.util.HeaderUtil    : Entity processing failed, You cannot submit a complaint that exceeds the maximum number of 25 characters
    23:41:55.842 |  28 nPool-1-worker-2 | WARN  | o.z.p.spring.common.AdviceTraits     : Bad Request: You cannot submit a complaint that exceeds the maximum number of 25 characters

  Starting logs for AssessmentComplaintIntegrationTest > submitComplaintAboutModelingAssessmentResultBeforeAssessmentDueDate()
    23:41:55.893 |  28 nPool-1-worker-2 | DEBUG | d.t.c.a.a.c.u.util.UserUtilService   : Generate 2 students...
    23:41:55.913 |  28 nPool-1-worker-2 | DEBUG | d.t.c.a.a.c.u.util.UserUtilService   : 2 students generated. Generate 2 tutors...
    23:41:55.925 |  28 nPool-1-worker-2 | DEBUG | d.t.c.a.a.c.u.util.UserUtilService   : 2 tutors generated. Generate 0 editors...
    23:41:55.929 |  28 nPool-1-worker-2 | DEBUG | d.t.c.a.a.c.u.util.UserUtilService   : 0 editors generated. Generate 1 instructors...
    23:41:55.941 |  28 nPool-1-worker-2 | DEBUG | d.t.c.a.a.c.u.util.UserUtilService   : 1 instructors generated
    23:41:55.945 |  28 nPool-1-worker-2 | DEBUG | d.t.c.a.a.c.u.util.UserUtilService   : Removing 5 users from all courses...
    23:41:55.952 |  28 nPool-1-worker-2 | DEBUG | d.t.c.a.a.c.u.util.UserUtilService   : Removing 5 users from all courses. Done
    23:41:55.952 |  28 nPool-1-worker-2 | DEBUG | d.t.c.a.a.c.u.util.UserUtilService   : Save 5 users to database...
    23:41:55.980 |  28 nPool-1-worker-2 | DEBUG | d.t.c.a.a.c.u.util.UserUtilService   : Save 5 users to database. Done
    23:41:56.032 |  28 nPool-1-worker-2 | DEBUG | .c.s.m.InstanceMessageReceiveService : Received schedule participant score for exercise 23 and participant 2 (result to be deleted: null)
    23:41:56.032 |  28 nPool-1-worker-2 | DEBUG | .a.s.ParticipantScoreScheduleService : Scheduled task for exercise 23 and participant 2 at 2025-02-14T23:41:56.132498009Z[Etc/UTC].
    23:41:56.052 |  28 nPool-1-worker-2 | DEBUG | .c.s.m.InstanceMessageReceiveService : Received schedule participant score for exercise 23 and participant 2 (result to be deleted: null)
    23:41:56.053 |  28 nPool-1-worker-2 | DEBUG | .a.s.ParticipantScoreScheduleService : Scheduled task for exercise 23 and participant 2 at 2025-02-14T23:41:56.153023484Z[Etc/UTC].
    23:41:56.100 |  28 nPool-1-worker-2 | DEBUG | .c.s.m.InstanceMessageReceiveService : Received schedule participant score for exercise 23 and participant 2 (result to be deleted: null)
    23:41:56.101 |  28 nPool-1-worker-2 | DEBUG | .a.s.ParticipantScoreScheduleService : Scheduled task for exercise 23 and participant 2 at 2025-02-14T23:41:56.200998246Z[Etc/UTC].
    23:41:56.128 |  28 nPool-1-worker-2 | DEBUG | .c.s.m.InstanceMessageReceiveService : Received schedule participant score for exercise 23 and participant 2 (result to be deleted: null)
    23:41:56.128 |  28 nPool-1-worker-2 | DEBUG | .a.s.ParticipantScoreScheduleService : Scheduled task for exercise 23 and participant 2 at 2025-02-14T23:41:56.228912128Z[Etc/UTC].
    23:41:56.164 |  28 nPool-1-worker-2 | DEBUG | .c.s.m.InstanceMessageReceiveService : Received schedule participant score for exercise 23 and participant 2 (result to be deleted: null)
    23:41:56.164 |  28 nPool-1-worker-2 | DEBUG | .a.s.ParticipantScoreScheduleService : Scheduled task for exercise 23 and participant 2 at 2025-02-14T23:41:56.264506434Z[Etc/UTC].
    23:41:56.179 |  28 nPool-1-worker-2 | INFO  | i.z.t.d.l.EmbeddedDatabaseReporter   : JDBC URL to connect to 'dataSource': url='jdbc:h2:tcp://localhost:41063/mem:df70fc46-7e57-4cb5-9cd0-c1d90c14afa7;USER=sa', scope='AssessmentComplaintIntegrationTest#submitComplaintAboutModelingAssessmentResultBeforeAssessmentDueDate'
    23:41:56.208 |  28 nPool-1-worker-2 | DEBUG | .c.s.m.InstanceMessageReceiveService : Received schedule participant score for exercise 23 and participant 2 (result to be deleted: null)
    23:41:56.209 |  28 nPool-1-worker-2 | DEBUG | .a.s.ParticipantScoreScheduleService : Scheduled task for exercise 23 and participant 2 at 2025-02-14T23:41:56.709008027Z[Etc/UTC].
    23:41:56.224 |  28 nPool-1-worker-2 | DEBUG | d.t.c.a.a.c.s.f.ApiVersionFilter     : Adding Version to Request POST /api/complaints
    23:41:56.225 |  28 nPool-1-worker-2 | DEBUG | d.t.c.a.a.a.web.ComplaintResource    : REST request to save Complaint: ComplaintRequestDTO[resultId=10, complaintText=This is not fair, complaintType=COMPLAINT, examId=Optional.empty]
    23:41:56.257 |  28 nPool-1-worker-2 | DEBUG | .c.s.m.InstanceMessageReceiveService : Received schedule participant score for exercise 23 and participant 2 (result to be deleted: null)
    23:41:56.257 |  28 nPool-1-worker-2 | DEBUG | .a.s.ParticipantScoreScheduleService : Scheduled task for exercise 23 and participant 2 at 2025-02-14T23:41:56.457469276Z[Etc/UTC].

  Starting logs for AssessmentComplaintIntegrationTest > testGetComplaintsByCourseIdAndExamIdTutorIsNotTutorForCourse()
    23:41:56.321 |  28 nPool-1-worker-2 | DEBUG | d.t.c.a.a.c.u.util.UserUtilService   : Generate 2 students...
    23:41:56.339 |  28 nPool-1-worker-2 | DEBUG | d.t.c.a.a.c.u.util.UserUtilService   : 2 students generated. Generate 2 tutors...
    23:41:56.355 |  28 nPool-1-worker-2 | DEBUG | d.t.c.a.a.c.u.util.UserUtilService   : 2 tutors generated. Generate 0 editors...
    23:41:56.356 |  28 nPool-1-worker-2 | DEBUG | d.t.c.a.a.c.u.util.UserUtilService   : 0 editors generated. Generate 1 instructors...
    23:41:56.368 |  28 nPool-1-worker-2 | DEBUG | d.t.c.a.a.c.u.util.UserUtilService   : 1 instructors generated
    23:41:56.379 |  28 nPool-1-worker-2 | DEBUG | d.t.c.a.a.c.u.util.UserUtilService   : Removing 5 users from all courses...
    23:41:56.384 |  28 nPool-1-worker-2 | DEBUG | d.t.c.a.a.c.u.util.UserUtilService   : Removing 5 users from all courses. Done
    23:41:56.384 |  28 nPool-1-worker-2 | DEBUG | d.t.c.a.a.c.u.util.UserUtilService   : Save 5 users to database...
    23:41:56.417 |  28 nPool-1-worker-2 | DEBUG | d.t.c.a.a.c.u.util.UserUtilService   : Save 5 users to database. Done
    23:41:56.488 |  28 nPool-1-worker-2 | DEBUG | .c.s.m.InstanceMessageReceiveService : Received schedule participant score for exercise 26 and participant 2 (result to be deleted: null)
    23:41:56.489 |  28 nPool-1-worker-2 | DEBUG | .a.s.ParticipantScoreScheduleService : Scheduled task for exercise 26 and participant 2 at 2025-02-14T23:41:56.589073525Z[Etc/UTC].
    23:41:56.502 |  28 nPool-1-worker-2 | DEBUG | .c.s.m.InstanceMessageReceiveService : Received schedule participant score for exercise 26 and participant 2 (result to be deleted: null)
    23:41:56.506 |  28 nPool-1-worker-2 | DEBUG | .a.s.ParticipantScoreScheduleService : Scheduled task for exercise 26 and participant 2 at 2025-02-14T23:41:56.603082919Z[Etc/UTC].
    23:41:56.538 |  28 nPool-1-worker-2 | DEBUG | .c.s.m.InstanceMessageReceiveService : Received schedule participant score for exercise 26 and participant 2 (result to be deleted: null)
    23:41:56.538 |  28 nPool-1-worker-2 | DEBUG | .a.s.ParticipantScoreScheduleService : Scheduled task for exercise 26 and participant 2 at 2025-02-14T23:41:56.638457613Z[Etc/UTC].
    23:41:56.562 |  28 nPool-1-worker-2 | DEBUG | .c.s.m.InstanceMessageReceiveService : Received schedule participant score for exercise 26 and participant 2 (result to be deleted: null)
    23:41:56.562 |  28 nPool-1-worker-2 | DEBUG | .a.s.ParticipantScoreScheduleService : Scheduled task for exercise 26 and participant 2 at 2025-02-14T23:41:56.662441757Z[Etc/UTC].
    23:41:56.586 |  28 nPool-1-worker-2 | DEBUG | .c.s.m.InstanceMessageReceiveService : Received schedule participant score for exercise 26 and participant 2 (result to be deleted: null)
    23:41:56.586 |  28 nPool-1-worker-2 | DEBUG | .a.s.ParticipantScoreScheduleService : Scheduled task for exercise 26 and participant 2 at 2025-02-14T23:41:56.686456239Z[Etc/UTC].
    23:41:56.597 |  28 nPool-1-worker-2 | INFO  | i.z.t.d.l.EmbeddedDatabaseReporter   : JDBC URL to connect to 'dataSource': url='jdbc:h2:tcp://localhost:41063/mem:df70fc46-7e57-4cb5-9cd0-c1d90c14afa7;USER=sa', scope='AssessmentComplaintIntegrationTest#testGetComplaintsByCourseIdAndExamIdTutorIsNotTutorForCourse'
    23:41:56.650 |  28 nPool-1-worker-2 | DEBUG | d.t.c.a.a.c.s.f.ApiVersionFilter     : Adding Version to Request GET /api/complaints
    23:41:56.658 |  28 nPool-1-worker-2 | WARN  | o.z.p.spring.common.AdviceTraits     : Forbidden: Access Denied

  Starting logs for AssessmentComplaintIntegrationTest > getComplaintsByCourseId_tutor_sensitiveDataHidden()
    23:41:56.684 |  28 nPool-1-worker-2 | DEBUG | d.t.c.a.a.c.u.util.UserUtilService   : Generate 2 students...
    23:41:56.692 |  28 nPool-1-worker-2 | DEBUG | d.t.c.a.a.c.u.util.UserUtilService   : 2 students generated. Generate 2 tutors...
    23:41:56.699 |  28 nPool-1-worker-2 | DEBUG | d.t.c.a.a.c.u.util.UserUtilService   : 2 tutors generated. Generate 0 editors...
    23:41:56.700 |  28 nPool-1-worker-2 | DEBUG | d.t.c.a.a.c.u.util.UserUtilService   : 0 editors generated. Generate 1 instructors...
    23:41:56.705 |  28 nPool-1-worker-2 | DEBUG | d.t.c.a.a.c.u.util.UserUtilService   : 1 instructors generated
    23:41:56.707 |  28 nPool-1-worker-2 | DEBUG | d.t.c.a.a.c.u.util.UserUtilService   : Removing 5 users from all courses...
    23:41:56.710 |  28 nPool-1-worker-2 | DEBUG | d.t.c.a.a.c.u.util.UserUtilService   : Removing 5 users from all courses. Done
    23:41:56.710 |  28 nPool-1-worker-2 | DEBUG | d.t.c.a.a.c.u.util.UserUtilService   : Save 5 users to database...
    23:41:56.737 |  28 nPool-1-worker-2 | DEBUG | d.t.c.a.a.c.u.util.UserUtilService   : Save 5 users to database. Done
    23:41:56.810 |  28 nPool-1-worker-2 | DEBUG | .c.s.m.InstanceMessageReceiveService : Received schedule participant score for exercise 30 and participant 2 (result to be deleted: null)
    23:41:56.810 |  28 nPool-1-worker-2 | DEBUG | .a.s.ParticipantScoreScheduleService : Scheduled task for exercise 30 and participant 2 at 2025-02-14T23:41:56.910498303Z[Etc/UTC].
    23:41:56.822 |  28 nPool-1-worker-2 | DEBUG | .c.s.m.InstanceMessageReceiveService : Received schedule participant score for exercise 30 and participant 2 (result to be deleted: null)
    23:41:56.822 |  28 nPool-1-worker-2 | DEBUG | .a.s.ParticipantScoreScheduleService : Scheduled task for exercise 30 and participant 2 at 2025-02-14T23:41:56.922410309Z[Etc/UTC].
    23:41:56.854 |  28 nPool-1-worker-2 | DEBUG | .c.s.m.InstanceMessageReceiveService : Received schedule participant score for exercise 30 and participant 2 (result to be deleted: null)
    23:41:56.854 |  28 nPool-1-worker-2 | DEBUG | .a.s.ParticipantScoreScheduleService : Scheduled task for exercise 30 and participant 2 at 2025-02-14T23:41:56.954247465Z[Etc/UTC].
    23:41:56.875 |  28 nPool-1-worker-2 | DEBUG | .c.s.m.InstanceMessageReceiveService : Received schedule participant score for exercise 30 and participant 2 (result to be deleted: null)
    23:41:56.875 |  28 nPool-1-worker-2 | DEBUG | .a.s.ParticipantScoreScheduleService : Scheduled task for exercise 30 and participant 2 at 2025-02-14T23:41:56.975857022Z[Etc/UTC].
    23:41:56.895 |  28 nPool-1-worker-2 | DEBUG | .c.s.m.InstanceMessageReceiveService : Received schedule participant score for exercise 30 and participant 2 (result to be deleted: null)
    23:41:56.897 |  28 nPool-1-worker-2 | DEBUG | .a.s.ParticipantScoreScheduleService : Scheduled task for exercise 30 and participant 2 at 2025-02-14T23:41:56.997524046Z[Etc/UTC].
    23:41:56.906 |  28 nPool-1-worker-2 | INFO  | i.z.t.d.l.EmbeddedDatabaseReporter   : JDBC URL to connect to 'dataSource': url='jdbc:h2:tcp://localhost:41063/mem:df70fc46-7e57-4cb5-9cd0-c1d90c14afa7;USER=sa', scope='AssessmentComplaintIntegrationTest#getComplaintsByCourseId_tutor_sensitiveDataHidden'
    23:41:56.917 |  28 nPool-1-worker-2 | DEBUG | d.t.c.a.a.c.s.f.ApiVersionFilter     : Adding Version to Request GET /api/complaints

  Starting logs for AssessmentComplaintIntegrationTest > testGetComplaintsByCourseIdAndExamId()
    23:41:56.974 |  28 nPool-1-worker-2 | DEBUG | d.t.c.a.a.c.u.util.UserUtilService   : Generate 2 students...
    23:41:56.987 |  28 nPool-1-worker-2 | DEBUG | d.t.c.a.a.c.u.util.UserUtilService   : 2 students generated. Generate 2 tutors...
    23:41:57.007 |  28 nPool-1-worker-2 | DEBUG | d.t.c.a.a.c.u.util.UserUtilService   : 2 tutors generated. Generate 0 editors...
    23:41:57.011 |  28 nPool-1-worker-2 | DEBUG | d.t.c.a.a.c.u.util.UserUtilService   : 0 editors generated. Generate 1 instructors...
    23:41:57.021 |  28 nPool-1-worker-2 | DEBUG | d.t.c.a.a.c.u.util.UserUtilService   : 1 instructors generated
    23:41:57.024 |  28 nPool-1-worker-2 | DEBUG | d.t.c.a.a.c.u.util.UserUtilService   : Removing 5 users from all courses...
    23:41:57.029 |  28 nPool-1-worker-2 | DEBUG | d.t.c.a.a.c.u.util.UserUtilService   : Removing 5 users from all courses. Done
    23:41:57.029 |  28 nPool-1-worker-2 | DEBUG | d.t.c.a.a.c.u.util.UserUtilService   : Save 5 users to database...
    23:41:57.052 |  28 nPool-1-worker-2 | DEBUG | d.t.c.a.a.c.u.util.UserUtilService   : Save 5 users to database. Done
    23:41:57.094 |  28 nPool-1-worker-2 | DEBUG | .c.s.m.InstanceMessageReceiveService : Received schedule participant score for exercise 33 and participant 2 (result to be deleted: null)
    23:41:57.094 |  28 nPool-1-worker-2 | DEBUG | .a.s.ParticipantScoreScheduleService : Scheduled task for exercise 33 and participant 2 at 2025-02-14T23:41:57.194914503Z[Etc/UTC].
    23:41:57.101 |  28 nPool-1-worker-2 | DEBUG | .c.s.m.InstanceMessageReceiveService : Received schedule participant score for exercise 33 and participant 2 (result to be deleted: null)
    23:41:57.101 |  28 nPool-1-worker-2 | DEBUG | .a.s.ParticipantScoreScheduleService : Scheduled task for exercise 33 and participant 2 at 2025-02-14T23:41:57.201291775Z[Etc/UTC].
    23:41:57.113 |  28 nPool-1-worker-2 | DEBUG | .c.s.m.InstanceMessageReceiveService : Received schedule participant score for exercise 33 and participant 2 (result to be deleted: null)
    23:41:57.114 |  28 nPool-1-worker-2 | DEBUG | .a.s.ParticipantScoreScheduleService : Scheduled task for exercise 33 and participant 2 at 2025-02-14T23:41:57.214039066Z[Etc/UTC].
    23:41:57.131 |  28 nPool-1-worker-2 | DEBUG | .c.s.m.InstanceMessageReceiveService : Received schedule participant score for exercise 33 and participant 2 (result to be deleted: null)
    23:41:57.131 |  28 nPool-1-worker-2 | DEBUG | .a.s.ParticipantScoreScheduleService : Scheduled task for exercise 33 and participant 2 at 2025-02-14T23:41:57.231372369Z[Etc/UTC].
    23:41:57.153 |  28 nPool-1-worker-2 | DEBUG | .c.s.m.InstanceMessageReceiveService : Received schedule participant score for exercise 33 and participant 2 (result to be deleted: null)
    23:41:57.153 |  28 nPool-1-worker-2 | DEBUG | .a.s.ParticipantScoreScheduleService : Scheduled task for exercise 33 and participant 2 at 2025-02-14T23:41:57.253389706Z[Etc/UTC].
    23:41:57.160 |  28 nPool-1-worker-2 | INFO  | i.z.t.d.l.EmbeddedDatabaseReporter   : JDBC URL to connect to 'dataSource': url='jdbc:h2:tcp://localhost:41063/mem:df70fc46-7e57-4cb5-9cd0-c1d90c14afa7;USER=sa', scope='AssessmentComplaintIntegrationTest#testGetComplaintsByCourseIdAndExamId'
    23:41:57.220 |  28 nPool-1-worker-2 | DEBUG | .c.s.m.InstanceMessageReceiveService : Received schedule participant score for exercise 36 and participant 2 (result to be deleted: null)
    23:41:57.220 |  28 nPool-1-worker-2 | DEBUG | .a.s.ParticipantScoreScheduleService : Scheduled task for exercise 36 and participant 2 at 2025-02-14T23:41:57.320427906Z[Etc/UTC].
    23:41:57.232 |  28 nPool-1-worker-2 | DEBUG | .c.s.m.InstanceMessageReceiveService : Received schedule participant score for exercise 36 and participant 2 (result to be deleted: null)
    23:41:57.232 |  28 nPool-1-worker-2 | DEBUG | .a.s.ParticipantScoreScheduleService : Scheduled task for exercise 36 and participant 2 at 2025-02-14T23:41:57.332636061Z[Etc/UTC].
    23:41:57.245 |  28 nPool-1-worker-2 | DEBUG | .c.s.m.InstanceMessageReceiveService : Received schedule participant score for exercise 36 and participant 2 (result to be deleted: null)
    23:41:57.246 |  28 nPool-1-worker-2 | DEBUG | .a.s.ParticipantScoreScheduleService : Scheduled task for exercise 36 and participant 2 at 2025-02-14T23:41:57.345969697Z[Etc/UTC].
    23:41:57.249 |  28 nPool-1-worker-2 | DEBUG | d.t.c.a.a.c.s.f.ApiVersionFilter     : Adding Version to Request POST /api/complaints
    23:41:57.250 |  28 nPool-1-worker-2 | DEBUG | d.t.c.a.a.a.web.ComplaintResource    : REST request to save Complaint: ComplaintRequestDTO[resultId=14, complaintText=This is not fair, complaintType=COMPLAINT, examId=Optional[2]]
    23:41:57.253 | 665 taskScheduler-3  | DEBUG | .a.s.ParticipantScoreScheduleService : Processing exercise 33 and participant 2 to update participant scores.
    23:41:57.277 | 665 taskScheduler-3  | DEBUG | .a.s.ParticipantScoreScheduleService : Updated participant score 6.
    23:41:57.282 | 665 taskScheduler-3  | DEBUG | .a.s.ParticipantScoreScheduleService : Updating the participant score for exercise 33 and participant 2 took 29 ms.
    23:41:57.289 |  28 nPool-1-worker-2 | DEBUG | .c.s.m.InstanceMessageReceiveService : Received schedule participant score for exercise 36 and participant 2 (result to be deleted: null)
    23:41:57.289 |  28 nPool-1-worker-2 | DEBUG | .a.s.ParticipantScoreScheduleService : Scheduled task for exercise 36 and participant 2 at 2025-02-14T23:41:57.389737852Z[Etc/UTC].
    23:41:57.314 |  28 nPool-1-worker-2 | DEBUG | d.t.c.a.a.c.s.f.ApiVersionFilter     : Adding Version to Request GET /api/complaints
    23:41:57.316 |  28 nPool-1-worker-2 | WARN  | o.z.p.spring.common.AdviceTraits     : Forbidden: Access Denied
    23:41:57.322 |  28 nPool-1-worker-2 | DEBUG | d.t.c.a.a.c.s.f.ApiVersionFilter     : Adding Version to Request GET /api/complaints
    23:41:57.324 |  28 nPool-1-worker-2 | WARN  | o.z.p.spring.common.AdviceTraits     : Forbidden: Access Denied
    23:41:57.329 |  28 nPool-1-worker-2 | DEBUG | d.t.c.a.a.c.s.f.ApiVersionFilter     : Adding Version to Request GET /api/complaints

  Starting logs for AssessmentComplaintIntegrationTest > getComplaintByResultIdNoComplaintExists()
    23:41:57.397 |  28 nPool-1-worker-2 | DEBUG | d.t.c.a.a.c.u.util.UserUtilService   : Generate 2 students...
    23:41:57.413 |  28 nPool-1-worker-2 | DEBUG | d.t.c.a.a.c.u.util.UserUtilService   : 2 students generated. Generate 2 tutors...
    23:41:57.423 |  28 nPool-1-worker-2 | DEBUG | d.t.c.a.a.c.u.util.UserUtilService   : 2 tutors generated. Generate 0 editors...
    23:41:57.425 |  28 nPool-1-worker-2 | DEBUG | d.t.c.a.a.c.u.util.UserUtilService   : 0 editors generated. Generate 1 instructors...
    23:41:57.429 |  28 nPool-1-worker-2 | DEBUG | d.t.c.a.a.c.u.util.UserUtilService   : 1 instructors generated
    23:41:57.433 |  28 nPool-1-worker-2 | DEBUG | d.t.c.a.a.c.u.util.UserUtilService   : Removing 5 users from all courses...
    23:41:57.440 |  28 nPool-1-worker-2 | DEBUG | d.t.c.a.a.c.u.util.UserUtilService   : Removing 5 users from all courses. Done
    23:41:57.440 |  28 nPool-1-worker-2 | DEBUG | d.t.c.a.a.c.u.util.UserUtilService   : Save 5 users to database...
    23:41:57.460 |  28 nPool-1-worker-2 | DEBUG | d.t.c.a.a.c.u.util.UserUtilService   : Save 5 users to database. Done
    23:41:57.489 |  28 nPool-1-worker-2 | DEBUG | .c.s.m.InstanceMessageReceiveService : Received schedule participant score for exercise 37 and participant 2 (result to be deleted: null)
    23:41:57.489 |  28 nPool-1-worker-2 | DEBUG | .a.s.ParticipantScoreScheduleService : Scheduled task for exercise 37 and participant 2 at 2025-02-14T23:41:57.589579993Z[Etc/UTC].
    23:41:57.497 |  28 nPool-1-worker-2 | DEBUG | .c.s.m.InstanceMessageReceiveService : Received schedule participant score for exercise 37 and participant 2 (result to be deleted: null)
    23:41:57.497 |  28 nPool-1-worker-2 | DEBUG | .a.s.ParticipantScoreScheduleService : Scheduled task for exercise 37 and participant 2 at 2025-02-14T23:41:57.597299789Z[Etc/UTC].
    23:41:57.514 |  28 nPool-1-worker-2 | DEBUG | .c.s.m.InstanceMessageReceiveService : Received schedule participant score for exercise 37 and participant 2 (result to be deleted: null)
    23:41:57.515 |  28 nPool-1-worker-2 | DEBUG | .a.s.ParticipantScoreScheduleService : Scheduled task for exercise 37 and participant 2 at 2025-02-14T23:41:57.615374822Z[Etc/UTC].
    23:41:57.533 |  28 nPool-1-worker-2 | DEBUG | .c.s.m.InstanceMessageReceiveService : Received schedule participant score for exercise 37 and participant 2 (result to be deleted: null)
    23:41:57.533 |  28 nPool-1-worker-2 | DEBUG | .a.s.ParticipantScoreScheduleService : Scheduled task for exercise 37 and participant 2 at 2025-02-14T23:41:57.633457261Z[Etc/UTC].
    23:41:57.558 |  28 nPool-1-worker-2 | DEBUG | .c.s.m.InstanceMessageReceiveService : Received schedule participant score for exercise 37 and participant 2 (result to be deleted: null)
    23:41:57.558 |  28 nPool-1-worker-2 | DEBUG | .a.s.ParticipantScoreScheduleService : Scheduled task for exercise 37 and participant 2 at 2025-02-14T23:41:57.658736774Z[Etc/UTC].
    23:41:57.567 |  28 nPool-1-worker-2 | INFO  | i.z.t.d.l.EmbeddedDatabaseReporter   : JDBC URL to connect to 'dataSource': url='jdbc:h2:tcp://localhost:41063/mem:df70fc46-7e57-4cb5-9cd0-c1d90c14afa7;USER=sa', scope='AssessmentComplaintIntegrationTest#getComplaintByResultIdNoComplaintExists'
    23:41:57.572 |  28 nPool-1-worker-2 | DEBUG | d.t.c.a.a.c.s.f.ApiVersionFilter     : Adding Version to Request GET /api/complaints
    23:41:57.573 |  28 nPool-1-worker-2 | DEBUG | d.t.c.a.a.a.web.ComplaintResource    : REST request to get latest Complaint associated with a result of submission : 15

  Starting logs for AssessmentComplaintIntegrationTest > submitComplaintResponseComplaintResponseTextLimitExceeded()
    23:41:57.668 |  28 nPool-1-worker-2 | DEBUG | d.t.c.a.a.c.u.util.UserUtilService   : Generate 2 students...
    23:41:57.676 |  28 nPool-1-worker-2 | DEBUG | d.t.c.a.a.c.u.util.UserUtilService   : 2 students generated. Generate 2 tutors...
    23:41:57.682 |  28 nPool-1-worker-2 | DEBUG | d.t.c.a.a.c.u.util.UserUtilService   : 2 tutors generated. Generate 0 editors...
    23:41:57.684 |  28 nPool-1-worker-2 | DEBUG | d.t.c.a.a.c.u.util.UserUtilService   : 0 editors generated. Generate 1 instructors...
    23:41:57.688 |  28 nPool-1-worker-2 | DEBUG | d.t.c.a.a.c.u.util.UserUtilService   : 1 instructors generated
    23:41:57.693 |  28 nPool-1-worker-2 | DEBUG | d.t.c.a.a.c.u.util.UserUtilService   : Removing 5 users from all courses...
    23:41:57.698 |  28 nPool-1-worker-2 | DEBUG | d.t.c.a.a.c.u.util.UserUtilService   : Removing 5 users from all courses. Done
    23:41:57.698 |  28 nPool-1-worker-2 | DEBUG | d.t.c.a.a.c.u.util.UserUtilService   : Save 5 users to database...
    23:41:57.731 |  28 nPool-1-worker-2 | DEBUG | d.t.c.a.a.c.u.util.UserUtilService   : Save 5 users to database. Done
    23:41:57.771 |  28 nPool-1-worker-2 | DEBUG | .c.s.m.InstanceMessageReceiveService : Received schedule participant score for exercise 40 and participant 2 (result to be deleted: null)
    23:41:57.772 |  28 nPool-1-worker-2 | DEBUG | .a.s.ParticipantScoreScheduleService : Scheduled task for exercise 40 and participant 2 at 2025-02-14T23:41:57.872074168Z[Etc/UTC].
    23:41:57.786 |  28 nPool-1-worker-2 | DEBUG | .c.s.m.InstanceMessageReceiveService : Received schedule participant score for exercise 40 and participant 2 (result to be deleted: null)
    23:41:57.786 |  28 nPool-1-worker-2 | DEBUG | .a.s.ParticipantScoreScheduleService : Scheduled task for exercise 40 and participant 2 at 2025-02-14T23:41:57.886326405Z[Etc/UTC].
    23:41:57.806 |  28 nPool-1-worker-2 | DEBUG | .c.s.m.InstanceMessageReceiveService : Received schedule participant score for exercise 40 and participant 2 (result to be deleted: null)
    23:41:57.806 |  28 nPool-1-worker-2 | DEBUG | .a.s.ParticipantScoreScheduleService : Scheduled task for exercise 40 and participant 2 at 2025-02-14T23:41:57.906513479Z[Etc/UTC].
    23:41:57.814 |  28 nPool-1-worker-2 | DEBUG | .c.s.m.InstanceMessageReceiveService : Received schedule participant score for exercise 40 and participant 2 (result to be deleted: null)
    23:41:57.815 |  28 nPool-1-worker-2 | DEBUG | .a.s.ParticipantScoreScheduleService : Scheduled task for exercise 40 and participant 2 at 2025-02-14T23:41:57.914956944Z[Etc/UTC].
    23:41:57.825 |  28 nPool-1-worker-2 | DEBUG | .c.s.m.InstanceMessageReceiveService : Received schedule participant score for exercise 40 and participant 2 (result to be deleted: null)
    23:41:57.825 |  28 nPool-1-worker-2 | DEBUG | .a.s.ParticipantScoreScheduleService : Scheduled task for exercise 40 and participant 2 at 2025-02-14T23:41:57.925330829Z[Etc/UTC].
    23:41:57.829 |  28 nPool-1-worker-2 | INFO  | i.z.t.d.l.EmbeddedDatabaseReporter   : JDBC URL to connect to 'dataSource': url='jdbc:h2:tcp://localhost:41063/mem:df70fc46-7e57-4cb5-9cd0-c1d90c14afa7;USER=sa', scope='AssessmentComplaintIntegrationTest#submitComplaintResponseComplaintResponseTextLimitExceeded'
    23:41:57.860 |  28 nPool-1-worker-2 | DEBUG | d.t.c.a.a.c.s.f.ApiVersionFilter     : Adding Version to Request PUT /api/modeling-submissions/16/assessment-after-complaint
    23:41:57.872 |  28 nPool-1-worker-2 | DEBUG | c.a.a.m.w.ModelingAssessmentResource : REST request to update the assessment of submission 16 after complaint.
    23:41:57.887 |  28 nPool-1-worker-2 | ERROR | tech.jhipster.web.util.HeaderUtil    : Entity processing failed, You cannot submit a complaint response that exceeds the maximum number of 25 characters
    23:41:57.887 |  28 nPool-1-worker-2 | WARN  | o.z.p.spring.common.AdviceTraits     : Bad Request: You cannot submit a complaint response that exceeds the maximum number of 25 characters

  Starting logs for AssessmentComplaintIntegrationTest > getComplaintsForAssessmentDashboardTestRunTutorIsNotTutorForCourse()
    23:41:57.908 |  28 nPool-1-worker-2 | DEBUG | d.t.c.a.a.c.u.util.UserUtilService   : Generate 2 students...
    23:41:57.923 |  28 nPool-1-worker-2 | DEBUG | d.t.c.a.a.c.u.util.UserUtilService   : 2 students generated. Generate 2 tutors...
    23:41:57.935 |  28 nPool-1-worker-2 | DEBUG | d.t.c.a.a.c.u.util.UserUtilService   : 2 tutors generated. Generate 0 editors...
    23:41:57.940 |  28 nPool-1-worker-2 | DEBUG | d.t.c.a.a.c.u.util.UserUtilService   : 0 editors generated. Generate 1 instructors...
    23:41:57.947 |  28 nPool-1-worker-2 | DEBUG | d.t.c.a.a.c.u.util.UserUtilService   : 1 instructors generated
    23:41:57.953 |  28 nPool-1-worker-2 | DEBUG | d.t.c.a.a.c.u.util.UserUtilService   : Removing 5 users from all courses...
    23:41:57.959 |  28 nPool-1-worker-2 | DEBUG | d.t.c.a.a.c.u.util.UserUtilService   : Removing 5 users from all courses. Done
    23:41:57.959 |  28 nPool-1-worker-2 | DEBUG | d.t.c.a.a.c.u.util.UserUtilService   : Save 5 users to database...
    23:41:57.991 |  28 nPool-1-worker-2 | DEBUG | d.t.c.a.a.c.u.util.UserUtilService   : Save 5 users to database. Done
    23:41:58.013 |  28 nPool-1-worker-2 | DEBUG | .c.s.m.InstanceMessageReceiveService : Received schedule participant score for exercise 43 and participant 2 (result to be deleted: null)
    23:41:58.013 |  28 nPool-1-worker-2 | DEBUG | .a.s.ParticipantScoreScheduleService : Scheduled task for exercise 43 and participant 2 at 2025-02-14T23:41:58.113627076Z[Etc/UTC].
    23:41:58.027 |  28 nPool-1-worker-2 | DEBUG | .c.s.m.InstanceMessageReceiveService : Received schedule participant score for exercise 43 and participant 2 (result to be deleted: null)
    23:41:58.027 |  28 nPool-1-worker-2 | DEBUG | .a.s.ParticipantScoreScheduleService : Scheduled task for exercise 43 and participant 2 at 2025-02-14T23:41:58.127815183Z[Etc/UTC].
    23:41:58.059 |  28 nPool-1-worker-2 | DEBUG | .c.s.m.InstanceMessageReceiveService : Received schedule participant score for exercise 43 and participant 2 (result to be deleted: null)
    23:41:58.059 |  28 nPool-1-worker-2 | DEBUG | .a.s.ParticipantScoreScheduleService : Scheduled task for exercise 43 and participant 2 at 2025-02-14T23:41:58.159591481Z[Etc/UTC].
    23:41:58.084 |  28 nPool-1-worker-2 | DEBUG | .c.s.m.InstanceMessageReceiveService : Received schedule participant score for exercise 43 and participant 2 (result to be deleted: null)
    23:41:58.084 |  28 nPool-1-worker-2 | DEBUG | .a.s.ParticipantScoreScheduleService : Scheduled task for exercise 43 and participant 2 at 2025-02-14T23:41:58.184546466Z[Etc/UTC].
    23:41:58.107 |  28 nPool-1-worker-2 | DEBUG | .c.s.m.InstanceMessageReceiveService : Received schedule participant score for exercise 43 and participant 2 (result to be deleted: null)
    23:41:58.107 |  28 nPool-1-worker-2 | DEBUG | .a.s.ParticipantScoreScheduleService : Scheduled task for exercise 43 and participant 2 at 2025-02-14T23:41:58.207772226Z[Etc/UTC].
    23:41:58.118 |  28 nPool-1-worker-2 | INFO  | i.z.t.d.l.EmbeddedDatabaseReporter   : JDBC URL to connect to 'dataSource': url='jdbc:h2:tcp://localhost:41063/mem:df70fc46-7e57-4cb5-9cd0-c1d90c14afa7;USER=sa', scope='AssessmentComplaintIntegrationTest#getComplaintsForAssessmentDashboardTestRunTutorIsNotTutorForCourse'
    23:41:58.133 |  28 nPool-1-worker-2 | DEBUG | .c.s.m.InstanceMessageReceiveService : Received schedule participant score for exercise 43 and participant 2 (result to be deleted: null)
    23:41:58.133 |  28 nPool-1-worker-2 | DEBUG | .a.s.ParticipantScoreScheduleService : Scheduled task for exercise 43 and participant 2 at 2025-02-14T23:41:58.233826301Z[Etc/UTC].
    23:41:58.174 |  28 nPool-1-worker-2 | DEBUG | d.t.c.a.a.c.s.f.ApiVersionFilter     : Adding Version to Request GET /api/complaints
    23:41:58.187 |  28 nPool-1-worker-2 | WARN  | o.z.p.spring.common.AdviceTraits     : Forbidden: You are not allowed to access the Course with id 16

  Starting logs for AssessmentComplaintIntegrationTest > submitComplaintForExerciseComplaintNotExceededTextLimit()
    23:41:58.218 |  28 nPool-1-worker-2 | DEBUG | d.t.c.a.a.c.u.util.UserUtilService   : Generate 2 students...
    23:41:58.225 |  28 nPool-1-worker-2 | DEBUG | d.t.c.a.a.c.u.util.UserUtilService   : 2 students generated. Generate 2 tutors...
    23:41:58.241 |  28 nPool-1-worker-2 | DEBUG | d.t.c.a.a.c.u.util.UserUtilService   : 2 tutors generated. Generate 0 editors...
    23:41:58.242 |  28 nPool-1-worker-2 | DEBUG | d.t.c.a.a.c.u.util.UserUtilService   : 0 editors generated. Generate 1 instructors...
    23:41:58.248 |  28 nPool-1-worker-2 | DEBUG | d.t.c.a.a.c.u.util.UserUtilService   : 1 instructors generated
    23:41:58.254 |  28 nPool-1-worker-2 | DEBUG | d.t.c.a.a.c.u.util.UserUtilService   : Removing 5 users from all courses...
    23:41:58.258 |  28 nPool-1-worker-2 | DEBUG | d.t.c.a.a.c.u.util.UserUtilService   : Removing 5 users from all courses. Done
    23:41:58.258 |  28 nPool-1-worker-2 | DEBUG | d.t.c.a.a.c.u.util.UserUtilService   : Save 5 users to database...
    23:41:58.274 |  28 nPool-1-worker-2 | DEBUG | d.t.c.a.a.c.u.util.UserUtilService   : Save 5 users to database. Done
    23:41:58.297 |  28 nPool-1-worker-2 | DEBUG | .c.s.m.InstanceMessageReceiveService : Received schedule participant score for exercise 46 and participant 2 (result to be deleted: null)
    23:41:58.297 |  28 nPool-1-worker-2 | DEBUG | .a.s.ParticipantScoreScheduleService : Scheduled task for exercise 46 and participant 2 at 2025-02-14T23:41:58.397154159Z[Etc/UTC].
    23:41:58.303 |  28 nPool-1-worker-2 | DEBUG | .c.s.m.InstanceMessageReceiveService : Received schedule participant score for exercise 46 and participant 2 (result to be deleted: null)
    23:41:58.303 |  28 nPool-1-worker-2 | DEBUG | .a.s.ParticipantScoreScheduleService : Scheduled task for exercise 46 and participant 2 at 2025-02-14T23:41:58.803321028Z[Etc/UTC].
    23:41:58.328 |  28 nPool-1-worker-2 | DEBUG | .c.s.m.InstanceMessageReceiveService : Received schedule participant score for exercise 46 and participant 2 (result to be deleted: null)
    23:41:58.329 |  28 nPool-1-worker-2 | DEBUG | .a.s.ParticipantScoreScheduleService : Scheduled task for exercise 46 and participant 2 at 2025-02-14T23:41:58.528990596Z[Etc/UTC].
    23:41:58.345 |  28 nPool-1-worker-2 | DEBUG | .c.s.m.InstanceMessageReceiveService : Received schedule participant score for exercise 46 and participant 2 (result to be deleted: null)
    23:41:58.345 |  28 nPool-1-worker-2 | DEBUG | .a.s.ParticipantScoreScheduleService : Scheduled task for exercise 46 and participant 2 at 2025-02-14T23:41:58.545198319Z[Etc/UTC].
    23:41:58.365 |  28 nPool-1-worker-2 | DEBUG | .c.s.m.InstanceMessageReceiveService : Received schedule participant score for exercise 46 and participant 2 (result to be deleted: null)
    23:41:58.365 |  28 nPool-1-worker-2 | DEBUG | .a.s.ParticipantScoreScheduleService : Scheduled task for exercise 46 and participant 2 at 2025-02-14T23:41:58.565431389Z[Etc/UTC].
    23:41:58.370 |  28 nPool-1-worker-2 | INFO  | i.z.t.d.l.EmbeddedDatabaseReporter   : JDBC URL to connect to 'dataSource': url='jdbc:h2:tcp://localhost:41063/mem:df70fc46-7e57-4cb5-9cd0-c1d90c14afa7;USER=sa', scope='AssessmentComplaintIntegrationTest#submitComplaintForExerciseComplaintNotExceededTextLimit'
    23:41:58.417 |  28 nPool-1-worker-2 | DEBUG | d.t.c.a.a.c.s.f.ApiVersionFilter     : Adding Version to Request POST /api/complaints
    23:41:58.418 |  28 nPool-1-worker-2 | DEBUG | d.t.c.a.a.a.web.ComplaintResource    : REST request to save Complaint: ComplaintRequestDTO[resultId=18, complaintText=abcdefghijklmnopqrstuvwxyz, complaintType=COMPLAINT, examId=Optional.empty]
    23:41:58.447 |  28 nPool-1-worker-2 | DEBUG | .c.s.m.InstanceMessageReceiveService : Received schedule participant score for exercise 46 and participant 2 (result to be deleted: null)
    23:41:58.447 |  28 nPool-1-worker-2 | DEBUG | .a.s.ParticipantScoreScheduleService : Scheduled task for exercise 46 and participant 2 at 2025-02-14T23:41:58.547701Z[Etc/UTC].

  Starting logs for AssessmentComplaintIntegrationTest > submitComplaintResponse_updateAssessment()
    23:41:58.585 |  28 nPool-1-worker-2 | DEBUG | d.t.c.a.a.c.u.util.UserUtilService   : Generate 2 students...
    23:41:58.598 |  28 nPool-1-worker-2 | DEBUG | d.t.c.a.a.c.u.util.UserUtilService   : 2 students generated. Generate 2 tutors...
    23:41:58.610 |  28 nPool-1-worker-2 | DEBUG | d.t.c.a.a.c.u.util.UserUtilService   : 2 tutors generated. Generate 0 editors...
    23:41:58.614 |  28 nPool-1-worker-2 | DEBUG | d.t.c.a.a.c.u.util.UserUtilService   : 0 editors generated. Generate 1 instructors...
    23:41:58.619 |  28 nPool-1-worker-2 | DEBUG | d.t.c.a.a.c.u.util.UserUtilService   : 1 instructors generated
    23:41:58.624 |  28 nPool-1-worker-2 | DEBUG | d.t.c.a.a.c.u.util.UserUtilService   : Removing 5 users from all courses...
    23:41:58.630 |  28 nPool-1-worker-2 | DEBUG | d.t.c.a.a.c.u.util.UserUtilService   : Removing 5 users from all courses. Done
    23:41:58.630 |  28 nPool-1-worker-2 | DEBUG | d.t.c.a.a.c.u.util.UserUtilService   : Save 5 users to database...
    23:41:58.663 |  28 nPool-1-worker-2 | DEBUG | d.t.c.a.a.c.u.util.UserUtilService   : Save 5 users to database. Done
    23:41:58.720 |  28 nPool-1-worker-2 | DEBUG | .c.s.m.InstanceMessageReceiveService : Received schedule participant score for exercise 49 and participant 2 (result to be deleted: null)
    23:41:58.721 |  28 nPool-1-worker-2 | DEBUG | .a.s.ParticipantScoreScheduleService : Scheduled task for exercise 49 and participant 2 at 2025-02-14T23:41:58.821068206Z[Etc/UTC].
    23:41:58.738 |  28 nPool-1-worker-2 | DEBUG | .c.s.m.InstanceMessageReceiveService : Received schedule participant score for exercise 49 and participant 2 (result to be deleted: null)
    23:41:58.738 |  28 nPool-1-worker-2 | DEBUG | .a.s.ParticipantScoreScheduleService : Scheduled task for exercise 49 and participant 2 at 2025-02-14T23:41:58.838682262Z[Etc/UTC].
    23:41:58.767 |  28 nPool-1-worker-2 | DEBUG | .c.s.m.InstanceMessageReceiveService : Received schedule participant score for exercise 49 and participant 2 (result to be deleted: null)
    23:41:58.767 |  28 nPool-1-worker-2 | DEBUG | .a.s.ParticipantScoreScheduleService : Scheduled task for exercise 49 and participant 2 at 2025-02-14T23:41:58.867617911Z[Etc/UTC].
    23:41:58.789 |  28 nPool-1-worker-2 | DEBUG | .c.s.m.InstanceMessageReceiveService : Received schedule participant score for exercise 49 and participant 2 (result to be deleted: null)
    23:41:58.789 |  28 nPool-1-worker-2 | DEBUG | .a.s.ParticipantScoreScheduleService : Scheduled task for exercise 49 and participant 2 at 2025-02-14T23:41:58.889562933Z[Etc/UTC].
    23:41:58.810 |  28 nPool-1-worker-2 | DEBUG | .c.s.m.InstanceMessageReceiveService : Received schedule participant score for exercise 49 and participant 2 (result to be deleted: null)
    23:41:58.810 |  28 nPool-1-worker-2 | DEBUG | .a.s.ParticipantScoreScheduleService : Scheduled task for exercise 49 and participant 2 at 2025-02-14T23:41:58.910684189Z[Etc/UTC].
    23:41:58.817 |  28 nPool-1-worker-2 | INFO  | i.z.t.d.l.EmbeddedDatabaseReporter   : JDBC URL to connect to 'dataSource': url='jdbc:h2:tcp://localhost:41063/mem:df70fc46-7e57-4cb5-9cd0-c1d90c14afa7;USER=sa', scope='AssessmentComplaintIntegrationTest#submitComplaintResponse_updateAssessment'
    23:41:58.841 |  28 nPool-1-worker-2 | DEBUG | d.t.c.a.a.c.s.f.ApiVersionFilter     : Adding Version to Request PUT /api/modeling-submissions/19/assessment-after-complaint
    23:41:58.856 |  28 nPool-1-worker-2 | DEBUG | c.a.a.m.w.ModelingAssessmentResource : REST request to update the assessment of submission 19 after complaint.
    23:41:58.910 | 665 taskScheduler-3  | DEBUG | .a.s.ParticipantScoreScheduleService : Processing exercise 49 and participant 2 to update participant scores.
    23:41:58.917 |  28 nPool-1-worker-2 | DEBUG | .c.s.m.InstanceMessageReceiveService : Received schedule participant score for exercise 49 and participant 2 (result to be deleted: null)
    23:41:58.917 |  28 nPool-1-worker-2 | DEBUG | .a.s.ParticipantScoreScheduleService : Scheduled task for exercise 49 and participant 2 at 2025-02-14T23:41:59.017779496Z[Etc/UTC].
    23:41:58.927 | 665 taskScheduler-3  | DEBUG | .a.s.ParticipantScoreScheduleService : Updated participant score 7.
    23:41:58.928 | 665 taskScheduler-3  | DEBUG | .a.s.ParticipantScoreScheduleService : Updating the participant score for exercise 49 and participant 2 took 18 ms.
    23:41:58.980 |  28 nPool-1-worker-2 | DEBUG | .c.s.m.InstanceMessageReceiveService : Received schedule participant score for exercise 49 and participant 2 (result to be deleted: null)
    23:41:58.980 |  28 nPool-1-worker-2 | DEBUG | .a.s.ParticipantScoreScheduleService : Scheduled task for exercise 49 and participant 2 at 2025-02-14T23:41:59.480727390Z[Etc/UTC].
    23:41:59.017 | 666 taskScheduler-4  | DEBUG | .a.s.ParticipantScoreScheduleService : Processing exercise 49 and participant 2 to update participant scores.
    23:41:59.020 |  28 nPool-1-worker-2 | DEBUG | .c.s.m.InstanceMessageReceiveService : Received schedule participant score for exercise 49 and participant 2 (result to be deleted: null)
    23:41:59.020 |  28 nPool-1-worker-2 | DEBUG | .a.s.ParticipantScoreScheduleService : Scheduled task for exercise 49 and participant 2 at 2025-02-14T23:41:59.520711591Z[Etc/UTC].
    23:41:59.022 | 666 taskScheduler-4  | DEBUG | .a.s.ParticipantScoreScheduleService : Participant score 7 is already up-to-date, skipping.
    23:41:59.034 |  28 nPool-1-worker-2 | DEBUG | .c.s.m.InstanceMessageReceiveService : Received schedule participant score for exercise 49 and participant 2 (result to be deleted: null)
    23:41:59.034 |  28 nPool-1-worker-2 | DEBUG | .a.s.ParticipantScoreScheduleService : Scheduled task for exercise 49 and participant 2 at 2025-02-14T23:41:59.534360653Z[Etc/UTC].
    23:41:59.044 |  28 nPool-1-worker-2 | DEBUG | .c.s.m.InstanceMessageReceiveService : Received schedule participant score for exercise 49 and participant 2 (result to be deleted: null)
    23:41:59.044 |  28 nPool-1-worker-2 | DEBUG | .a.s.ParticipantScoreScheduleService : Scheduled task for exercise 49 and participant 2 at 2025-02-14T23:41:59.544580761Z[Etc/UTC].

  Starting logs for AssessmentComplaintIntegrationTest > submitComplaintAboutModelingAssessment_complaintLimitReached()
    23:41:59.149 |  28 nPool-1-worker-2 | DEBUG | d.t.c.a.a.c.u.util.UserUtilService   : Generate 2 students...
    23:41:59.162 |  28 nPool-1-worker-2 | DEBUG | d.t.c.a.a.c.u.util.UserUtilService   : 2 students generated. Generate 2 tutors...
    23:41:59.172 |  28 nPool-1-worker-2 | DEBUG | d.t.c.a.a.c.u.util.UserUtilService   : 2 tutors generated. Generate 0 editors...
    23:41:59.173 |  28 nPool-1-worker-2 | DEBUG | d.t.c.a.a.c.u.util.UserUtilService   : 0 editors generated. Generate 1 instructors...
    23:41:59.178 |  28 nPool-1-worker-2 | DEBUG | d.t.c.a.a.c.u.util.UserUtilService   : 1 instructors generated
    23:41:59.180 |  28 nPool-1-worker-2 | DEBUG | d.t.c.a.a.c.u.util.UserUtilService   : Removing 5 users from all courses...
    23:41:59.183 |  28 nPool-1-worker-2 | DEBUG | d.t.c.a.a.c.u.util.UserUtilService   : Removing 5 users from all courses. Done
    23:41:59.183 |  28 nPool-1-worker-2 | DEBUG | d.t.c.a.a.c.u.util.UserUtilService   : Save 5 users to database...
    23:41:59.194 |  28 nPool-1-worker-2 | DEBUG | d.t.c.a.a.c.u.util.UserUtilService   : Save 5 users to database. Done
    23:41:59.233 |  28 nPool-1-worker-2 | DEBUG | .c.s.m.InstanceMessageReceiveService : Received schedule participant score for exercise 52 and participant 2 (result to be deleted: null)
    23:41:59.233 |  28 nPool-1-worker-2 | DEBUG | .a.s.ParticipantScoreScheduleService : Scheduled task for exercise 52 and participant 2 at 2025-02-14T23:41:59.333305478Z[Etc/UTC].
    23:41:59.239 |  28 nPool-1-worker-2 | DEBUG | .c.s.m.InstanceMessageReceiveService : Received schedule participant score for exercise 52 and participant 2 (result to be deleted: null)
    23:41:59.240 |  28 nPool-1-worker-2 | DEBUG | .a.s.ParticipantScoreScheduleService : Scheduled task for exercise 52 and participant 2 at 2025-02-14T23:41:59.340163196Z[Etc/UTC].
    23:41:59.253 |  28 nPool-1-worker-2 | DEBUG | .c.s.m.InstanceMessageReceiveService : Received schedule participant score for exercise 52 and participant 2 (result to be deleted: null)
    23:41:59.253 |  28 nPool-1-worker-2 | DEBUG | .a.s.ParticipantScoreScheduleService : Scheduled task for exercise 52 and participant 2 at 2025-02-14T23:41:59.353603208Z[Etc/UTC].
    23:41:59.269 |  28 nPool-1-worker-2 | DEBUG | .c.s.m.InstanceMessageReceiveService : Received schedule participant score for exercise 52 and participant 2 (result to be deleted: null)
    23:41:59.269 |  28 nPool-1-worker-2 | DEBUG | .a.s.ParticipantScoreScheduleService : Scheduled task for exercise 52 and participant 2 at 2025-02-14T23:41:59.369446382Z[Etc/UTC].
    23:41:59.282 |  28 nPool-1-worker-2 | DEBUG | .c.s.m.InstanceMessageReceiveService : Received schedule participant score for exercise 52 and participant 2 (result to be deleted: null)
    23:41:59.282 |  28 nPool-1-worker-2 | DEBUG | .a.s.ParticipantScoreScheduleService : Scheduled task for exercise 52 and participant 2 at 2025-02-14T23:41:59.382631359Z[Etc/UTC].
    23:41:59.295 |  28 nPool-1-worker-2 | INFO  | i.z.t.d.l.EmbeddedDatabaseReporter   : JDBC URL to connect to 'dataSource': url='jdbc:h2:tcp://localhost:41063/mem:df70fc46-7e57-4cb5-9cd0-c1d90c14afa7;USER=sa', scope='AssessmentComplaintIntegrationTest#submitComplaintAboutModelingAssessment_complaintLimitReached'
    23:41:59.296 |  28 nPool-1-worker-2 | DEBUG | .c.s.m.InstanceMessageReceiveService : Received schedule participant score for exercise 52 and participant 2 (result to be deleted: null)
    23:41:59.296 |  28 nPool-1-worker-2 | DEBUG | .a.s.ParticipantScoreScheduleService : Scheduled task for exercise 52 and participant 2 at 2025-02-14T23:41:59.396576363Z[Etc/UTC].
    23:41:59.306 |  28 nPool-1-worker-2 | DEBUG | .c.s.m.InstanceMessageReceiveService : Received schedule participant score for exercise 52 and participant 2 (result to be deleted: null)
    23:41:59.307 |  28 nPool-1-worker-2 | DEBUG | .a.s.ParticipantScoreScheduleService : Scheduled task for exercise 52 and participant 2 at 2025-02-14T23:41:59.407126226Z[Etc/UTC].
    23:41:59.312 |  28 nPool-1-worker-2 | DEBUG | .c.s.m.InstanceMessageReceiveService : Received schedule participant score for exercise 52 and participant 2 (result to be deleted: null)
    23:41:59.312 |  28 nPool-1-worker-2 | DEBUG | .a.s.ParticipantScoreScheduleService : Scheduled task for exercise 52 and participant 2 at 2025-02-14T23:41:59.412207251Z[Etc/UTC].
    23:41:59.324 |  28 nPool-1-worker-2 | DEBUG | d.t.c.a.a.c.s.f.ApiVersionFilter     : Adding Version to Request POST /api/complaints
    23:41:59.329 |  28 nPool-1-worker-2 | DEBUG | d.t.c.a.a.a.web.ComplaintResource    : REST request to save Complaint: ComplaintRequestDTO[resultId=21, complaintText=This is not fair, complaintType=COMPLAINT, examId=Optional.empty]
    23:41:59.340 |  28 nPool-1-worker-2 | ERROR | tech.jhipster.web.util.HeaderUtil    : Entity processing failed, You cannot have more than 3 open or rejected complaints at the same time.
    23:41:59.340 |  28 nPool-1-worker-2 | WARN  | o.z.p.spring.common.AdviceTraits     : Bad Request: You cannot have more than 3 open or rejected complaints at the same time.

  Starting logs for AssessmentComplaintIntegrationTest > submitComplaintResponseComplaintResponseTextLimitNotExceeded()
    23:41:59.382 |  28 nPool-1-worker-2 | DEBUG | d.t.c.a.a.c.u.util.UserUtilService   : Generate 2 students...
    23:41:59.388 |  28 nPool-1-worker-2 | DEBUG | d.t.c.a.a.c.u.util.UserUtilService   : 2 students generated. Generate 2 tutors...
    23:41:59.395 |  28 nPool-1-worker-2 | DEBUG | d.t.c.a.a.c.u.util.UserUtilService   : 2 tutors generated. Generate 0 editors...
    23:41:59.397 |  28 nPool-1-worker-2 | DEBUG | d.t.c.a.a.c.u.util.UserUtilService   : 0 editors generated. Generate 1 instructors...
    23:41:59.407 |  28 nPool-1-worker-2 | DEBUG | d.t.c.a.a.c.u.util.UserUtilService   : 1 instructors generated
    23:41:59.410 |  28 nPool-1-worker-2 | DEBUG | d.t.c.a.a.c.u.util.UserUtilService   : Removing 5 users from all courses...
    23:41:59.412 |  28 nPool-1-worker-2 | DEBUG | d.t.c.a.a.c.u.util.UserUtilService   : Removing 5 users from all courses. Done
    23:41:59.413 |  28 nPool-1-worker-2 | DEBUG | d.t.c.a.a.c.u.util.UserUtilService   : Save 5 users to database...
    23:41:59.441 |  28 nPool-1-worker-2 | DEBUG | d.t.c.a.a.c.u.util.UserUtilService   : Save 5 users to database. Done
    23:41:59.503 |  28 nPool-1-worker-2 | DEBUG | .c.s.m.InstanceMessageReceiveService : Received schedule participant score for exercise 55 and participant 2 (result to be deleted: null)
    23:41:59.503 |  28 nPool-1-worker-2 | DEBUG | .a.s.ParticipantScoreScheduleService : Scheduled task for exercise 55 and participant 2 at 2025-02-14T23:41:59.603734937Z[Etc/UTC].
    23:41:59.518 |  28 nPool-1-worker-2 | DEBUG | .c.s.m.InstanceMessageReceiveService : Received schedule participant score for exercise 55 and participant 2 (result to be deleted: null)
    23:41:59.518 |  28 nPool-1-worker-2 | DEBUG | .a.s.ParticipantScoreScheduleService : Scheduled task for exercise 55 and participant 2 at 2025-02-14T23:41:59.618223966Z[Etc/UTC].
    23:41:59.520 | 663 taskScheduler-1  | DEBUG | .a.s.ParticipantScoreScheduleService : Processing exercise 49 and participant 2 to update participant scores.
    23:41:59.547 | 663 taskScheduler-1  | DEBUG | .a.s.ParticipantScoreScheduleService : Updated participant score 7.
    23:41:59.548 | 663 taskScheduler-1  | DEBUG | .a.s.ParticipantScoreScheduleService : Updating the participant score for exercise 49 and participant 2 took 28 ms.
    23:41:59.558 |  28 nPool-1-worker-2 | DEBUG | .c.s.m.InstanceMessageReceiveService : Received schedule participant score for exercise 55 and participant 2 (result to be deleted: null)
    23:41:59.558 |  28 nPool-1-worker-2 | DEBUG | .a.s.ParticipantScoreScheduleService : Scheduled task for exercise 55 and participant 2 at 2025-02-14T23:41:59.658470305Z[Etc/UTC].
    23:41:59.567 |  28 nPool-1-worker-2 | DEBUG | .c.s.m.InstanceMessageReceiveService : Received schedule participant score for exercise 55 and participant 2 (result to be deleted: null)
    23:41:59.567 |  28 nPool-1-worker-2 | DEBUG | .a.s.ParticipantScoreScheduleService : Scheduled task for exercise 55 and participant 2 at 2025-02-14T23:41:59.667721885Z[Etc/UTC].
    23:41:59.578 |  28 nPool-1-worker-2 | DEBUG | .c.s.m.InstanceMessageReceiveService : Received schedule participant score for exercise 55 and participant 2 (result to be deleted: null)
    23:41:59.578 |  28 nPool-1-worker-2 | DEBUG | .a.s.ParticipantScoreScheduleService : Scheduled task for exercise 55 and participant 2 at 2025-02-14T23:41:59.678436575Z[Etc/UTC].
    23:41:59.582 |  28 nPool-1-worker-2 | INFO  | i.z.t.d.l.EmbeddedDatabaseReporter   : JDBC URL to connect to 'dataSource': url='jdbc:h2:tcp://localhost:41063/mem:df70fc46-7e57-4cb5-9cd0-c1d90c14afa7;USER=sa', scope='AssessmentComplaintIntegrationTest#submitComplaintResponseComplaintResponseTextLimitNotExceeded'
    23:41:59.601 |  28 nPool-1-worker-2 | DEBUG | d.t.c.a.a.c.s.f.ApiVersionFilter     : Adding Version to Request PUT /api/modeling-submissions/21/assessment-after-complaint
    23:41:59.606 |  28 nPool-1-worker-2 | DEBUG | c.a.a.m.w.ModelingAssessmentResource : REST request to update the assessment of submission 21 after complaint.
    23:41:59.649 |  28 nPool-1-worker-2 | DEBUG | .c.s.m.InstanceMessageReceiveService : Received schedule participant score for exercise 55 and participant 2 (result to be deleted: null)
    23:41:59.649 |  28 nPool-1-worker-2 | DEBUG | .a.s.ParticipantScoreScheduleService : Scheduled task for exercise 55 and participant 2 at 2025-02-14T23:41:59.749297344Z[Etc/UTC].
    23:41:59.663 |  28 nPool-1-worker-2 | DEBUG | .c.s.m.InstanceMessageReceiveService : Received schedule participant score for exercise 55 and participant 2 (result to be deleted: null)
    23:41:59.663 |  28 nPool-1-worker-2 | DEBUG | .a.s.ParticipantScoreScheduleService : Scheduled task for exercise 55 and participant 2 at 2025-02-14T23:41:59.763319662Z[Etc/UTC].
    23:41:59.674 |  28 nPool-1-worker-2 | DEBUG | .c.s.m.InstanceMessageReceiveService : Received schedule participant score for exercise 55 and participant 2 (result to be deleted: null)
    23:41:59.674 |  28 nPool-1-worker-2 | DEBUG | .a.s.ParticipantScoreScheduleService : Scheduled task for exercise 55 and participant 2 at 2025-02-14T23:41:59.774308624Z[Etc/UTC].
    23:41:59.683 |  28 nPool-1-worker-2 | DEBUG | .c.s.m.InstanceMessageReceiveService : Received schedule participant score for exercise 55 and participant 2 (result to be deleted: null)
    23:41:59.683 |  28 nPool-1-worker-2 | DEBUG | .a.s.ParticipantScoreScheduleService : Scheduled task for exercise 55 and participant 2 at 2025-02-14T23:41:59.783436575Z[Etc/UTC].
    23:41:59.692 |  28 nPool-1-worker-2 | DEBUG | .c.s.m.InstanceMessageReceiveService : Received schedule participant score for exercise 55 and participant 2 (result to be deleted: null)
    23:41:59.692 |  28 nPool-1-worker-2 | DEBUG | .a.s.ParticipantScoreScheduleService : Scheduled task for exercise 55 and participant 2 at 2025-02-14T23:41:59.792491300Z[Etc/UTC].

  Starting logs for AssessmentComplaintIntegrationTest > submitComplaintForExam_courseComplaintsDisabled_notExceededTextLimit()
    23:41:59.721 |  28 nPool-1-worker-2 | DEBUG | d.t.c.a.a.c.u.util.UserUtilService   : Generate 2 students...
    23:41:59.727 |  28 nPool-1-worker-2 | DEBUG | d.t.c.a.a.c.u.util.UserUtilService   : 2 students generated. Generate 2 tutors...
    23:41:59.738 |  28 nPool-1-worker-2 | DEBUG | d.t.c.a.a.c.u.util.UserUtilService   : 2 tutors generated. Generate 0 editors...
    23:41:59.742 |  28 nPool-1-worker-2 | DEBUG | d.t.c.a.a.c.u.util.UserUtilService   : 0 editors generated. Generate 1 instructors...
    23:41:59.750 |  28 nPool-1-worker-2 | DEBUG | d.t.c.a.a.c.u.util.UserUtilService   : 1 instructors generated
    23:41:59.755 |  28 nPool-1-worker-2 | DEBUG | d.t.c.a.a.c.u.util.UserUtilService   : Removing 5 users from all courses...
    23:41:59.763 |  28 nPool-1-worker-2 | DEBUG | d.t.c.a.a.c.u.util.UserUtilService   : Removing 5 users from all courses. Done
    23:41:59.763 |  28 nPool-1-worker-2 | DEBUG | d.t.c.a.a.c.u.util.UserUtilService   : Save 5 users to database...
    23:41:59.783 |  28 nPool-1-worker-2 | DEBUG | d.t.c.a.a.c.u.util.UserUtilService   : Save 5 users to database. Done
    23:41:59.823 |  28 nPool-1-worker-2 | DEBUG | .c.s.m.InstanceMessageReceiveService : Received schedule participant score for exercise 58 and participant 2 (result to be deleted: null)
    23:41:59.823 |  28 nPool-1-worker-2 | DEBUG | .a.s.ParticipantScoreScheduleService : Scheduled task for exercise 58 and participant 2 at 2025-02-14T23:41:59.923426166Z[Etc/UTC].
    23:41:59.829 |  28 nPool-1-worker-2 | DEBUG | .c.s.m.InstanceMessageReceiveService : Received schedule participant score for exercise 58 and participant 2 (result to be deleted: null)
    23:41:59.829 |  28 nPool-1-worker-2 | DEBUG | .a.s.ParticipantScoreScheduleService : Scheduled task for exercise 58 and participant 2 at 2025-02-14T23:41:59.929403903Z[Etc/UTC].
    23:41:59.842 |  28 nPool-1-worker-2 | DEBUG | .c.s.m.InstanceMessageReceiveService : Received schedule participant score for exercise 58 and participant 2 (result to be deleted: null)
    23:41:59.842 |  28 nPool-1-worker-2 | DEBUG | .a.s.ParticipantScoreScheduleService : Scheduled task for exercise 58 and participant 2 at 2025-02-14T23:41:59.942416088Z[Etc/UTC].
    23:41:59.852 |  28 nPool-1-worker-2 | DEBUG | .c.s.m.InstanceMessageReceiveService : Received schedule participant score for exercise 58 and participant 2 (result to be deleted: null)
    23:41:59.853 |  28 nPool-1-worker-2 | DEBUG | .a.s.ParticipantScoreScheduleService : Scheduled task for exercise 58 and participant 2 at 2025-02-14T23:41:59.953693177Z[Etc/UTC].
    23:41:59.866 |  28 nPool-1-worker-2 | DEBUG | .c.s.m.InstanceMessageReceiveService : Received schedule participant score for exercise 58 and participant 2 (result to be deleted: null)
    23:41:59.866 |  28 nPool-1-worker-2 | DEBUG | .a.s.ParticipantScoreScheduleService : Scheduled task for exercise 58 and participant 2 at 2025-02-14T23:41:59.966234443Z[Etc/UTC].
    23:41:59.871 |  28 nPool-1-worker-2 | INFO  | i.z.t.d.l.EmbeddedDatabaseReporter   : JDBC URL to connect to 'dataSource': url='jdbc:h2:tcp://localhost:41063/mem:df70fc46-7e57-4cb5-9cd0-c1d90c14afa7;USER=sa', scope='AssessmentComplaintIntegrationTest#submitComplaintForExam_courseComplaintsDisabled_notExceededTextLimit'
    23:41:59.961 |  28 nPool-1-worker-2 | DEBUG | .c.s.m.InstanceMessageReceiveService : Received schedule participant score for exercise 61 and participant 2 (result to be deleted: null)
    23:41:59.961 |  28 nPool-1-worker-2 | DEBUG | .a.s.ParticipantScoreScheduleService : Scheduled task for exercise 61 and participant 2 at 2025-02-14T23:42:00.061705261Z[Etc/UTC].
    23:41:59.966 | 666 taskScheduler-4  | DEBUG | .a.s.ParticipantScoreScheduleService : Processing exercise 58 and participant 2 to update participant scores.
    23:41:59.978 |  28 nPool-1-worker-2 | DEBUG | .c.s.m.InstanceMessageReceiveService : Received schedule participant score for exercise 61 and participant 2 (result to be deleted: null)
    23:41:59.978 |  28 nPool-1-worker-2 | DEBUG | .a.s.ParticipantScoreScheduleService : Scheduled task for exercise 61 and participant 2 at 2025-02-14T23:42:00.078568377Z[Etc/UTC].
    23:41:59.989 | 666 taskScheduler-4  | DEBUG | .a.s.ParticipantScoreScheduleService : Updated participant score 8.
    23:41:59.989 | 666 taskScheduler-4  | DEBUG | .a.s.ParticipantScoreScheduleService : Updating the participant score for exercise 58 and participant 2 took 23 ms.
    23:41:59.999 |  28 nPool-1-worker-2 | DEBUG | .c.s.m.InstanceMessageReceiveService : Received schedule participant score for exercise 61 and participant 2 (result to be deleted: null)
    23:41:59.999 |  28 nPool-1-worker-2 | DEBUG | .a.s.ParticipantScoreScheduleService : Scheduled task for exercise 61 and participant 2 at 2025-02-14T23:42:00.099484039Z[Etc/UTC].
    23:42:00.000 | 664 taskScheduler-2  | DEBUG | .a.s.ParticipantScoreScheduleService : Schedule tasks to process...
    23:42:00.002 | 664 taskScheduler-2  | DEBUG | .a.s.ParticipantScoreScheduleService : Scheduled task for exercise 58 and participant 2 at 2025-02-14T23:42:00.102952540Z[Etc/UTC].
    23:42:00.003 | 664 taskScheduler-2  | DEBUG | .a.s.ParticipantScoreScheduleService : Scheduled task for exercise 61 and participant 2 at 2025-02-14T23:42:00.103020527Z[Etc/UTC].
    23:42:00.005 | 664 taskScheduler-2  | DEBUG | .a.s.ParticipantScoreScheduleService : Processing of 2 results and 0 participant scores.
    23:42:00.011 |  28 nPool-1-worker-2 | DEBUG | d.t.c.a.a.c.s.f.ApiVersionFilter     : Adding Version to Request POST /api/complaints
    23:42:00.016 |  28 nPool-1-worker-2 | DEBUG | d.t.c.a.a.a.web.ComplaintResource    : REST request to save Complaint: ComplaintRequestDTO[resultId=28, complaintText=abcdefghijklmnopqrstuvwxyz, complaintType=COMPLAINT, examId=Optional[3]]
    23:42:00.037 |  28 nPool-1-worker-2 | DEBUG | .c.s.m.InstanceMessageReceiveService : Received schedule participant score for exercise 61 and participant 2 (result to be deleted: null)
    23:42:00.037 |  28 nPool-1-worker-2 | DEBUG | .a.s.ParticipantScoreScheduleService : Scheduled task for exercise 61 and participant 2 at 2025-02-14T23:42:00.137715432Z[Etc/UTC].

  Starting logs for AssessmentComplaintIntegrationTest > submitComplaintForExamExerciseWithinStudentReviewTime()
    23:42:00.100 |  28 nPool-1-worker-2 | DEBUG | d.t.c.a.a.c.u.util.UserUtilService   : Generate 2 students...
    23:42:00.115 |  28 nPool-1-worker-2 | DEBUG | d.t.c.a.a.c.u.util.UserUtilService   : 2 students generated. Generate 2 tutors...
    23:42:00.123 |  28 nPool-1-worker-2 | DEBUG | d.t.c.a.a.c.u.util.UserUtilService   : 2 tutors generated. Generate 0 editors...
    23:42:00.127 |  28 nPool-1-worker-2 | DEBUG | d.t.c.a.a.c.u.util.UserUtilService   : 0 editors generated. Generate 1 instructors...
    23:42:00.135 |  28 nPool-1-worker-2 | DEBUG | d.t.c.a.a.c.u.util.UserUtilService   : 1 instructors generated
    23:42:00.140 |  28 nPool-1-worker-2 | DEBUG | d.t.c.a.a.c.u.util.UserUtilService   : Removing 5 users from all courses...
    23:42:00.144 |  28 nPool-1-worker-2 | DEBUG | d.t.c.a.a.c.u.util.UserUtilService   : Removing 5 users from all courses. Done
    23:42:00.144 |  28 nPool-1-worker-2 | DEBUG | d.t.c.a.a.c.u.util.UserUtilService   : Save 5 users to database...
    23:42:00.163 |  28 nPool-1-worker-2 | DEBUG | d.t.c.a.a.c.u.util.UserUtilService   : Save 5 users to database. Done
    23:42:00.211 |  28 nPool-1-worker-2 | DEBUG | .c.s.m.InstanceMessageReceiveService : Received schedule participant score for exercise 62 and participant 2 (result to be deleted: null)
    23:42:00.211 |  28 nPool-1-worker-2 | DEBUG | .a.s.ParticipantScoreScheduleService : Scheduled task for exercise 62 and participant 2 at 2025-02-14T23:42:00.311270822Z[Etc/UTC].
    23:42:00.260 |  28 nPool-1-worker-2 | DEBUG | .c.s.m.InstanceMessageReceiveService : Received schedule participant score for exercise 62 and participant 2 (result to be deleted: null)
    23:42:00.260 |  28 nPool-1-worker-2 | DEBUG | .a.s.ParticipantScoreScheduleService : Scheduled task for exercise 62 and participant 2 at 2025-02-14T23:42:00.360606551Z[Etc/UTC].
    23:42:00.283 |  28 nPool-1-worker-2 | DEBUG | .c.s.m.InstanceMessageReceiveService : Received schedule participant score for exercise 62 and participant 2 (result to be deleted: null)
    23:42:00.283 |  28 nPool-1-worker-2 | DEBUG | .a.s.ParticipantScoreScheduleService : Scheduled task for exercise 62 and participant 2 at 2025-02-14T23:42:00.383223777Z[Etc/UTC].
    23:42:00.300 |  28 nPool-1-worker-2 | DEBUG | .c.s.m.InstanceMessageReceiveService : Received schedule participant score for exercise 62 and participant 2 (result to be deleted: null)
    23:42:00.300 |  28 nPool-1-worker-2 | DEBUG | .a.s.ParticipantScoreScheduleService : Scheduled task for exercise 62 and participant 2 at 2025-02-14T23:42:00.400464156Z[Etc/UTC].
    23:42:00.320 |  28 nPool-1-worker-2 | DEBUG | .c.s.m.InstanceMessageReceiveService : Received schedule participant score for exercise 62 and participant 2 (result to be deleted: null)
    23:42:00.320 |  28 nPool-1-worker-2 | DEBUG | .a.s.ParticipantScoreScheduleService : Scheduled task for exercise 62 and participant 2 at 2025-02-14T23:42:00.420543800Z[Etc/UTC].
    23:42:00.326 |  28 nPool-1-worker-2 | INFO  | i.z.t.d.l.EmbeddedDatabaseReporter   : JDBC URL to connect to 'dataSource': url='jdbc:h2:tcp://localhost:41063/mem:df70fc46-7e57-4cb5-9cd0-c1d90c14afa7;USER=sa', scope='AssessmentComplaintIntegrationTest#submitComplaintForExamExerciseWithinStudentReviewTime'
    23:42:00.366 |  28 nPool-1-worker-2 | DEBUG | .c.s.m.InstanceMessageReceiveService : Received schedule participant score for exercise 65 and participant 2 (result to be deleted: null)
    23:42:00.367 |  28 nPool-1-worker-2 | DEBUG | .a.s.ParticipantScoreScheduleService : Scheduled task for exercise 65 and participant 2 at 2025-02-14T23:42:00.466515737Z[Etc/UTC].
    23:42:00.385 |  28 nPool-1-worker-2 | DEBUG | .c.s.m.InstanceMessageReceiveService : Received schedule participant score for exercise 65 and participant 2 (result to be deleted: null)
    23:42:00.385 |  28 nPool-1-worker-2 | DEBUG | .a.s.ParticipantScoreScheduleService : Scheduled task for exercise 65 and participant 2 at 2025-02-14T23:42:00.485290958Z[Etc/UTC].
    23:42:00.401 |  28 nPool-1-worker-2 | DEBUG | .c.s.m.InstanceMessageReceiveService : Received schedule participant score for exercise 65 and participant 2 (result to be deleted: null)
    23:42:00.402 |  28 nPool-1-worker-2 | DEBUG | .a.s.ParticipantScoreScheduleService : Scheduled task for exercise 65 and participant 2 at 2025-02-14T23:42:00.502002181Z[Etc/UTC].
    23:42:00.420 | 663 taskScheduler-1  | DEBUG | .a.s.ParticipantScoreScheduleService : Processing exercise 62 and participant 2 to update participant scores.
    23:42:00.421 |  28 nPool-1-worker-2 | DEBUG | d.t.c.a.a.c.s.f.ApiVersionFilter     : Adding Version to Request POST /api/complaints
    23:42:00.422 |  28 nPool-1-worker-2 | DEBUG | d.t.c.a.a.a.web.ComplaintResource    : REST request to save Complaint: ComplaintRequestDTO[resultId=30, complaintText=This is not fair, complaintType=COMPLAINT, examId=Optional[4]]
    23:42:00.446 | 663 taskScheduler-1  | DEBUG | .a.s.ParticipantScoreScheduleService : Updated participant score 9.
    23:42:00.447 | 663 taskScheduler-1  | DEBUG | .a.s.ParticipantScoreScheduleService : Updating the participant score for exercise 62 and participant 2 took 27 ms.
    23:42:00.451 |  28 nPool-1-worker-2 | DEBUG | .c.s.m.InstanceMessageReceiveService : Received schedule participant score for exercise 65 and participant 2 (result to be deleted: null)
    23:42:00.451 |  28 nPool-1-worker-2 | DEBUG | .a.s.ParticipantScoreScheduleService : Scheduled task for exercise 65 and participant 2 at 2025-02-14T23:42:00.551742154Z[Etc/UTC].

  Starting logs for AssessmentComplaintIntegrationTest > submitComplaintAboutModellingAssessment_complaintLimitNotReached()
    23:42:00.498 |  28 nPool-1-worker-2 | DEBUG | d.t.c.a.a.c.u.util.UserUtilService   : Generate 2 students...
    23:42:00.506 |  28 nPool-1-worker-2 | DEBUG | d.t.c.a.a.c.u.util.UserUtilService   : 2 students generated. Generate 2 tutors...
    23:42:00.512 |  28 nPool-1-worker-2 | DEBUG | d.t.c.a.a.c.u.util.UserUtilService   : 2 tutors generated. Generate 0 editors...
    23:42:00.513 |  28 nPool-1-worker-2 | DEBUG | d.t.c.a.a.c.u.util.UserUtilService   : 0 editors generated. Generate 1 instructors...
    23:42:00.517 |  28 nPool-1-worker-2 | DEBUG | d.t.c.a.a.c.u.util.UserUtilService   : 1 instructors generated
    23:42:00.520 |  28 nPool-1-worker-2 | DEBUG | d.t.c.a.a.c.u.util.UserUtilService   : Removing 5 users from all courses...
    23:42:00.674 |  28 nPool-1-worker-2 | DEBUG | d.t.c.a.a.c.u.util.UserUtilService   : Removing 5 users from all courses. Done
    23:42:00.674 |  28 nPool-1-worker-2 | DEBUG | d.t.c.a.a.c.u.util.UserUtilService   : Save 5 users to database...
    23:42:00.693 |  28 nPool-1-worker-2 | DEBUG | d.t.c.a.a.c.u.util.UserUtilService   : Save 5 users to database. Done
    23:42:00.722 |  28 nPool-1-worker-2 | DEBUG | .c.s.m.InstanceMessageReceiveService : Received schedule participant score for exercise 66 and participant 2 (result to be deleted: null)
    23:42:00.723 |  28 nPool-1-worker-2 | DEBUG | .a.s.ParticipantScoreScheduleService : Scheduled task for exercise 66 and participant 2 at 2025-02-14T23:42:00.822997040Z[Etc/UTC].
    23:42:00.740 |  28 nPool-1-worker-2 | DEBUG | .c.s.m.InstanceMessageReceiveService : Received schedule participant score for exercise 66 and participant 2 (result to be deleted: null)
    23:42:00.740 |  28 nPool-1-worker-2 | DEBUG | .a.s.ParticipantScoreScheduleService : Scheduled task for exercise 66 and participant 2 at 2025-02-14T23:42:00.840861062Z[Etc/UTC].
    23:42:00.771 |  28 nPool-1-worker-2 | DEBUG | .c.s.m.InstanceMessageReceiveService : Received schedule participant score for exercise 66 and participant 2 (result to be deleted: null)
    23:42:00.771 |  28 nPool-1-worker-2 | DEBUG | .a.s.ParticipantScoreScheduleService : Scheduled task for exercise 66 and participant 2 at 2025-02-14T23:42:00.871550130Z[Etc/UTC].
    23:42:00.794 |  28 nPool-1-worker-2 | DEBUG | .c.s.m.InstanceMessageReceiveService : Received schedule participant score for exercise 66 and participant 2 (result to be deleted: null)
    23:42:00.794 |  28 nPool-1-worker-2 | DEBUG | .a.s.ParticipantScoreScheduleService : Scheduled task for exercise 66 and participant 2 at 2025-02-14T23:42:00.894618447Z[Etc/UTC].
    23:42:00.813 |  28 nPool-1-worker-2 | DEBUG | .c.s.m.InstanceMessageReceiveService : Received schedule participant score for exercise 66 and participant 2 (result to be deleted: null)
    23:42:00.813 |  28 nPool-1-worker-2 | DEBUG | .a.s.ParticipantScoreScheduleService : Scheduled task for exercise 66 and participant 2 at 2025-02-14T23:42:00.913570949Z[Etc/UTC].
    23:42:00.822 |  28 nPool-1-worker-2 | INFO  | i.z.t.d.l.EmbeddedDatabaseReporter   : JDBC URL to connect to 'dataSource': url='jdbc:h2:tcp://localhost:41063/mem:df70fc46-7e57-4cb5-9cd0-c1d90c14afa7;USER=sa', scope='AssessmentComplaintIntegrationTest#submitComplaintAboutModellingAssessment_complaintLimitNotReached'
    23:42:00.832 |  28 nPool-1-worker-2 | DEBUG | .c.s.m.InstanceMessageReceiveService : Received schedule participant score for exercise 66 and participant 2 (result to be deleted: null)
    23:42:00.832 |  28 nPool-1-worker-2 | DEBUG | .a.s.ParticipantScoreScheduleService : Scheduled task for exercise 66 and participant 2 at 2025-02-14T23:42:00.932678153Z[Etc/UTC].
    23:42:00.840 |  28 nPool-1-worker-2 | DEBUG | .c.s.m.InstanceMessageReceiveService : Received schedule participant score for exercise 66 and participant 2 (result to be deleted: null)
    23:42:00.840 |  28 nPool-1-worker-2 | DEBUG | .a.s.ParticipantScoreScheduleService : Scheduled task for exercise 66 and participant 2 at 2025-02-14T23:42:00.940295627Z[Etc/UTC].
    23:42:00.851 |  28 nPool-1-worker-2 | DEBUG | d.t.c.a.a.c.s.f.ApiVersionFilter     : Adding Version to Request POST /api/complaints
    23:42:00.852 |  28 nPool-1-worker-2 | DEBUG | d.t.c.a.a.a.web.ComplaintResource    : REST request to save Complaint: ComplaintRequestDTO[resultId=31, complaintText=This is not fair, complaintType=COMPLAINT, examId=Optional.empty]
    23:42:00.876 |  28 nPool-1-worker-2 | DEBUG | .c.s.m.InstanceMessageReceiveService : Received schedule participant score for exercise 66 and participant 2 (result to be deleted: null)
    23:42:00.876 |  28 nPool-1-worker-2 | DEBUG | .a.s.ParticipantScoreScheduleService : Scheduled task for exercise 66 and participant 2 at 2025-02-14T23:42:00.976847698Z[Etc/UTC].

  Starting logs for AssessmentComplaintIntegrationTest > getComplaintByResultid_tutor_sensitiveDataHidden()
    23:42:00.951 |  28 nPool-1-worker-2 | DEBUG | d.t.c.a.a.c.u.util.UserUtilService   : Generate 2 students...
    23:42:00.969 |  28 nPool-1-worker-2 | DEBUG | d.t.c.a.a.c.u.util.UserUtilService   : 2 students generated. Generate 2 tutors...
    23:42:00.983 |  28 nPool-1-worker-2 | DEBUG | d.t.c.a.a.c.u.util.UserUtilService   : 2 tutors generated. Generate 0 editors...
    23:42:00.988 |  28 nPool-1-worker-2 | DEBUG | d.t.c.a.a.c.u.util.UserUtilService   : 0 editors generated. Generate 1 instructors...
    23:42:00.998 |  28 nPool-1-worker-2 | DEBUG | d.t.c.a.a.c.u.util.UserUtilService   : 1 instructors generated
    23:42:01.004 |  28 nPool-1-worker-2 | DEBUG | d.t.c.a.a.c.u.util.UserUtilService   : Removing 5 users from all courses...
    23:42:01.010 |  28 nPool-1-worker-2 | DEBUG | d.t.c.a.a.c.u.util.UserUtilService   : Removing 5 users from all courses. Done
    23:42:01.010 |  28 nPool-1-worker-2 | DEBUG | d.t.c.a.a.c.u.util.UserUtilService   : Save 5 users to database...
    23:42:01.044 |  28 nPool-1-worker-2 | DEBUG | d.t.c.a.a.c.u.util.UserUtilService   : Save 5 users to database. Done
    23:42:01.106 |  28 nPool-1-worker-2 | DEBUG | .c.s.m.InstanceMessageReceiveService : Received schedule participant score for exercise 69 and participant 2 (result to be deleted: null)
    23:42:01.106 |  28 nPool-1-worker-2 | DEBUG | .a.s.ParticipantScoreScheduleService : Scheduled task for exercise 69 and participant 2 at 2025-02-14T23:42:01.206649716Z[Etc/UTC].
    23:42:01.120 |  28 nPool-1-worker-2 | DEBUG | .c.s.m.InstanceMessageReceiveService : Received schedule participant score for exercise 69 and participant 2 (result to be deleted: null)
    23:42:01.120 |  28 nPool-1-worker-2 | DEBUG | .a.s.ParticipantScoreScheduleService : Scheduled task for exercise 69 and participant 2 at 2025-02-14T23:42:01.220596944Z[Etc/UTC].
    23:42:01.140 |  28 nPool-1-worker-2 | DEBUG | .c.s.m.InstanceMessageReceiveService : Received schedule participant score for exercise 69 and participant 2 (result to be deleted: null)
    23:42:01.140 |  28 nPool-1-worker-2 | DEBUG | .a.s.ParticipantScoreScheduleService : Scheduled task for exercise 69 and participant 2 at 2025-02-14T23:42:01.240760204Z[Etc/UTC].
    23:42:01.157 |  28 nPool-1-worker-2 | DEBUG | .c.s.m.InstanceMessageReceiveService : Received schedule participant score for exercise 69 and participant 2 (result to be deleted: null)
    23:42:01.157 |  28 nPool-1-worker-2 | DEBUG | .a.s.ParticipantScoreScheduleService : Scheduled task for exercise 69 and participant 2 at 2025-02-14T23:42:01.257458008Z[Etc/UTC].
    23:42:01.170 |  28 nPool-1-worker-2 | DEBUG | .c.s.m.InstanceMessageReceiveService : Received schedule participant score for exercise 69 and participant 2 (result to be deleted: null)
    23:42:01.170 |  28 nPool-1-worker-2 | DEBUG | .a.s.ParticipantScoreScheduleService : Scheduled task for exercise 69 and participant 2 at 2025-02-14T23:42:01.270249692Z[Etc/UTC].
    23:42:01.181 |  28 nPool-1-worker-2 | INFO  | i.z.t.d.l.EmbeddedDatabaseReporter   : JDBC URL to connect to 'dataSource': url='jdbc:h2:tcp://localhost:41063/mem:df70fc46-7e57-4cb5-9cd0-c1d90c14afa7;USER=sa', scope='AssessmentComplaintIntegrationTest#getComplaintByResultid_tutor_sensitiveDataHidden'
    23:42:01.188 |  28 nPool-1-worker-2 | DEBUG | d.t.c.a.a.c.s.f.ApiVersionFilter     : Adding Version to Request GET /api/complaints
    23:42:01.192 |  28 nPool-1-worker-2 | DEBUG | d.t.c.a.a.a.web.ComplaintResource    : REST request to get latest Complaint associated with a result of submission : 27

  Starting logs for AssessmentComplaintIntegrationTest > submitComplaintAboutModelingAssessment_assessmentTooOld()
    23:42:01.239 |  28 nPool-1-worker-2 | DEBUG | d.t.c.a.a.c.u.util.UserUtilService   : Generate 2 students...
    23:42:01.252 |  28 nPool-1-worker-2 | DEBUG | d.t.c.a.a.c.u.util.UserUtilService   : 2 students generated. Generate 2 tutors...
    23:42:01.264 |  28 nPool-1-worker-2 | DEBUG | d.t.c.a.a.c.u.util.UserUtilService   : 2 tutors generated. Generate 0 editors...
    23:42:01.265 |  28 nPool-1-worker-2 | DEBUG | d.t.c.a.a.c.u.util.UserUtilService   : 0 editors generated. Generate 1 instructors...
    23:42:01.275 |  28 nPool-1-worker-2 | DEBUG | d.t.c.a.a.c.u.util.UserUtilService   : 1 instructors generated
    23:42:01.279 |  28 nPool-1-worker-2 | DEBUG | d.t.c.a.a.c.u.util.UserUtilService   : Removing 5 users from all courses...
    23:42:01.282 |  28 nPool-1-worker-2 | DEBUG | d.t.c.a.a.c.u.util.UserUtilService   : Removing 5 users from all courses. Done
    23:42:01.282 |  28 nPool-1-worker-2 | DEBUG | d.t.c.a.a.c.u.util.UserUtilService   : Save 5 users to database...
    23:42:01.304 |  28 nPool-1-worker-2 | DEBUG | d.t.c.a.a.c.u.util.UserUtilService   : Save 5 users to database. Done
    23:42:01.349 |  28 nPool-1-worker-2 | DEBUG | .c.s.m.InstanceMessageReceiveService : Received schedule participant score for exercise 72 and participant 2 (result to be deleted: null)
    23:42:01.349 |  28 nPool-1-worker-2 | DEBUG | .a.s.ParticipantScoreScheduleService : Scheduled task for exercise 72 and participant 2 at 2025-02-14T23:42:01.449938952Z[Etc/UTC].
    23:42:01.373 |  28 nPool-1-worker-2 | DEBUG | .c.s.m.InstanceMessageReceiveService : Received schedule participant score for exercise 72 and participant 2 (result to be deleted: null)
    23:42:01.373 |  28 nPool-1-worker-2 | DEBUG | .a.s.ParticipantScoreScheduleService : Scheduled task for exercise 72 and participant 2 at 2025-02-14T23:42:01.473852555Z[Etc/UTC].
    23:42:01.409 |  28 nPool-1-worker-2 | DEBUG | .c.s.m.InstanceMessageReceiveService : Received schedule participant score for exercise 72 and participant 2 (result to be deleted: null)
    23:42:01.409 |  28 nPool-1-worker-2 | DEBUG | .a.s.ParticipantScoreScheduleService : Scheduled task for exercise 72 and participant 2 at 2025-02-14T23:42:01.509856524Z[Etc/UTC].
    23:42:01.433 |  28 nPool-1-worker-2 | DEBUG | .c.s.m.InstanceMessageReceiveService : Received schedule participant score for exercise 72 and participant 2 (result to be deleted: null)
    23:42:01.433 |  28 nPool-1-worker-2 | DEBUG | .a.s.ParticipantScoreScheduleService : Scheduled task for exercise 72 and participant 2 at 2025-02-14T23:42:01.533590072Z[Etc/UTC].
    23:42:01.459 |  28 nPool-1-worker-2 | DEBUG | .c.s.m.InstanceMessageReceiveService : Received schedule participant score for exercise 72 and participant 2 (result to be deleted: null)
    23:42:01.459 |  28 nPool-1-worker-2 | DEBUG | .a.s.ParticipantScoreScheduleService : Scheduled task for exercise 72 and participant 2 at 2025-02-14T23:42:01.559921815Z[Etc/UTC].
    23:42:01.466 |  28 nPool-1-worker-2 | INFO  | i.z.t.d.l.EmbeddedDatabaseReporter   : JDBC URL to connect to 'dataSource': url='jdbc:h2:tcp://localhost:41063/mem:df70fc46-7e57-4cb5-9cd0-c1d90c14afa7;USER=sa', scope='AssessmentComplaintIntegrationTest#submitComplaintAboutModelingAssessment_assessmentTooOld'
    23:42:01.482 |  28 nPool-1-worker-2 | DEBUG | .c.s.m.InstanceMessageReceiveService : Received schedule participant score for exercise 72 and participant 2 (result to be deleted: null)
    23:42:01.483 |  28 nPool-1-worker-2 | DEBUG | .a.s.ParticipantScoreScheduleService : Scheduled task for exercise 72 and participant 2 at 2025-02-14T23:42:01.583021490Z[Etc/UTC].
    23:42:01.491 |  28 nPool-1-worker-2 | DEBUG | d.t.c.a.a.c.s.f.ApiVersionFilter     : Adding Version to Request POST /api/complaints
    23:42:01.492 |  28 nPool-1-worker-2 | DEBUG | d.t.c.a.a.a.web.ComplaintResource    : REST request to save Complaint: ComplaintRequestDTO[resultId=35, complaintText=This is not fair, complaintType=COMPLAINT, examId=Optional.empty]
    23:42:01.516 |  28 nPool-1-worker-2 | ERROR | tech.jhipster.web.util.HeaderUtil    : Entity processing failed, You cannot submit a complaint for a result that is older than one week.
    23:42:01.516 |  28 nPool-1-worker-2 | WARN  | o.z.p.spring.common.AdviceTraits     : Bad Request: You cannot submit a complaint for a result that is older than one week.

  Starting logs for AssessmentComplaintIntegrationTest > getComplaintsForAssessmentDashboardTutorIsNotTutorForCourse()
    23:42:01.568 |  28 nPool-1-worker-2 | DEBUG | d.t.c.a.a.c.u.util.UserUtilService   : Generate 2 students...
    23:42:01.581 |  28 nPool-1-worker-2 | DEBUG | d.t.c.a.a.c.u.util.UserUtilService   : 2 students generated. Generate 2 tutors...
    23:42:01.593 |  28 nPool-1-worker-2 | DEBUG | d.t.c.a.a.c.u.util.UserUtilService   : 2 tutors generated. Generate 0 editors...
    23:42:01.598 |  28 nPool-1-worker-2 | DEBUG | d.t.c.a.a.c.u.util.UserUtilService   : 0 editors generated. Generate 1 instructors...
    23:42:01.613 |  28 nPool-1-worker-2 | DEBUG | d.t.c.a.a.c.u.util.UserUtilService   : 1 instructors generated
    23:42:01.622 |  28 nPool-1-worker-2 | DEBUG | d.t.c.a.a.c.u.util.UserUtilService   : Removing 5 users from all courses...
    23:42:01.627 |  28 nPool-1-worker-2 | DEBUG | d.t.c.a.a.c.u.util.UserUtilService   : Removing 5 users from all courses. Done
    23:42:01.627 |  28 nPool-1-worker-2 | DEBUG | d.t.c.a.a.c.u.util.UserUtilService   : Save 5 users to database...
    23:42:01.650 |  28 nPool-1-worker-2 | DEBUG | d.t.c.a.a.c.u.util.UserUtilService   : Save 5 users to database. Done
    23:42:01.697 |  28 nPool-1-worker-2 | DEBUG | .c.s.m.InstanceMessageReceiveService : Received schedule participant score for exercise 75 and participant 2 (result to be deleted: null)
    23:42:01.697 |  28 nPool-1-worker-2 | DEBUG | .a.s.ParticipantScoreScheduleService : Scheduled task for exercise 75 and participant 2 at 2025-02-14T23:42:01.797363327Z[Etc/UTC].
    23:42:01.708 |  28 nPool-1-worker-2 | DEBUG | .c.s.m.InstanceMessageReceiveService : Received schedule participant score for exercise 75 and participant 2 (result to be deleted: null)
    23:42:01.709 |  28 nPool-1-worker-2 | DEBUG | .a.s.ParticipantScoreScheduleService : Scheduled task for exercise 75 and participant 2 at 2025-02-14T23:42:01.808772610Z[Etc/UTC].
    23:42:01.735 |  28 nPool-1-worker-2 | DEBUG | .c.s.m.InstanceMessageReceiveService : Received schedule participant score for exercise 75 and participant 2 (result to be deleted: null)
    23:42:01.739 |  28 nPool-1-worker-2 | DEBUG | .a.s.ParticipantScoreScheduleService : Scheduled task for exercise 75 and participant 2 at 2025-02-14T23:42:01.839116264Z[Etc/UTC].
    23:42:01.753 |  28 nPool-1-worker-2 | DEBUG | .c.s.m.InstanceMessageReceiveService : Received schedule participant score for exercise 75 and participant 2 (result to be deleted: null)
    23:42:01.753 |  28 nPool-1-worker-2 | DEBUG | .a.s.ParticipantScoreScheduleService : Scheduled task for exercise 75 and participant 2 at 2025-02-14T23:42:01.853269977Z[Etc/UTC].
    23:42:01.770 |  28 nPool-1-worker-2 | DEBUG | .c.s.m.InstanceMessageReceiveService : Received schedule participant score for exercise 75 and participant 2 (result to be deleted: null)
    23:42:01.770 |  28 nPool-1-worker-2 | DEBUG | .a.s.ParticipantScoreScheduleService : Scheduled task for exercise 75 and participant 2 at 2025-02-14T23:42:01.870603460Z[Etc/UTC].
    23:42:01.777 |  28 nPool-1-worker-2 | INFO  | i.z.t.d.l.EmbeddedDatabaseReporter   : JDBC URL to connect to 'dataSource': url='jdbc:h2:tcp://localhost:41063/mem:df70fc46-7e57-4cb5-9cd0-c1d90c14afa7;USER=sa', scope='AssessmentComplaintIntegrationTest#getComplaintsForAssessmentDashboardTutorIsNotTutorForCourse'
    23:42:01.814 |  28 nPool-1-worker-2 | DEBUG | d.t.c.a.a.c.s.f.ApiVersionFilter     : Adding Version to Request GET /api/exercises/75/submissions-with-complaints
    23:42:01.825 |  28 nPool-1-worker-2 | WARN  | o.z.p.spring.common.AdviceTraits     : Forbidden: You are not allowed to access the Course with id 28

  Starting logs for AssessmentComplaintIntegrationTest > getComplaintsByCourseId_tutor_allComplaintsForTutor()
    23:42:01.847 |  28 nPool-1-worker-2 | DEBUG | d.t.c.a.a.c.u.util.UserUtilService   : Generate 2 students...
    23:42:01.854 |  28 nPool-1-worker-2 | DEBUG | d.t.c.a.a.c.u.util.UserUtilService   : 2 students generated. Generate 2 tutors...
    23:42:01.873 |  28 nPool-1-worker-2 | DEBUG | d.t.c.a.a.c.u.util.UserUtilService   : 2 tutors generated. Generate 0 editors...
    23:42:01.877 |  28 nPool-1-worker-2 | DEBUG | d.t.c.a.a.c.u.util.UserUtilService   : 0 editors generated. Generate 1 instructors...
    23:42:01.884 |  28 nPool-1-worker-2 | DEBUG | d.t.c.a.a.c.u.util.UserUtilService   : 1 instructors generated
    23:42:01.886 |  28 nPool-1-worker-2 | DEBUG | d.t.c.a.a.c.u.util.UserUtilService   : Removing 5 users from all courses...
    23:42:01.892 |  28 nPool-1-worker-2 | DEBUG | d.t.c.a.a.c.u.util.UserUtilService   : Removing 5 users from all courses. Done
    23:42:01.892 |  28 nPool-1-worker-2 | DEBUG | d.t.c.a.a.c.u.util.UserUtilService   : Save 5 users to database...
    23:42:01.916 |  28 nPool-1-worker-2 | DEBUG | d.t.c.a.a.c.u.util.UserUtilService   : Save 5 users to database. Done
    23:42:01.963 |  28 nPool-1-worker-2 | DEBUG | .c.s.m.InstanceMessageReceiveService : Received schedule participant score for exercise 78 and participant 2 (result to be deleted: null)
    23:42:01.963 |  28 nPool-1-worker-2 | DEBUG | .a.s.ParticipantScoreScheduleService : Scheduled task for exercise 78 and participant 2 at 2025-02-14T23:42:02.063408618Z[Etc/UTC].
    23:42:01.975 |  28 nPool-1-worker-2 | DEBUG | .c.s.m.InstanceMessageReceiveService : Received schedule participant score for exercise 78 and participant 2 (result to be deleted: null)
    23:42:01.975 |  28 nPool-1-worker-2 | DEBUG | .a.s.ParticipantScoreScheduleService : Scheduled task for exercise 78 and participant 2 at 2025-02-14T23:42:02.075857863Z[Etc/UTC].
    23:42:02.001 |  28 nPool-1-worker-2 | DEBUG | .c.s.m.InstanceMessageReceiveService : Received schedule participant score for exercise 78 and participant 2 (result to be deleted: null)
    23:42:02.001 |  28 nPool-1-worker-2 | DEBUG | .a.s.ParticipantScoreScheduleService : Scheduled task for exercise 78 and participant 2 at 2025-02-14T23:42:02.101825497Z[Etc/UTC].
    23:42:02.020 |  28 nPool-1-worker-2 | DEBUG | .c.s.m.InstanceMessageReceiveService : Received schedule participant score for exercise 78 and participant 2 (result to be deleted: null)
    23:42:02.020 |  28 nPool-1-worker-2 | DEBUG | .a.s.ParticipantScoreScheduleService : Scheduled task for exercise 78 and participant 2 at 2025-02-14T23:42:02.120524116Z[Etc/UTC].
    23:42:02.030 |  28 nPool-1-worker-2 | DEBUG | .c.s.m.InstanceMessageReceiveService : Received schedule participant score for exercise 78 and participant 2 (result to be deleted: null)
    23:42:02.030 |  28 nPool-1-worker-2 | DEBUG | .a.s.ParticipantScoreScheduleService : Scheduled task for exercise 78 and participant 2 at 2025-02-14T23:42:02.130381818Z[Etc/UTC].
    23:42:02.041 |  28 nPool-1-worker-2 | INFO  | i.z.t.d.l.EmbeddedDatabaseReporter   : JDBC URL to connect to 'dataSource': url='jdbc:h2:tcp://localhost:41063/mem:df70fc46-7e57-4cb5-9cd0-c1d90c14afa7;USER=sa', scope='AssessmentComplaintIntegrationTest#getComplaintsByCourseId_tutor_allComplaintsForTutor'
    23:42:02.054 |  28 nPool-1-worker-2 | DEBUG | .c.s.m.InstanceMessageReceiveService : Received schedule participant score for exercise 78 and participant 2 (result to be deleted: null)
    23:42:02.054 |  28 nPool-1-worker-2 | DEBUG | .a.s.ParticipantScoreScheduleService : Scheduled task for exercise 78 and participant 2 at 2025-02-14T23:42:02.154941917Z[Etc/UTC].
    23:42:02.065 |  28 nPool-1-worker-2 | DEBUG | d.t.c.a.a.c.s.f.ApiVersionFilter     : Adding Version to Request GET /api/complaints
    23:42:02.084 |  28 nPool-1-worker-2 | DEBUG | d.t.c.a.a.c.s.f.ApiVersionFilter     : Adding Version to Request GET /api/complaints

  Starting logs for AssessmentComplaintIntegrationTest > submitComplaintForCourseExerciseUsingTheExamExerciseCall_badRequest()
    23:42:02.151 |  28 nPool-1-worker-2 | DEBUG | d.t.c.a.a.c.u.util.UserUtilService   : Generate 2 students...
    23:42:02.166 |  28 nPool-1-worker-2 | DEBUG | d.t.c.a.a.c.u.util.UserUtilService   : 2 students generated. Generate 2 tutors...
    23:42:02.183 |  28 nPool-1-worker-2 | DEBUG | d.t.c.a.a.c.u.util.UserUtilService   : 2 tutors generated. Generate 0 editors...
    23:42:02.187 |  28 nPool-1-worker-2 | DEBUG | d.t.c.a.a.c.u.util.UserUtilService   : 0 editors generated. Generate 1 instructors...
    23:42:02.194 |  28 nPool-1-worker-2 | DEBUG | d.t.c.a.a.c.u.util.UserUtilService   : 1 instructors generated
    23:42:02.200 |  28 nPool-1-worker-2 | DEBUG | d.t.c.a.a.c.u.util.UserUtilService   : Removing 5 users from all courses...
    23:42:02.202 |  28 nPool-1-worker-2 | DEBUG | d.t.c.a.a.c.u.util.UserUtilService   : Removing 5 users from all courses. Done
    23:42:02.202 |  28 nPool-1-worker-2 | DEBUG | d.t.c.a.a.c.u.util.UserUtilService   : Save 5 users to database...
    23:42:02.228 |  28 nPool-1-worker-2 | DEBUG | d.t.c.a.a.c.u.util.UserUtilService   : Save 5 users to database. Done
    23:42:02.270 |  28 nPool-1-worker-2 | DEBUG | .c.s.m.InstanceMessageReceiveService : Received schedule participant score for exercise 81 and participant 2 (result to be deleted: null)
    23:42:02.271 |  28 nPool-1-worker-2 | DEBUG | .a.s.ParticipantScoreScheduleService : Scheduled task for exercise 81 and participant 2 at 2025-02-14T23:42:02.371022766Z[Etc/UTC].
    23:42:02.283 |  28 nPool-1-worker-2 | DEBUG | .c.s.m.InstanceMessageReceiveService : Received schedule participant score for exercise 81 and participant 2 (result to be deleted: null)
    23:42:02.283 |  28 nPool-1-worker-2 | DEBUG | .a.s.ParticipantScoreScheduleService : Scheduled task for exercise 81 and participant 2 at 2025-02-14T23:42:02.383805163Z[Etc/UTC].
    23:42:02.306 |  28 nPool-1-worker-2 | DEBUG | .c.s.m.InstanceMessageReceiveService : Received schedule participant score for exercise 81 and participant 2 (result to be deleted: null)
    23:42:02.306 |  28 nPool-1-worker-2 | DEBUG | .a.s.ParticipantScoreScheduleService : Scheduled task for exercise 81 and participant 2 at 2025-02-14T23:42:02.406578981Z[Etc/UTC].
    23:42:02.324 |  28 nPool-1-worker-2 | DEBUG | .c.s.m.InstanceMessageReceiveService : Received schedule participant score for exercise 81 and participant 2 (result to be deleted: null)
    23:42:02.324 |  28 nPool-1-worker-2 | DEBUG | .a.s.ParticipantScoreScheduleService : Scheduled task for exercise 81 and participant 2 at 2025-02-14T23:42:02.424400744Z[Etc/UTC].
    23:42:02.343 |  28 nPool-1-worker-2 | DEBUG | .c.s.m.InstanceMessageReceiveService : Received schedule participant score for exercise 81 and participant 2 (result to be deleted: null)
    23:42:02.343 |  28 nPool-1-worker-2 | DEBUG | .a.s.ParticipantScoreScheduleService : Scheduled task for exercise 81 and participant 2 at 2025-02-14T23:42:02.443575330Z[Etc/UTC].
    23:42:02.350 |  28 nPool-1-worker-2 | INFO  | i.z.t.d.l.EmbeddedDatabaseReporter   : JDBC URL to connect to 'dataSource': url='jdbc:h2:tcp://localhost:41063/mem:df70fc46-7e57-4cb5-9cd0-c1d90c14afa7;USER=sa', scope='AssessmentComplaintIntegrationTest#submitComplaintForCourseExerciseUsingTheExamExerciseCall_badRequest'
    23:42:02.357 |  28 nPool-1-worker-2 | DEBUG | d.t.c.a.a.c.s.f.ApiVersionFilter     : Adding Version to Request POST /api/complaints
    23:42:02.358 |  28 nPool-1-worker-2 | DEBUG | d.t.c.a.a.a.web.ComplaintResource    : REST request to save Complaint: ComplaintRequestDTO[resultId=38, complaintText=This is not fair, complaintType=COMPLAINT, examId=Optional[5]]
    23:42:02.366 |  28 nPool-1-worker-2 | ERROR | tech.jhipster.web.util.HeaderUtil    : Entity processing failed, A complaint for an course exercise cannot be filed using this component
    23:42:02.366 |  28 nPool-1-worker-2 | WARN  | o.z.p.spring.common.AdviceTraits     : Bad Request: A complaint for an course exercise cannot be filed using this component

  Starting logs for AssessmentComplaintIntegrationTest > submitComplaintResponse_examExercise()
    23:42:02.409 |  28 nPool-1-worker-2 | DEBUG | d.t.c.a.a.c.u.util.UserUtilService   : Generate 2 students...
    23:42:02.420 |  28 nPool-1-worker-2 | DEBUG | d.t.c.a.a.c.u.util.UserUtilService   : 2 students generated. Generate 2 tutors...
    23:42:02.439 |  28 nPool-1-worker-2 | DEBUG | d.t.c.a.a.c.u.util.UserUtilService   : 2 tutors generated. Generate 0 editors...
    23:42:02.444 |  28 nPool-1-worker-2 | DEBUG | d.t.c.a.a.c.u.util.UserUtilService   : 0 editors generated. Generate 1 instructors...
    23:42:02.451 |  28 nPool-1-worker-2 | DEBUG | d.t.c.a.a.c.u.util.UserUtilService   : 1 instructors generated
    23:42:02.457 |  28 nPool-1-worker-2 | DEBUG | d.t.c.a.a.c.u.util.UserUtilService   : Removing 5 users from all courses...
    23:42:02.466 |  28 nPool-1-worker-2 | DEBUG | d.t.c.a.a.c.u.util.UserUtilService   : Removing 5 users from all courses. Done
    23:42:02.466 |  28 nPool-1-worker-2 | DEBUG | d.t.c.a.a.c.u.util.UserUtilService   : Save 5 users to database...
    23:42:02.489 |  28 nPool-1-worker-2 | DEBUG | d.t.c.a.a.c.u.util.UserUtilService   : Save 5 users to database. Done
    23:42:02.531 |  28 nPool-1-worker-2 | DEBUG | .c.s.m.InstanceMessageReceiveService : Received schedule participant score for exercise 84 and participant 2 (result to be deleted: null)
    23:42:02.531 |  28 nPool-1-worker-2 | DEBUG | .a.s.ParticipantScoreScheduleService : Scheduled task for exercise 84 and participant 2 at 2025-02-14T23:42:02.631286227Z[Etc/UTC].
    23:42:02.546 |  28 nPool-1-worker-2 | DEBUG | .c.s.m.InstanceMessageReceiveService : Received schedule participant score for exercise 84 and participant 2 (result to be deleted: null)
    23:42:02.546 |  28 nPool-1-worker-2 | DEBUG | .a.s.ParticipantScoreScheduleService : Scheduled task for exercise 84 and participant 2 at 2025-02-14T23:42:02.646555109Z[Etc/UTC].
    23:42:02.561 |  28 nPool-1-worker-2 | DEBUG | .c.s.m.InstanceMessageReceiveService : Received schedule participant score for exercise 84 and participant 2 (result to be deleted: null)
    23:42:02.561 |  28 nPool-1-worker-2 | DEBUG | .a.s.ParticipantScoreScheduleService : Scheduled task for exercise 84 and participant 2 at 2025-02-14T23:42:02.661493797Z[Etc/UTC].
    23:42:02.569 |  28 nPool-1-worker-2 | DEBUG | .c.s.m.InstanceMessageReceiveService : Received schedule participant score for exercise 84 and participant 2 (result to be deleted: null)
    23:42:02.569 |  28 nPool-1-worker-2 | DEBUG | .a.s.ParticipantScoreScheduleService : Scheduled task for exercise 84 and participant 2 at 2025-02-14T23:42:02.669822608Z[Etc/UTC].
    23:42:02.579 |  28 nPool-1-worker-2 | DEBUG | .c.s.m.InstanceMessageReceiveService : Received schedule participant score for exercise 84 and participant 2 (result to be deleted: null)
    23:42:02.579 |  28 nPool-1-worker-2 | DEBUG | .a.s.ParticipantScoreScheduleService : Scheduled task for exercise 84 and participant 2 at 2025-02-14T23:42:02.679686041Z[Etc/UTC].
    23:42:02.589 |  28 nPool-1-worker-2 | INFO  | i.z.t.d.l.EmbeddedDatabaseReporter   : JDBC URL to connect to 'dataSource': url='jdbc:h2:tcp://localhost:41063/mem:df70fc46-7e57-4cb5-9cd0-c1d90c14afa7;USER=sa', scope='AssessmentComplaintIntegrationTest#submitComplaintResponse_examExercise'
    23:42:02.655 |  28 nPool-1-worker-2 | DEBUG | .c.s.m.InstanceMessageReceiveService : Received schedule participant score for exercise 87 and participant 2 (result to be deleted: null)
    23:42:02.655 |  28 nPool-1-worker-2 | DEBUG | .a.s.ParticipantScoreScheduleService : Scheduled task for exercise 87 and participant 2 at 2025-02-14T23:42:02.755595143Z[Etc/UTC].
    23:42:02.667 |  28 nPool-1-worker-2 | DEBUG | .c.s.m.InstanceMessageReceiveService : Received schedule participant score for exercise 87 and participant 2 (result to be deleted: null)
    23:42:02.668 |  28 nPool-1-worker-2 | DEBUG | .a.s.ParticipantScoreScheduleService : Scheduled task for exercise 87 and participant 2 at 2025-02-14T23:42:02.767979507Z[Etc/UTC].
    23:42:02.677 |  28 nPool-1-worker-2 | DEBUG | .c.s.m.InstanceMessageReceiveService : Received schedule participant score for exercise 87 and participant 2 (result to be deleted: null)
    23:42:02.677 |  28 nPool-1-worker-2 | DEBUG | .a.s.ParticipantScoreScheduleService : Scheduled task for exercise 87 and participant 2 at 2025-02-14T23:42:02.777360270Z[Etc/UTC].
    23:42:02.679 | 663 taskScheduler-1  | DEBUG | .a.s.ParticipantScoreScheduleService : Processing exercise 84 and participant 2 to update participant scores.
    23:42:02.713 | 663 taskScheduler-1  | DEBUG | .a.s.ParticipantScoreScheduleService : Updated participant score 10.
    23:42:02.714 | 663 taskScheduler-1  | DEBUG | .a.s.ParticipantScoreScheduleService : Updating the participant score for exercise 84 and participant 2 took 35 ms.
    23:42:02.736 |  28 nPool-1-worker-2 | DEBUG | d.t.c.a.a.c.s.f.ApiVersionFilter     : Adding Version to Request PATCH /api/complaints/26/response
    23:42:02.745 |  28 nPool-1-worker-2 | DEBUG | .c.a.a.a.w.ComplaintResponseResource : REST request to resolve the complaint with id: 26
    23:42:02.777 | 666 taskScheduler-4  | DEBUG | .a.s.ParticipantScoreScheduleService : Processing exercise 87 and participant 2 to update participant scores.
    23:42:02.805 | 666 taskScheduler-4  | DEBUG | .a.s.ParticipantScoreScheduleService : Updated participant score 11.
    23:42:02.812 | 666 taskScheduler-4  | DEBUG | .a.s.ParticipantScoreScheduleService : Updating the participant score for exercise 87 and participant 2 took 35 ms.

  Starting logs for AssessmentComplaintIntegrationTest > submitComplaintForExamExerciseUsingTheCourseExerciseCall_badRequest()
    23:42:02.871 |  28 nPool-1-worker-2 | DEBUG | d.t.c.a.a.c.u.util.UserUtilService   : Generate 2 students...
    23:42:02.897 |  28 nPool-1-worker-2 | DEBUG | d.t.c.a.a.c.u.util.UserUtilService   : 2 students generated. Generate 2 tutors...
    23:42:02.908 |  28 nPool-1-worker-2 | DEBUG | d.t.c.a.a.c.u.util.UserUtilService   : 2 tutors generated. Generate 0 editors...
    23:42:02.910 |  28 nPool-1-worker-2 | DEBUG | d.t.c.a.a.c.u.util.UserUtilService   : 0 editors generated. Generate 1 instructors...
    23:42:02.923 |  28 nPool-1-worker-2 | DEBUG | d.t.c.a.a.c.u.util.UserUtilService   : 1 instructors generated
    23:42:02.925 |  28 nPool-1-worker-2 | DEBUG | d.t.c.a.a.c.u.util.UserUtilService   : Removing 5 users from all courses...
    23:42:02.932 |  28 nPool-1-worker-2 | DEBUG | d.t.c.a.a.c.u.util.UserUtilService   : Removing 5 users from all courses. Done
    23:42:02.932 |  28 nPool-1-worker-2 | DEBUG | d.t.c.a.a.c.u.util.UserUtilService   : Save 5 users to database...
    23:42:02.955 |  28 nPool-1-worker-2 | DEBUG | d.t.c.a.a.c.u.util.UserUtilService   : Save 5 users to database. Done
    23:42:03.000 |  28 nPool-1-worker-2 | DEBUG | .c.s.m.InstanceMessageReceiveService : Received schedule participant score for exercise 88 and participant 2 (result to be deleted: null)
    23:42:03.000 |  28 nPool-1-worker-2 | DEBUG | .a.s.ParticipantScoreScheduleService : Scheduled task for exercise 88 and participant 2 at 2025-02-14T23:42:03.100293014Z[Etc/UTC].
    23:42:03.013 |  28 nPool-1-worker-2 | DEBUG | .c.s.m.InstanceMessageReceiveService : Received schedule participant score for exercise 88 and participant 2 (result to be deleted: null)
    23:42:03.013 |  28 nPool-1-worker-2 | DEBUG | .a.s.ParticipantScoreScheduleService : Scheduled task for exercise 88 and participant 2 at 2025-02-14T23:42:03.113225650Z[Etc/UTC].
    23:42:03.046 |  28 nPool-1-worker-2 | DEBUG | .c.s.m.InstanceMessageReceiveService : Received schedule participant score for exercise 88 and participant 2 (result to be deleted: null)
    23:42:03.046 |  28 nPool-1-worker-2 | DEBUG | .a.s.ParticipantScoreScheduleService : Scheduled task for exercise 88 and participant 2 at 2025-02-14T23:42:03.146443353Z[Etc/UTC].
    23:42:03.062 |  28 nPool-1-worker-2 | DEBUG | .c.s.m.InstanceMessageReceiveService : Received schedule participant score for exercise 88 and participant 2 (result to be deleted: null)
    23:42:03.062 |  28 nPool-1-worker-2 | DEBUG | .a.s.ParticipantScoreScheduleService : Scheduled task for exercise 88 and participant 2 at 2025-02-14T23:42:03.162323235Z[Etc/UTC].
    23:42:03.084 |  28 nPool-1-worker-2 | DEBUG | .c.s.m.InstanceMessageReceiveService : Received schedule participant score for exercise 88 and participant 2 (result to be deleted: null)
    23:42:03.084 |  28 nPool-1-worker-2 | DEBUG | .a.s.ParticipantScoreScheduleService : Scheduled task for exercise 88 and participant 2 at 2025-02-14T23:42:03.184263559Z[Etc/UTC].
    23:42:03.094 |  28 nPool-1-worker-2 | INFO  | i.z.t.d.l.EmbeddedDatabaseReporter   : JDBC URL to connect to 'dataSource': url='jdbc:h2:tcp://localhost:41063/mem:df70fc46-7e57-4cb5-9cd0-c1d90c14afa7;USER=sa', scope='AssessmentComplaintIntegrationTest#submitComplaintForExamExerciseUsingTheCourseExerciseCall_badRequest'
    23:42:03.149 |  28 nPool-1-worker-2 | DEBUG | .c.s.m.InstanceMessageReceiveService : Received schedule participant score for exercise 91 and participant 2 (result to be deleted: null)
    23:42:03.149 |  28 nPool-1-worker-2 | DEBUG | .a.s.ParticipantScoreScheduleService : Scheduled task for exercise 91 and participant 2 at 2025-02-14T23:42:03.249597762Z[Etc/UTC].
    23:42:03.161 |  28 nPool-1-worker-2 | DEBUG | .c.s.m.InstanceMessageReceiveService : Received schedule participant score for exercise 91 and participant 2 (result to be deleted: null)
    23:42:03.161 |  28 nPool-1-worker-2 | DEBUG | .a.s.ParticipantScoreScheduleService : Scheduled task for exercise 91 and participant 2 at 2025-02-14T23:42:03.261683208Z[Etc/UTC].
    23:42:03.178 |  28 nPool-1-worker-2 | DEBUG | .c.s.m.InstanceMessageReceiveService : Received schedule participant score for exercise 91 and participant 2 (result to be deleted: null)
    23:42:03.178 |  28 nPool-1-worker-2 | DEBUG | .a.s.ParticipantScoreScheduleService : Scheduled task for exercise 91 and participant 2 at 2025-02-14T23:42:03.278907027Z[Etc/UTC].
    23:42:03.184 | 664 taskScheduler-2  | DEBUG | .a.s.ParticipantScoreScheduleService : Processing exercise 88 and participant 2 to update participant scores.
    23:42:03.189 |  28 nPool-1-worker-2 | DEBUG | d.t.c.a.a.c.s.f.ApiVersionFilter     : Adding Version to Request POST /api/complaints
    23:42:03.190 |  28 nPool-1-worker-2 | DEBUG | d.t.c.a.a.a.web.ComplaintResource    : REST request to save Complaint: ComplaintRequestDTO[resultId=42, complaintText=This is not fair, complaintType=COMPLAINT, examId=Optional.empty]
    23:42:03.197 | 664 taskScheduler-2  | DEBUG | .a.s.ParticipantScoreScheduleService : Updated participant score 12.
    23:42:03.200 |  28 nPool-1-worker-2 | ERROR | tech.jhipster.web.util.HeaderUtil    : Entity processing failed, A complaint for an exam exercise cannot be filed using this component
    23:42:03.200 |  28 nPool-1-worker-2 | WARN  | o.z.p.spring.common.AdviceTraits     : Bad Request: A complaint for an exam exercise cannot be filed using this component
    23:42:03.204 | 664 taskScheduler-2  | DEBUG | .a.s.ParticipantScoreScheduleService : Updating the participant score for exercise 88 and participant 2 took 20 ms.

  Starting logs for AssessmentComplaintIntegrationTest > getSubmittedComplaints_byComplaintType()
    23:42:03.225 |  28 nPool-1-worker-2 | DEBUG | d.t.c.a.a.c.u.util.UserUtilService   : Generate 2 students...
    23:42:03.234 |  28 nPool-1-worker-2 | DEBUG | d.t.c.a.a.c.u.util.UserUtilService   : 2 students generated. Generate 2 tutors...
    23:42:03.240 |  28 nPool-1-worker-2 | DEBUG | d.t.c.a.a.c.u.util.UserUtilService   : 2 tutors generated. Generate 0 editors...
    23:42:03.242 |  28 nPool-1-worker-2 | DEBUG | d.t.c.a.a.c.u.util.UserUtilService   : 0 editors generated. Generate 1 instructors...
    23:42:03.245 |  28 nPool-1-worker-2 | DEBUG | d.t.c.a.a.c.u.util.UserUtilService   : 1 instructors generated
    23:42:03.248 |  28 nPool-1-worker-2 | DEBUG | d.t.c.a.a.c.u.util.UserUtilService   : Removing 5 users from all courses...
    23:42:03.250 |  28 nPool-1-worker-2 | DEBUG | d.t.c.a.a.c.u.util.UserUtilService   : Removing 5 users from all courses. Done
    23:42:03.250 |  28 nPool-1-worker-2 | DEBUG | d.t.c.a.a.c.u.util.UserUtilService   : Save 5 users to database...
    23:42:03.260 |  28 nPool-1-worker-2 | DEBUG | d.t.c.a.a.c.u.util.UserUtilService   : Save 5 users to database. Done
    23:42:03.280 |  28 nPool-1-worker-2 | DEBUG | .c.s.m.InstanceMessageReceiveService : Received schedule participant score for exercise 92 and participant 2 (result to be deleted: null)
    23:42:03.280 |  28 nPool-1-worker-2 | DEBUG | .a.s.ParticipantScoreScheduleService : Scheduled task for exercise 92 and participant 2 at 2025-02-14T23:42:03.380491778Z[Etc/UTC].
    23:42:03.365 |  28 nPool-1-worker-2 | DEBUG | .c.s.m.InstanceMessageReceiveService : Received schedule participant score for exercise 92 and participant 2 (result to be deleted: null)
    23:42:03.365 |  28 nPool-1-worker-2 | DEBUG | .a.s.ParticipantScoreScheduleService : Scheduled task for exercise 92 and participant 2 at 2025-02-14T23:42:03.465559089Z[Etc/UTC].
    23:42:03.395 |  28 nPool-1-worker-2 | DEBUG | .c.s.m.InstanceMessageReceiveService : Received schedule participant score for exercise 92 and participant 2 (result to be deleted: null)
    23:42:03.395 |  28 nPool-1-worker-2 | DEBUG | .a.s.ParticipantScoreScheduleService : Scheduled task for exercise 92 and participant 2 at 2025-02-14T23:42:03.895904886Z[Etc/UTC].
    23:42:03.413 |  28 nPool-1-worker-2 | DEBUG | .c.s.m.InstanceMessageReceiveService : Received schedule participant score for exercise 92 and participant 2 (result to be deleted: null)
    23:42:03.413 |  28 nPool-1-worker-2 | DEBUG | .a.s.ParticipantScoreScheduleService : Scheduled task for exercise 92 and participant 2 at 2025-02-14T23:42:03.513882821Z[Etc/UTC].
    23:42:03.426 |  28 nPool-1-worker-2 | DEBUG | .c.s.m.InstanceMessageReceiveService : Received schedule participant score for exercise 92 and participant 2 (result to be deleted: null)
    23:42:03.426 |  28 nPool-1-worker-2 | DEBUG | .a.s.ParticipantScoreScheduleService : Scheduled task for exercise 92 and participant 2 at 2025-02-14T23:42:03.526666920Z[Etc/UTC].
    23:42:03.429 |  28 nPool-1-worker-2 | INFO  | i.z.t.d.l.EmbeddedDatabaseReporter   : JDBC URL to connect to 'dataSource': url='jdbc:h2:tcp://localhost:41063/mem:df70fc46-7e57-4cb5-9cd0-c1d90c14afa7;USER=sa', scope='AssessmentComplaintIntegrationTest#getSubmittedComplaints_byComplaintType'
    23:42:03.430 |  28 nPool-1-worker-2 | DEBUG | .c.s.m.InstanceMessageReceiveService : Received schedule participant score for exercise 92 and participant 2 (result to be deleted: null)
    23:42:03.430 |  28 nPool-1-worker-2 | DEBUG | .a.s.ParticipantScoreScheduleService : Scheduled task for exercise 92 and participant 2 at 2025-02-14T23:42:03.530840182Z[Etc/UTC].
    23:42:03.434 |  28 nPool-1-worker-2 | DEBUG | .c.s.m.InstanceMessageReceiveService : Received schedule participant score for exercise 92 and participant 2 (result to be deleted: null)
    23:42:03.434 |  28 nPool-1-worker-2 | DEBUG | .a.s.ParticipantScoreScheduleService : Scheduled task for exercise 92 and participant 2 at 2025-02-14T23:42:03.534303741Z[Etc/UTC].
    23:42:03.436 |  28 nPool-1-worker-2 | DEBUG | .c.s.m.InstanceMessageReceiveService : Received schedule participant score for exercise 92 and participant 2 (result to be deleted: null)
    23:42:03.437 |  28 nPool-1-worker-2 | DEBUG | .a.s.ParticipantScoreScheduleService : Scheduled task for exercise 92 and participant 2 at 2025-02-14T23:42:03.537055092Z[Etc/UTC].
    23:42:03.442 |  28 nPool-1-worker-2 | DEBUG | d.t.c.a.a.c.s.f.ApiVersionFilter     : Adding Version to Request GET /api/complaints
    23:42:03.456 |  28 nPool-1-worker-2 | DEBUG | d.t.c.a.a.c.s.f.ApiVersionFilter     : Adding Version to Request GET /api/complaints
    23:42:03.467 |  28 nPool-1-worker-2 | DEBUG | d.t.c.a.a.c.s.f.ApiVersionFilter     : Adding Version to Request GET /api/complaints
    23:42:03.487 |  28 nPool-1-worker-2 | DEBUG | d.t.c.a.a.c.s.f.ApiVersionFilter     : Adding Version to Request GET /api/complaints

  Starting logs for AssessmentComplaintIntegrationTest > getComplaintByResultId_studentAndNotOwner_forbidden()
    23:42:03.539 |  28 nPool-1-worker-2 | DEBUG | d.t.c.a.a.c.u.util.UserUtilService   : Generate 2 students...
    23:42:03.555 |  28 nPool-1-worker-2 | DEBUG | d.t.c.a.a.c.u.util.UserUtilService   : 2 students generated. Generate 2 tutors...
    23:42:03.611 |  28 nPool-1-worker-2 | DEBUG | d.t.c.a.a.c.u.util.UserUtilService   : 2 tutors generated. Generate 0 editors...
    23:42:03.613 |  28 nPool-1-worker-2 | DEBUG | d.t.c.a.a.c.u.util.UserUtilService   : 0 editors generated. Generate 1 instructors...
    23:42:03.622 |  28 nPool-1-worker-2 | DEBUG | d.t.c.a.a.c.u.util.UserUtilService   : 1 instructors generated
    23:42:03.624 |  28 nPool-1-worker-2 | DEBUG | d.t.c.a.a.c.u.util.UserUtilService   : Removing 5 users from all courses...
    23:42:03.628 |  28 nPool-1-worker-2 | DEBUG | d.t.c.a.a.c.u.util.UserUtilService   : Removing 5 users from all courses. Done
    23:42:03.628 |  28 nPool-1-worker-2 | DEBUG | d.t.c.a.a.c.u.util.UserUtilService   : Save 5 users to database...
    23:42:03.636 |  28 nPool-1-worker-2 | DEBUG | d.t.c.a.a.c.u.util.UserUtilService   : Save 5 users to database. Done
    23:42:03.652 |  28 nPool-1-worker-2 | DEBUG | .c.s.m.InstanceMessageReceiveService : Received schedule participant score for exercise 95 and participant 2 (result to be deleted: null)
    23:42:03.653 |  28 nPool-1-worker-2 | DEBUG | .a.s.ParticipantScoreScheduleService : Scheduled task for exercise 95 and participant 2 at 2025-02-14T23:42:03.752976134Z[Etc/UTC].
    23:42:03.657 |  28 nPool-1-worker-2 | DEBUG | .c.s.m.InstanceMessageReceiveService : Received schedule participant score for exercise 95 and participant 2 (result to be deleted: null)
    23:42:03.658 |  28 nPool-1-worker-2 | DEBUG | .a.s.ParticipantScoreScheduleService : Scheduled task for exercise 95 and participant 2 at 2025-02-14T23:42:03.758038003Z[Etc/UTC].
    23:42:03.667 |  28 nPool-1-worker-2 | DEBUG | .c.s.m.InstanceMessageReceiveService : Received schedule participant score for exercise 95 and participant 2 (result to be deleted: null)
    23:42:03.668 |  28 nPool-1-worker-2 | DEBUG | .a.s.ParticipantScoreScheduleService : Scheduled task for exercise 95 and participant 2 at 2025-02-14T23:42:03.768079728Z[Etc/UTC].
    23:42:03.674 |  28 nPool-1-worker-2 | DEBUG | .c.s.m.InstanceMessageReceiveService : Received schedule participant score for exercise 95 and participant 2 (result to be deleted: null)
    23:42:03.675 |  28 nPool-1-worker-2 | DEBUG | .a.s.ParticipantScoreScheduleService : Scheduled task for exercise 95 and participant 2 at 2025-02-14T23:42:03.775095080Z[Etc/UTC].
    23:42:03.683 |  28 nPool-1-worker-2 | DEBUG | .c.s.m.InstanceMessageReceiveService : Received schedule participant score for exercise 95 and participant 2 (result to be deleted: null)
    23:42:03.683 |  28 nPool-1-worker-2 | DEBUG | .a.s.ParticipantScoreScheduleService : Scheduled task for exercise 95 and participant 2 at 2025-02-14T23:42:03.783403534Z[Etc/UTC].
    23:42:03.686 |  28 nPool-1-worker-2 | INFO  | i.z.t.d.l.EmbeddedDatabaseReporter   : JDBC URL to connect to 'dataSource': url='jdbc:h2:tcp://localhost:41063/mem:df70fc46-7e57-4cb5-9cd0-c1d90c14afa7;USER=sa', scope='AssessmentComplaintIntegrationTest#getComplaintByResultId_studentAndNotOwner_forbidden'
    23:42:03.690 |  28 nPool-1-worker-2 | DEBUG | d.t.c.a.a.c.s.f.ApiVersionFilter     : Adding Version to Request GET /api/complaints
    23:42:03.691 |  28 nPool-1-worker-2 | DEBUG | d.t.c.a.a.a.web.ComplaintResource    : REST request to get latest Complaint associated with a result of submission : 37
    23:42:03.695 |  28 nPool-1-worker-2 | WARN  | o.z.p.spring.common.AdviceTraits     : Forbidden: You are not allowed to access this resource

  Starting logs for AssessmentComplaintIntegrationTest > submitComplaintForExam_courseComplaintsDisabled_exceededTextLimit()
    23:42:03.728 |  28 nPool-1-worker-2 | DEBUG | d.t.c.a.a.c.u.util.UserUtilService   : Generate 2 students...
    23:42:03.743 |  28 nPool-1-worker-2 | DEBUG | d.t.c.a.a.c.u.util.UserUtilService   : 2 students generated. Generate 2 tutors...
    23:42:03.754 |  28 nPool-1-worker-2 | DEBUG | d.t.c.a.a.c.u.util.UserUtilService   : 2 tutors generated. Generate 0 editors...
    23:42:03.756 |  28 nPool-1-worker-2 | DEBUG | d.t.c.a.a.c.u.util.UserUtilService   : 0 editors generated. Generate 1 instructors...
    23:42:03.759 |  28 nPool-1-worker-2 | DEBUG | d.t.c.a.a.c.u.util.UserUtilService   : 1 instructors generated
    23:42:03.761 |  28 nPool-1-worker-2 | DEBUG | d.t.c.a.a.c.u.util.UserUtilService   : Removing 5 users from all courses...
    23:42:03.764 |  28 nPool-1-worker-2 | DEBUG | d.t.c.a.a.c.u.util.UserUtilService   : Removing 5 users from all courses. Done
    23:42:03.764 |  28 nPool-1-worker-2 | DEBUG | d.t.c.a.a.c.u.util.UserUtilService   : Save 5 users to database...
    23:42:03.773 |  28 nPool-1-worker-2 | DEBUG | d.t.c.a.a.c.u.util.UserUtilService   : Save 5 users to database. Done
    23:42:03.789 |  28 nPool-1-worker-2 | DEBUG | .c.s.m.InstanceMessageReceiveService : Received schedule participant score for exercise 98 and participant 2 (result to be deleted: null)
    23:42:03.789 |  28 nPool-1-worker-2 | DEBUG | .a.s.ParticipantScoreScheduleService : Scheduled task for exercise 98 and participant 2 at 2025-02-14T23:42:03.889312789Z[Etc/UTC].
    23:42:03.793 |  28 nPool-1-worker-2 | DEBUG | .c.s.m.InstanceMessageReceiveService : Received schedule participant score for exercise 98 and participant 2 (result to be deleted: null)
    23:42:03.794 |  28 nPool-1-worker-2 | DEBUG | .a.s.ParticipantScoreScheduleService : Scheduled task for exercise 98 and participant 2 at 2025-02-14T23:42:03.894016711Z[Etc/UTC].
    23:42:03.803 |  28 nPool-1-worker-2 | DEBUG | .c.s.m.InstanceMessageReceiveService : Received schedule participant score for exercise 98 and participant 2 (result to be deleted: null)
    23:42:03.803 |  28 nPool-1-worker-2 | DEBUG | .a.s.ParticipantScoreScheduleService : Scheduled task for exercise 98 and participant 2 at 2025-02-14T23:42:03.903919137Z[Etc/UTC].
    23:42:03.810 |  28 nPool-1-worker-2 | DEBUG | .c.s.m.InstanceMessageReceiveService : Received schedule participant score for exercise 98 and participant 2 (result to be deleted: null)
    23:42:03.810 |  28 nPool-1-worker-2 | DEBUG | .a.s.ParticipantScoreScheduleService : Scheduled task for exercise 98 and participant 2 at 2025-02-14T23:42:03.910943245Z[Etc/UTC].
    23:42:03.818 |  28 nPool-1-worker-2 | DEBUG | .c.s.m.InstanceMessageReceiveService : Received schedule participant score for exercise 98 and participant 2 (result to be deleted: null)
    23:42:03.818 |  28 nPool-1-worker-2 | DEBUG | .a.s.ParticipantScoreScheduleService : Scheduled task for exercise 98 and participant 2 at 2025-02-14T23:42:03.918845581Z[Etc/UTC].
    23:42:03.824 |  28 nPool-1-worker-2 | INFO  | i.z.t.d.l.EmbeddedDatabaseReporter   : JDBC URL to connect to 'dataSource': url='jdbc:h2:tcp://localhost:41063/mem:df70fc46-7e57-4cb5-9cd0-c1d90c14afa7;USER=sa', scope='AssessmentComplaintIntegrationTest#submitComplaintForExam_courseComplaintsDisabled_exceededTextLimit'
    23:42:03.887 |  28 nPool-1-worker-2 | DEBUG | .c.s.m.InstanceMessageReceiveService : Received schedule participant score for exercise 101 and participant 2 (result to be deleted: null)
    23:42:03.887 |  28 nPool-1-worker-2 | DEBUG | .a.s.ParticipantScoreScheduleService : Scheduled task for exercise 101 and participant 2 at 2025-02-14T23:42:03.987713919Z[Etc/UTC].
    23:42:03.898 |  28 nPool-1-worker-2 | DEBUG | .c.s.m.InstanceMessageReceiveService : Received schedule participant score for exercise 101 and participant 2 (result to be deleted: null)
    23:42:03.898 |  28 nPool-1-worker-2 | DEBUG | .a.s.ParticipantScoreScheduleService : Scheduled task for exercise 101 and participant 2 at 2025-02-14T23:42:03.998907192Z[Etc/UTC].
    23:42:03.915 |  28 nPool-1-worker-2 | DEBUG | .c.s.m.InstanceMessageReceiveService : Received schedule participant score for exercise 101 and participant 2 (result to be deleted: null)
    23:42:03.915 |  28 nPool-1-worker-2 | DEBUG | .a.s.ParticipantScoreScheduleService : Scheduled task for exercise 101 and participant 2 at 2025-02-14T23:42:04.015898941Z[Etc/UTC].
    23:42:03.918 | 664 taskScheduler-2  | DEBUG | .a.s.ParticipantScoreScheduleService : Processing exercise 98 and participant 2 to update participant scores.
    23:42:03.921 |  28 nPool-1-worker-2 | DEBUG | d.t.c.a.a.c.s.f.ApiVersionFilter     : Adding Version to Request POST /api/complaints
    23:42:03.923 |  28 nPool-1-worker-2 | DEBUG | d.t.c.a.a.a.web.ComplaintResource    : REST request to save Complaint: ComplaintRequestDTO[resultId=49, complaintText=abcdabcdabcdabcdabcdabcdabcdabcdabcdabcdabcdabcdabcdabcdabcdabcdabcdabcdabcdabcdabcdabcdabcdabcdabcdabcdabcdabcdabcdabcdabcdabcdabcdabcdabcdabcdabcdabcdabcdabcdabcdabcdabcdabcdabcdabcdabcdabcdabcdabcdabcdabcdabcdabcdabcdabcdabcdabcdabcdabcdabcdabcdabcdabcdabcdabcdabcdabcdabcdabcdabcdabcdabcdabcdabcdabcdabcdabcdabcdabcdabcdabcdabcdabcdabcdabcdabcdabcdabcdabcdabcdabcdabcdabcdabcdabcdabcdabcdabcdabcdabcdabcdabcdabcdabcdabcdabcdabcdabcdabcdabcdabcdabcdabcdabcdabcdabcdabcdabcdabcdabcdabcdabcdabcdabcdabcdabcdabcdabcdabcdabcdabcdabcdabcdabcdabcdabcdabcdabcdabcdabcdabcdabcdabcdabcdabcdabcdabcdabcdabcdabcdabcdabcdabcdabcdabcdabcdabcdabcdabcdabcdabcdabcdabcdabcdabcdabcdabcdabcdabcdabcdabcdabcdabcdabcdabcdabcdabcdabcdabcdabcdabcdabcdabcdabcdabcdabcdabcdabcdabcdabcdabcdabcdabcdabcdabcdabcdabcdabcdabcdabcdabcdabcdabcdabcdabcdabcdabcdabcdabcdabcdabcdabcdabcdabcdabcdabcdabcdabcdabcdabcdabcdabcdabcdabcdabcdabcdabcdabcdabcdabcdabcdabcdabcdabcdabcdabcdabcdabcdabcdabcdabcdabcdabcdabcdabcdabcdabcdabcdabcdabcdabcdabcdabcdabcdabcdabcdabcdabcdabcdabcdabcdabcdabcdabcdabcdabcdabcdabcdabcdabcdabcdabcdabcdabcdabcdabcdabcdabcdabcdabcdabcdabcdabcdabcdabcdabcdabcdabcdabcdabcdabcdabcdabcdabcdabcdabcdabcdabcdabcdabcdabcdabcdabcdabcdabcdabcdabcdabcdabcdabcdabcdabcdabcdabcdabcdabcdabcdabcdabcdabcdabcdabcdabcdabcdabcdabcdabcdabcdabcdabcdabcdabcdabcdabcdabcdabcdabcdabcdabcdabcdabcdabcdabcdabcdabcdabcdabcdabcdabcdabcdabcdabcdabcdabcdabcdabcdabcdabcdabcdabcdabcdabcdabcdabcdabcdabcdabcdabcdabcdabcdabcdabcdabcdabcdabcdabcdabcdabcdabcdabcdabcdabcdabcdabcdabcdabcdabcdabcdabcdabcdabcdabcdabcdabcdabcdabcdabcdabcdabcdabcdabcdabcdabcdabcdabcdabcdabcdabcdabcdabcdabcdabcdabcdabcdabcdabcdabcdabcdabcdabcdabcdabcdabcdabcdabcdabcdabcdabcdabcdabcdabcdabcdabcdabcdabcdabcdabcdabcdabcdabcdabcdabcdabcdabcdabcdabcdabcdabcdabcdabcdabcdabcdabcdabcdabcdabcdabcdabcdabcdabcdabcdabcdabcdabcdabcdabcdabcdabcdabcdabcdabcdabcdabcdabcdabcdabcdabcdabcdabcdabcdabcdabcdabcdabcdabcdabcdabcdabcdabcdabcdabcdabcdabcdabcdabcdabcdabcdabcdabcdabcd, complaintType=COMPLAINT, examId=Optional[8]]
    23:42:03.926 | 664 taskScheduler-2  | DEBUG | .a.s.ParticipantScoreScheduleService : Updated participant score 13.
    23:42:03.927 | 664 taskScheduler-2  | DEBUG | .a.s.ParticipantScoreScheduleService : Updating the participant score for exercise 98 and participant 2 took 9 ms.
    23:42:03.930 |  28 nPool-1-worker-2 | ERROR | tech.jhipster.web.util.HeaderUtil    : Entity processing failed, You cannot submit a complaint that exceeds the maximum number of 2000 characters
    23:42:03.930 |  28 nPool-1-worker-2 | WARN  | o.z.p.spring.common.AdviceTraits     : Bad Request: You cannot submit a complaint that exceeds the maximum number of 2000 characters

  Starting logs for AssessmentComplaintIntegrationTest > getComplaintsByCourseIdTutorIsNotTutorForCourse()
    23:42:03.961 |  28 nPool-1-worker-2 | DEBUG | d.t.c.a.a.c.u.util.UserUtilService   : Generate 2 students...
    23:42:03.973 |  28 nPool-1-worker-2 | DEBUG | d.t.c.a.a.c.u.util.UserUtilService   : 2 students generated. Generate 2 tutors...
    23:42:03.988 |  28 nPool-1-worker-2 | DEBUG | d.t.c.a.a.c.u.util.UserUtilService   : 2 tutors generated. Generate 0 editors...
    23:42:03.989 |  28 nPool-1-worker-2 | DEBUG | d.t.c.a.a.c.u.util.UserUtilService   : 0 editors generated. Generate 1 instructors...
    23:42:03.999 |  28 nPool-1-worker-2 | DEBUG | d.t.c.a.a.c.u.util.UserUtilService   : 1 instructors generated
    23:42:04.001 |  28 nPool-1-worker-2 | DEBUG | d.t.c.a.a.c.u.util.UserUtilService   : Removing 5 users from all courses...
    23:42:04.006 |  28 nPool-1-worker-2 | DEBUG | d.t.c.a.a.c.u.util.UserUtilService   : Removing 5 users from all courses. Done
    23:42:04.006 |  28 nPool-1-worker-2 | DEBUG | d.t.c.a.a.c.u.util.UserUtilService   : Save 5 users to database...
    23:42:04.024 |  28 nPool-1-worker-2 | DEBUG | d.t.c.a.a.c.u.util.UserUtilService   : Save 5 users to database. Done
    23:42:04.051 |  28 nPool-1-worker-2 | DEBUG | .c.s.m.InstanceMessageReceiveService : Received schedule participant score for exercise 102 and participant 2 (result to be deleted: null)
    23:42:04.051 |  28 nPool-1-worker-2 | DEBUG | .a.s.ParticipantScoreScheduleService : Scheduled task for exercise 102 and participant 2 at 2025-02-14T23:42:04.151434274Z[Etc/UTC].
    23:42:04.058 |  28 nPool-1-worker-2 | DEBUG | .c.s.m.InstanceMessageReceiveService : Received schedule participant score for exercise 102 and participant 2 (result to be deleted: null)
    23:42:04.058 |  28 nPool-1-worker-2 | DEBUG | .a.s.ParticipantScoreScheduleService : Scheduled task for exercise 102 and participant 2 at 2025-02-14T23:42:04.158614013Z[Etc/UTC].
    23:42:04.073 |  28 nPool-1-worker-2 | DEBUG | .c.s.m.InstanceMessageReceiveService : Received schedule participant score for exercise 102 and participant 2 (result to be deleted: null)
    23:42:04.073 |  28 nPool-1-worker-2 | DEBUG | .a.s.ParticipantScoreScheduleService : Scheduled task for exercise 102 and participant 2 at 2025-02-14T23:42:04.173323787Z[Etc/UTC].
    23:42:04.080 |  28 nPool-1-worker-2 | DEBUG | .c.s.m.InstanceMessageReceiveService : Received schedule participant score for exercise 102 and participant 2 (result to be deleted: null)
    23:42:04.080 |  28 nPool-1-worker-2 | DEBUG | .a.s.ParticipantScoreScheduleService : Scheduled task for exercise 102 and participant 2 at 2025-02-14T23:42:04.180626226Z[Etc/UTC].
    23:42:04.090 |  28 nPool-1-worker-2 | DEBUG | .c.s.m.InstanceMessageReceiveService : Received schedule participant score for exercise 102 and participant 2 (result to be deleted: null)
    23:42:04.091 |  28 nPool-1-worker-2 | DEBUG | .a.s.ParticipantScoreScheduleService : Scheduled task for exercise 102 and participant 2 at 2025-02-14T23:42:04.191046879Z[Etc/UTC].
    23:42:04.095 |  28 nPool-1-worker-2 | INFO  | i.z.t.d.l.EmbeddedDatabaseReporter   : JDBC URL to connect to 'dataSource': url='jdbc:h2:tcp://localhost:41063/mem:df70fc46-7e57-4cb5-9cd0-c1d90c14afa7;USER=sa', scope='AssessmentComplaintIntegrationTest#getComplaintsByCourseIdTutorIsNotTutorForCourse'
    23:42:04.108 |  28 nPool-1-worker-2 | DEBUG | d.t.c.a.a.c.s.f.ApiVersionFilter     : Adding Version to Request GET /api/complaints
    23:42:04.114 |  28 nPool-1-worker-2 | WARN  | o.z.p.spring.common.AdviceTraits     : Forbidden: You are not allowed to access the Course with id 39

  Starting logs for AssessmentComplaintIntegrationTest > getComplaintByResultId_assessorHiddenForStudent()
    23:42:04.138 |  28 nPool-1-worker-2 | DEBUG | d.t.c.a.a.c.u.util.UserUtilService   : Generate 2 students...
    23:42:04.146 |  28 nPool-1-worker-2 | DEBUG | d.t.c.a.a.c.u.util.UserUtilService   : 2 students generated. Generate 2 tutors...
    23:42:04.151 |  28 nPool-1-worker-2 | DEBUG | d.t.c.a.a.c.u.util.UserUtilService   : 2 tutors generated. Generate 0 editors...
    23:42:04.153 |  28 nPool-1-worker-2 | DEBUG | d.t.c.a.a.c.u.util.UserUtilService   : 0 editors generated. Generate 1 instructors...
    23:42:04.157 |  28 nPool-1-worker-2 | DEBUG | d.t.c.a.a.c.u.util.UserUtilService   : 1 instructors generated
    23:42:04.159 |  28 nPool-1-worker-2 | DEBUG | d.t.c.a.a.c.u.util.UserUtilService   : Removing 5 users from all courses...
    23:42:04.162 |  28 nPool-1-worker-2 | DEBUG | d.t.c.a.a.c.u.util.UserUtilService   : Removing 5 users from all courses. Done
    23:42:04.162 |  28 nPool-1-worker-2 | DEBUG | d.t.c.a.a.c.u.util.UserUtilService   : Save 5 users to database...
    23:42:04.175 |  28 nPool-1-worker-2 | DEBUG | d.t.c.a.a.c.u.util.UserUtilService   : Save 5 users to database. Done
    23:42:04.194 |  28 nPool-1-worker-2 | DEBUG | .c.s.m.InstanceMessageReceiveService : Received schedule participant score for exercise 105 and participant 2 (result to be deleted: null)
    23:42:04.194 |  28 nPool-1-worker-2 | DEBUG | .a.s.ParticipantScoreScheduleService : Scheduled task for exercise 105 and participant 2 at 2025-02-14T23:42:04.294879936Z[Etc/UTC].
    23:42:04.199 |  28 nPool-1-worker-2 | DEBUG | .c.s.m.InstanceMessageReceiveService : Received schedule participant score for exercise 105 and participant 2 (result to be deleted: null)
    23:42:04.200 |  28 nPool-1-worker-2 | DEBUG | .a.s.ParticipantScoreScheduleService : Scheduled task for exercise 105 and participant 2 at 2025-02-14T23:42:04.300049180Z[Etc/UTC].
    23:42:04.210 |  28 nPool-1-worker-2 | DEBUG | .c.s.m.InstanceMessageReceiveService : Received schedule participant score for exercise 105 and participant 2 (result to be deleted: null)
    23:42:04.211 |  28 nPool-1-worker-2 | DEBUG | .a.s.ParticipantScoreScheduleService : Scheduled task for exercise 105 and participant 2 at 2025-02-14T23:42:04.311072544Z[Etc/UTC].
    23:42:04.223 |  28 nPool-1-worker-2 | DEBUG | .c.s.m.InstanceMessageReceiveService : Received schedule participant score for exercise 105 and participant 2 (result to be deleted: null)
    23:42:04.223 |  28 nPool-1-worker-2 | DEBUG | .a.s.ParticipantScoreScheduleService : Scheduled task for exercise 105 and participant 2 at 2025-02-14T23:42:04.323481630Z[Etc/UTC].
    23:42:04.240 |  28 nPool-1-worker-2 | DEBUG | .c.s.m.InstanceMessageReceiveService : Received schedule participant score for exercise 105 and participant 2 (result to be deleted: null)
    23:42:04.240 |  28 nPool-1-worker-2 | DEBUG | .a.s.ParticipantScoreScheduleService : Scheduled task for exercise 105 and participant 2 at 2025-02-14T23:42:04.340178585Z[Etc/UTC].
    23:42:04.246 |  28 nPool-1-worker-2 | INFO  | i.z.t.d.l.EmbeddedDatabaseReporter   : JDBC URL to connect to 'dataSource': url='jdbc:h2:tcp://localhost:41063/mem:df70fc46-7e57-4cb5-9cd0-c1d90c14afa7;USER=sa', scope='AssessmentComplaintIntegrationTest#getComplaintByResultId_assessorHiddenForStudent'
    23:42:04.261 |  28 nPool-1-worker-2 | DEBUG | .c.s.m.InstanceMessageReceiveService : Received schedule participant score for exercise 105 and participant 2 (result to be deleted: null)
    23:42:04.261 |  28 nPool-1-worker-2 | DEBUG | .a.s.ParticipantScoreScheduleService : Scheduled task for exercise 105 and participant 2 at 2025-02-14T23:42:04.361917756Z[Etc/UTC].
    23:42:04.272 |  28 nPool-1-worker-2 | DEBUG | d.t.c.a.a.c.s.f.ApiVersionFilter     : Adding Version to Request GET /api/complaints
    23:42:04.273 |  28 nPool-1-worker-2 | DEBUG | d.t.c.a.a.a.web.ComplaintResource    : REST request to get latest Complaint associated with a result of submission : 41

  Starting logs for AssessmentComplaintIntegrationTest > getComplaintsByExerciseIdTutorIsNotTutorForCourse()
    23:42:04.310 |  28 nPool-1-worker-2 | DEBUG | d.t.c.a.a.c.u.util.UserUtilService   : Generate 2 students...
    23:42:04.314 | 641 nt.HealthMonitor | INFO  | c.h.i.diagnostics.HealthMonitor      : [127.0.0.1]:5704 [dev] [5.5.0] processors=4, physical.memory.total=15.6G, physical.memory.free=3.3G, swap.space.total=0, swap.space.free=0, heap.memory.used=2.3G, heap.memory.free=533.1M, heap.memory.total=2.8G, heap.memory.max=6.0G, heap.memory.used/total=81.46%, heap.memory.used/max=38.13%, minor.gc.count=94, minor.gc.time=5358ms, major.gc.count=0, major.gc.time=0ms, unknown.gc.count=43, unknown.gc.time=606ms, load.process=0.00%, load.system=100.00%, load.systemAverage=4.24, thread.count=471, thread.peakCount=473, cluster.timeDiff=0, event.q.size=0, executor.q.async.size=0, executor.q.client.size=0, executor.q.client.query.size=0, executor.q.client.blocking.size=0, executor.q.query.size=0, executor.q.scheduled.size=0, executor.q.io.size=0, executor.q.system.size=0, executor.q.operations.size=0, executor.q.priorityOperation.size=0, operations.completed.count=212, executor.q.mapLoad.size=0, executor.q.mapLoadAllKeys.size=0, executor.q.cluster.size=0, executor.q.response.size=0, operations.running.count=0, operations.pending.invocations.percentage=0.00%, operations.pending.invocations.count=0, proxy.count=201, clientEndpoint.count=0, connection.active.count=0, client.connection.count=0, connection.count=0
    23:42:04.317 |  28 nPool-1-worker-2 | DEBUG | d.t.c.a.a.c.u.util.UserUtilService   : 2 students generated. Generate 2 tutors...
    23:42:04.323 |  28 nPool-1-worker-2 | DEBUG | d.t.c.a.a.c.u.util.UserUtilService   : 2 tutors generated. Generate 0 editors...
    23:42:04.324 |  28 nPool-1-worker-2 | DEBUG | d.t.c.a.a.c.u.util.UserUtilService   : 0 editors generated. Generate 1 instructors...
    23:42:04.328 |  28 nPool-1-worker-2 | DEBUG | d.t.c.a.a.c.u.util.UserUtilService   : 1 instructors generated
    23:42:04.330 |  28 nPool-1-worker-2 | DEBUG | d.t.c.a.a.c.u.util.UserUtilService   : Removing 5 users from all courses...
    23:42:04.332 |  28 nPool-1-worker-2 | DEBUG | d.t.c.a.a.c.u.util.UserUtilService   : Removing 5 users from all courses. Done
    23:42:04.332 |  28 nPool-1-worker-2 | DEBUG | d.t.c.a.a.c.u.util.UserUtilService   : Save 5 users to database...
    23:42:04.342 |  28 nPool-1-worker-2 | DEBUG | d.t.c.a.a.c.u.util.UserUtilService   : Save 5 users to database. Done
    23:42:04.359 |  28 nPool-1-worker-2 | DEBUG | .c.s.m.InstanceMessageReceiveService : Received schedule participant score for exercise 108 and participant 2 (result to be deleted: null)
    23:42:04.359 |  28 nPool-1-worker-2 | DEBUG | .a.s.ParticipantScoreScheduleService : Scheduled task for exercise 108 and participant 2 at 2025-02-14T23:42:04.459665117Z[Etc/UTC].
    23:42:04.364 |  28 nPool-1-worker-2 | DEBUG | .c.s.m.InstanceMessageReceiveService : Received schedule participant score for exercise 108 and participant 2 (result to be deleted: null)
    23:42:04.364 |  28 nPool-1-worker-2 | DEBUG | .a.s.ParticipantScoreScheduleService : Scheduled task for exercise 108 and participant 2 at 2025-02-14T23:42:04.464708886Z[Etc/UTC].
    23:42:04.376 |  28 nPool-1-worker-2 | DEBUG | .c.s.m.InstanceMessageReceiveService : Received schedule participant score for exercise 108 and participant 2 (result to be deleted: null)
    23:42:04.377 |  28 nPool-1-worker-2 | DEBUG | .a.s.ParticipantScoreScheduleService : Scheduled task for exercise 108 and participant 2 at 2025-02-14T23:42:04.476995179Z[Etc/UTC].
    23:42:04.386 |  28 nPool-1-worker-2 | DEBUG | .c.s.m.InstanceMessageReceiveService : Received schedule participant score for exercise 108 and participant 2 (result to be deleted: null)
    23:42:04.386 |  28 nPool-1-worker-2 | DEBUG | .a.s.ParticipantScoreScheduleService : Scheduled task for exercise 108 and participant 2 at 2025-02-14T23:42:04.486629806Z[Etc/UTC].
    23:42:04.397 |  28 nPool-1-worker-2 | DEBUG | .c.s.m.InstanceMessageReceiveService : Received schedule participant score for exercise 108 and participant 2 (result to be deleted: null)
    23:42:04.397 |  28 nPool-1-worker-2 | DEBUG | .a.s.ParticipantScoreScheduleService : Scheduled task for exercise 108 and participant 2 at 2025-02-14T23:42:04.497674741Z[Etc/UTC].
    23:42:04.402 |  28 nPool-1-worker-2 | INFO  | i.z.t.d.l.EmbeddedDatabaseReporter   : JDBC URL to connect to 'dataSource': url='jdbc:h2:tcp://localhost:41063/mem:df70fc46-7e57-4cb5-9cd0-c1d90c14afa7;USER=sa', scope='AssessmentComplaintIntegrationTest#getComplaintsByExerciseIdTutorIsNotTutorForCourse'
    23:42:04.416 |  28 nPool-1-worker-2 | DEBUG | d.t.c.a.a.c.s.f.ApiVersionFilter     : Adding Version to Request GET /api/complaints
    23:42:04.422 |  28 nPool-1-worker-2 | WARN  | o.z.p.spring.common.AdviceTraits     : Forbidden: You are not allowed to access the Course with id 41

  Starting logs for AssessmentComplaintIntegrationTest > submitComplaintAboutModelingAssessmentResultBeforeDueDate()
    23:42:04.441 |  28 nPool-1-worker-2 | DEBUG | d.t.c.a.a.c.u.util.UserUtilService   : Generate 2 students...
    23:42:04.449 |  28 nPool-1-worker-2 | DEBUG | d.t.c.a.a.c.u.util.UserUtilService   : 2 students generated. Generate 2 tutors...
    23:42:04.454 |  28 nPool-1-worker-2 | DEBUG | d.t.c.a.a.c.u.util.UserUtilService   : 2 tutors generated. Generate 0 editors...
    23:42:04.456 |  28 nPool-1-worker-2 | DEBUG | d.t.c.a.a.c.u.util.UserUtilService   : 0 editors generated. Generate 1 instructors...
    23:42:04.459 |  28 nPool-1-worker-2 | DEBUG | d.t.c.a.a.c.u.util.UserUtilService   : 1 instructors generated
    23:42:04.461 |  28 nPool-1-worker-2 | DEBUG | d.t.c.a.a.c.u.util.UserUtilService   : Removing 5 users from all courses...
    23:42:04.463 |  28 nPool-1-worker-2 | DEBUG | d.t.c.a.a.c.u.util.UserUtilService   : Removing 5 users from all courses. Done
    23:42:04.463 |  28 nPool-1-worker-2 | DEBUG | d.t.c.a.a.c.u.util.UserUtilService   : Save 5 users to database...
    23:42:04.472 |  28 nPool-1-worker-2 | DEBUG | d.t.c.a.a.c.u.util.UserUtilService   : Save 5 users to database. Done
    23:42:04.490 |  28 nPool-1-worker-2 | DEBUG | .c.s.m.InstanceMessageReceiveService : Received schedule participant score for exercise 111 and participant 2 (result to be deleted: null)
    23:42:04.490 |  28 nPool-1-worker-2 | DEBUG | .a.s.ParticipantScoreScheduleService : Scheduled task for exercise 111 and participant 2 at 2025-02-14T23:42:04.590266124Z[Etc/UTC].
    23:42:04.494 |  28 nPool-1-worker-2 | DEBUG | .c.s.m.InstanceMessageReceiveService : Received schedule participant score for exercise 111 and participant 2 (result to be deleted: null)
    23:42:04.494 |  28 nPool-1-worker-2 | DEBUG | .a.s.ParticipantScoreScheduleService : Scheduled task for exercise 111 and participant 2 at 2025-02-14T23:42:04.594788824Z[Etc/UTC].
    23:42:04.504 |  28 nPool-1-worker-2 | DEBUG | .c.s.m.InstanceMessageReceiveService : Received schedule participant score for exercise 111 and participant 2 (result to be deleted: null)
    23:42:04.504 |  28 nPool-1-worker-2 | DEBUG | .a.s.ParticipantScoreScheduleService : Scheduled task for exercise 111 and participant 2 at 2025-02-14T23:42:04.604761847Z[Etc/UTC].
    23:42:04.510 |  28 nPool-1-worker-2 | DEBUG | .c.s.m.InstanceMessageReceiveService : Received schedule participant score for exercise 111 and participant 2 (result to be deleted: null)
    23:42:04.510 |  28 nPool-1-worker-2 | DEBUG | .a.s.ParticipantScoreScheduleService : Scheduled task for exercise 111 and participant 2 at 2025-02-14T23:42:04.610847762Z[Etc/UTC].
    23:42:04.518 |  28 nPool-1-worker-2 | DEBUG | .c.s.m.InstanceMessageReceiveService : Received schedule participant score for exercise 111 and participant 2 (result to be deleted: null)
    23:42:04.518 |  28 nPool-1-worker-2 | DEBUG | .a.s.ParticipantScoreScheduleService : Scheduled task for exercise 111 and participant 2 at 2025-02-14T23:42:04.618849454Z[Etc/UTC].
    23:42:04.521 |  28 nPool-1-worker-2 | INFO  | i.z.t.d.l.EmbeddedDatabaseReporter   : JDBC URL to connect to 'dataSource': url='jdbc:h2:tcp://localhost:41063/mem:df70fc46-7e57-4cb5-9cd0-c1d90c14afa7;USER=sa', scope='AssessmentComplaintIntegrationTest#submitComplaintAboutModelingAssessmentResultBeforeDueDate'
    23:42:04.528 |  28 nPool-1-worker-2 | DEBUG | .c.s.m.InstanceMessageReceiveService : Received schedule participant score for exercise 111 and participant 2 (result to be deleted: null)
    23:42:04.528 |  28 nPool-1-worker-2 | DEBUG | .a.s.ParticipantScoreScheduleService : Scheduled task for exercise 111 and participant 2 at 2025-02-14T23:42:04.628604496Z[Etc/UTC].
    23:42:04.530 |  28 nPool-1-worker-2 | DEBUG | d.t.c.a.a.c.s.f.ApiVersionFilter     : Adding Version to Request POST /api/complaints
    23:42:04.531 |  28 nPool-1-worker-2 | DEBUG | d.t.c.a.a.a.web.ComplaintResource    : REST request to save Complaint: ComplaintRequestDTO[resultId=53, complaintText=This is not fair, complaintType=COMPLAINT, examId=Optional.empty]
    23:42:04.541 |  28 nPool-1-worker-2 | DEBUG | .c.s.m.InstanceMessageReceiveService : Received schedule participant score for exercise 111 and participant 2 (result to be deleted: null)
    23:42:04.541 |  28 nPool-1-worker-2 | DEBUG | .a.s.ParticipantScoreScheduleService : Scheduled task for exercise 111 and participant 2 at 2025-02-14T23:42:04.641291494Z[Etc/UTC].

  Starting logs for AssessmentComplaintIntegrationTest > submitComplaintForExamExerciseOutsideOfStudentReviewTime_badRequest()
    23:42:04.576 |  28 nPool-1-worker-2 | DEBUG | d.t.c.a.a.c.u.util.UserUtilService   : Generate 2 students...
    23:42:04.582 |  28 nPool-1-worker-2 | DEBUG | d.t.c.a.a.c.u.util.UserUtilService   : 2 students generated. Generate 2 tutors...
    23:42:04.588 |  28 nPool-1-worker-2 | DEBUG | d.t.c.a.a.c.u.util.UserUtilService   : 2 tutors generated. Generate 0 editors...
    23:42:04.592 |  28 nPool-1-worker-2 | DEBUG | d.t.c.a.a.c.u.util.UserUtilService   : 0 editors generated. Generate 1 instructors...
    23:42:04.596 |  28 nPool-1-worker-2 | DEBUG | d.t.c.a.a.c.u.util.UserUtilService   : 1 instructors generated
    23:42:04.601 |  28 nPool-1-worker-2 | DEBUG | d.t.c.a.a.c.u.util.UserUtilService   : Removing 5 users from all courses...
    23:42:04.603 |  28 nPool-1-worker-2 | DEBUG | d.t.c.a.a.c.u.util.UserUtilService   : Removing 5 users from all courses. Done
    23:42:04.603 |  28 nPool-1-worker-2 | DEBUG | d.t.c.a.a.c.u.util.UserUtilService   : Save 5 users to database...
    23:42:04.615 |  28 nPool-1-worker-2 | DEBUG | d.t.c.a.a.c.u.util.UserUtilService   : Save 5 users to database. Done
    23:42:04.649 |  28 nPool-1-worker-2 | DEBUG | .c.s.m.InstanceMessageReceiveService : Received schedule participant score for exercise 114 and participant 2 (result to be deleted: null)
    23:42:04.649 |  28 nPool-1-worker-2 | DEBUG | .a.s.ParticipantScoreScheduleService : Scheduled task for exercise 114 and participant 2 at 2025-02-14T23:42:04.749675282Z[Etc/UTC].
    23:42:04.660 |  28 nPool-1-worker-2 | DEBUG | .c.s.m.InstanceMessageReceiveService : Received schedule participant score for exercise 114 and participant 2 (result to be deleted: null)
    23:42:04.661 |  28 nPool-1-worker-2 | DEBUG | .a.s.ParticipantScoreScheduleService : Scheduled task for exercise 114 and participant 2 at 2025-02-14T23:42:04.761024388Z[Etc/UTC].
    23:42:04.683 |  28 nPool-1-worker-2 | DEBUG | .c.s.m.InstanceMessageReceiveService : Received schedule participant score for exercise 114 and participant 2 (result to be deleted: null)
    23:42:04.683 |  28 nPool-1-worker-2 | DEBUG | .a.s.ParticipantScoreScheduleService : Scheduled task for exercise 114 and participant 2 at 2025-02-14T23:42:04.783340552Z[Etc/UTC].
    23:42:04.696 |  28 nPool-1-worker-2 | DEBUG | .c.s.m.InstanceMessageReceiveService : Received schedule participant score for exercise 114 and participant 2 (result to be deleted: null)
    23:42:04.696 |  28 nPool-1-worker-2 | DEBUG | .a.s.ParticipantScoreScheduleService : Scheduled task for exercise 114 and participant 2 at 2025-02-14T23:42:04.796792947Z[Etc/UTC].
    23:42:04.713 |  28 nPool-1-worker-2 | DEBUG | .c.s.m.InstanceMessageReceiveService : Received schedule participant score for exercise 114 and participant 2 (result to be deleted: null)
    23:42:04.713 |  28 nPool-1-worker-2 | DEBUG | .a.s.ParticipantScoreScheduleService : Scheduled task for exercise 114 and participant 2 at 2025-02-14T23:42:04.813179339Z[Etc/UTC].
    23:42:04.719 |  28 nPool-1-worker-2 | INFO  | i.z.t.d.l.EmbeddedDatabaseReporter   : JDBC URL to connect to 'dataSource': url='jdbc:h2:tcp://localhost:41063/mem:df70fc46-7e57-4cb5-9cd0-c1d90c14afa7;USER=sa', scope='AssessmentComplaintIntegrationTest#submitComplaintForExamExerciseOutsideOfStudentReviewTime_badRequest'
    23:42:04.764 |  28 nPool-1-worker-2 | DEBUG | .c.s.m.InstanceMessageReceiveService : Received schedule participant score for exercise 117 and participant 2 (result to be deleted: null)
    23:42:04.765 |  28 nPool-1-worker-2 | DEBUG | .a.s.ParticipantScoreScheduleService : Scheduled task for exercise 117 and participant 2 at 2025-02-14T23:42:04.865029097Z[Etc/UTC].
    23:42:04.780 |  28 nPool-1-worker-2 | DEBUG | .c.s.m.InstanceMessageReceiveService : Received schedule participant score for exercise 117 and participant 2 (result to be deleted: null)
    23:42:04.780 |  28 nPool-1-worker-2 | DEBUG | .a.s.ParticipantScoreScheduleService : Scheduled task for exercise 117 and participant 2 at 2025-02-14T23:42:04.880864798Z[Etc/UTC].
    23:42:04.797 |  28 nPool-1-worker-2 | DEBUG | .c.s.m.InstanceMessageReceiveService : Received schedule participant score for exercise 117 and participant 2 (result to be deleted: null)
    23:42:04.797 |  28 nPool-1-worker-2 | DEBUG | .a.s.ParticipantScoreScheduleService : Scheduled task for exercise 117 and participant 2 at 2025-02-14T23:42:04.897404709Z[Etc/UTC].
    23:42:04.802 |  28 nPool-1-worker-2 | DEBUG | d.t.c.a.a.c.s.f.ApiVersionFilter     : Adding Version to Request POST /api/complaints
    23:42:04.803 |  28 nPool-1-worker-2 | DEBUG | d.t.c.a.a.a.web.ComplaintResource    : REST request to save Complaint: ComplaintRequestDTO[resultId=1, complaintText=This is not fair, complaintType=COMPLAINT, examId=Optional[9]]
    23:42:04.806 |  28 nPool-1-worker-2 | ERROR | tech.jhipster.web.util.HeaderUtil    : Entity processing failed, A complaint for this result already exists
    23:42:04.806 |  28 nPool-1-worker-2 | WARN  | o.z.p.spring.common.AdviceTraits     : Bad Request: A complaint for this result already exists

  Starting logs for AssessmentComplaintIntegrationTest > getComplaintByResultid_student_sensitiveDataHidden()
    23:42:04.835 |  28 nPool-1-worker-2 | DEBUG | d.t.c.a.a.c.u.util.UserUtilService   : Generate 2 students...
    23:42:04.840 |  28 nPool-1-worker-2 | DEBUG | d.t.c.a.a.c.u.util.UserUtilService   : 2 students generated. Generate 2 tutors...
    23:42:04.847 |  28 nPool-1-worker-2 | DEBUG | d.t.c.a.a.c.u.util.UserUtilService   : 2 tutors generated. Generate 0 editors...
    23:42:04.848 |  28 nPool-1-worker-2 | DEBUG | d.t.c.a.a.c.u.util.UserUtilService   : 0 editors generated. Generate 1 instructors...
    23:42:04.852 |  28 nPool-1-worker-2 | DEBUG | d.t.c.a.a.c.u.util.UserUtilService   : 1 instructors generated
    23:42:04.854 |  28 nPool-1-worker-2 | DEBUG | d.t.c.a.a.c.u.util.UserUtilService   : Removing 5 users from all courses...
    23:42:04.857 |  28 nPool-1-worker-2 | DEBUG | d.t.c.a.a.c.u.util.UserUtilService   : Removing 5 users from all courses. Done
    23:42:04.857 |  28 nPool-1-worker-2 | DEBUG | d.t.c.a.a.c.u.util.UserUtilService   : Save 5 users to database...
    23:42:04.866 |  28 nPool-1-worker-2 | DEBUG | d.t.c.a.a.c.u.util.UserUtilService   : Save 5 users to database. Done
    23:42:04.894 |  28 nPool-1-worker-2 | DEBUG | .c.s.m.InstanceMessageReceiveService : Received schedule participant score for exercise 118 and participant 2 (result to be deleted: null)
    23:42:04.894 |  28 nPool-1-worker-2 | DEBUG | .a.s.ParticipantScoreScheduleService : Scheduled task for exercise 118 and participant 2 at 2025-02-14T23:42:04.994737372Z[Etc/UTC].
    23:42:04.906 |  28 nPool-1-worker-2 | DEBUG | .c.s.m.InstanceMessageReceiveService : Received schedule participant score for exercise 118 and participant 2 (result to be deleted: null)
    23:42:04.906 |  28 nPool-1-worker-2 | DEBUG | .a.s.ParticipantScoreScheduleService : Scheduled task for exercise 118 and participant 2 at 2025-02-14T23:42:05.006484345Z[Etc/UTC].
    23:42:04.920 |  28 nPool-1-worker-2 | DEBUG | .c.s.m.InstanceMessageReceiveService : Received schedule participant score for exercise 118 and participant 2 (result to be deleted: null)
    23:42:04.920 |  28 nPool-1-worker-2 | DEBUG | .a.s.ParticipantScoreScheduleService : Scheduled task for exercise 118 and participant 2 at 2025-02-14T23:42:05.420634416Z[Etc/UTC].
    23:42:04.926 |  28 nPool-1-worker-2 | DEBUG | .c.s.m.InstanceMessageReceiveService : Received schedule participant score for exercise 118 and participant 2 (result to be deleted: null)
    23:42:04.926 |  28 nPool-1-worker-2 | DEBUG | .a.s.ParticipantScoreScheduleService : Scheduled task for exercise 118 and participant 2 at 2025-02-14T23:42:05.426685609Z[Etc/UTC].
    23:42:04.934 |  28 nPool-1-worker-2 | DEBUG | .c.s.m.InstanceMessageReceiveService : Received schedule participant score for exercise 118 and participant 2 (result to be deleted: null)
    23:42:04.934 |  28 nPool-1-worker-2 | DEBUG | .a.s.ParticipantScoreScheduleService : Scheduled task for exercise 118 and participant 2 at 2025-02-14T23:42:05.434208798Z[Etc/UTC].
    23:42:04.937 |  28 nPool-1-worker-2 | INFO  | i.z.t.d.l.EmbeddedDatabaseReporter   : JDBC URL to connect to 'dataSource': url='jdbc:h2:tcp://localhost:41063/mem:df70fc46-7e57-4cb5-9cd0-c1d90c14afa7;USER=sa', scope='AssessmentComplaintIntegrationTest#getComplaintByResultid_student_sensitiveDataHidden'
    23:42:04.944 |  28 nPool-1-worker-2 | DEBUG | d.t.c.a.a.c.s.f.ApiVersionFilter     : Adding Version to Request GET /api/complaints
    23:42:04.945 |  28 nPool-1-worker-2 | DEBUG | d.t.c.a.a.a.web.ComplaintResource    : REST request to get latest Complaint associated with a result of submission : 46

  Starting logs for AssessmentComplaintIntegrationTest > getComplaintsForAssessmentDashboard_testRun_emptyComplaints()
    23:42:04.967 |  28 nPool-1-worker-2 | DEBUG | d.t.c.a.a.c.u.util.UserUtilService   : Generate 2 students...
    23:42:04.980 |  28 nPool-1-worker-2 | DEBUG | d.t.c.a.a.c.u.util.UserUtilService   : 2 students generated. Generate 2 tutors...
    23:42:04.990 |  28 nPool-1-worker-2 | DEBUG | d.t.c.a.a.c.u.util.UserUtilService   : 2 tutors generated. Generate 0 editors...
    23:42:04.991 |  28 nPool-1-worker-2 | DEBUG | d.t.c.a.a.c.u.util.UserUtilService   : 0 editors generated. Generate 1 instructors...
    23:42:04.999 |  28 nPool-1-worker-2 | DEBUG | d.t.c.a.a.c.u.util.UserUtilService   : 1 instructors generated
    23:42:05.004 |  28 nPool-1-worker-2 | DEBUG | d.t.c.a.a.c.u.util.UserUtilService   : Removing 5 users from all courses...
    23:42:05.007 |  28 nPool-1-worker-2 | DEBUG | d.t.c.a.a.c.u.util.UserUtilService   : Removing 5 users from all courses. Done
    23:42:05.007 |  28 nPool-1-worker-2 | DEBUG | d.t.c.a.a.c.u.util.UserUtilService   : Save 5 users to database...
    23:42:05.025 |  28 nPool-1-worker-2 | DEBUG | d.t.c.a.a.c.u.util.UserUtilService   : Save 5 users to database. Done
    23:42:05.060 |  28 nPool-1-worker-2 | DEBUG | .c.s.m.InstanceMessageReceiveService : Received schedule participant score for exercise 121 and participant 2 (result to be deleted: null)
    23:42:05.097 |  28 nPool-1-worker-2 | DEBUG | .a.s.ParticipantScoreScheduleService : Scheduled task for exercise 121 and participant 2 at 2025-02-14T23:42:05.197555364Z[Etc/UTC].
    23:42:05.105 |  28 nPool-1-worker-2 | DEBUG | .c.s.m.InstanceMessageReceiveService : Received schedule participant score for exercise 121 and participant 2 (result to be deleted: null)
    23:42:05.106 |  28 nPool-1-worker-2 | DEBUG | .a.s.ParticipantScoreScheduleService : Scheduled task for exercise 121 and participant 2 at 2025-02-14T23:42:05.206002255Z[Etc/UTC].
    23:42:05.121 |  28 nPool-1-worker-2 | DEBUG | .c.s.m.InstanceMessageReceiveService : Received schedule participant score for exercise 121 and participant 2 (result to be deleted: null)
    23:42:05.121 |  28 nPool-1-worker-2 | DEBUG | .a.s.ParticipantScoreScheduleService : Scheduled task for exercise 121 and participant 2 at 2025-02-14T23:42:05.221188712Z[Etc/UTC].
    23:42:05.133 |  28 nPool-1-worker-2 | DEBUG | .c.s.m.InstanceMessageReceiveService : Received schedule participant score for exercise 121 and participant 2 (result to be deleted: null)
    23:42:05.133 |  28 nPool-1-worker-2 | DEBUG | .a.s.ParticipantScoreScheduleService : Scheduled task for exercise 121 and participant 2 at 2025-02-14T23:42:05.233464943Z[Etc/UTC].
    23:42:05.141 |  28 nPool-1-worker-2 | DEBUG | .c.s.m.InstanceMessageReceiveService : Received schedule participant score for exercise 121 and participant 2 (result to be deleted: null)
    23:42:05.141 |  28 nPool-1-worker-2 | DEBUG | .a.s.ParticipantScoreScheduleService : Scheduled task for exercise 121 and participant 2 at 2025-02-14T23:42:05.241743668Z[Etc/UTC].
    23:42:05.144 |  28 nPool-1-worker-2 | INFO  | i.z.t.d.l.EmbeddedDatabaseReporter   : JDBC URL to connect to 'dataSource': url='jdbc:h2:tcp://localhost:41063/mem:df70fc46-7e57-4cb5-9cd0-c1d90c14afa7;USER=sa', scope='AssessmentComplaintIntegrationTest#getComplaintsForAssessmentDashboard_testRun_emptyComplaints'
    23:42:05.147 |  28 nPool-1-worker-2 | DEBUG | d.t.c.a.a.c.s.f.ApiVersionFilter     : Adding Version to Request GET /api/complaints

  Starting logs for AssessmentComplaintIntegrationTest > getNumberOfAllowedComplaintsInCourseComplaintsDisabled()
    23:42:05.192 |  28 nPool-1-worker-2 | DEBUG | d.t.c.a.a.c.u.util.UserUtilService   : Generate 2 students...
    23:42:05.198 |  28 nPool-1-worker-2 | DEBUG | d.t.c.a.a.c.u.util.UserUtilService   : 2 students generated. Generate 2 tutors...
    23:42:05.207 |  28 nPool-1-worker-2 | DEBUG | d.t.c.a.a.c.u.util.UserUtilService   : 2 tutors generated. Generate 0 editors...
    23:42:05.209 |  28 nPool-1-worker-2 | DEBUG | d.t.c.a.a.c.u.util.UserUtilService   : 0 editors generated. Generate 1 instructors...
    23:42:05.215 |  28 nPool-1-worker-2 | DEBUG | d.t.c.a.a.c.u.util.UserUtilService   : 1 instructors generated
    23:42:05.222 |  28 nPool-1-worker-2 | DEBUG | d.t.c.a.a.c.u.util.UserUtilService   : Removing 5 users from all courses...
    23:42:05.226 |  28 nPool-1-worker-2 | DEBUG | d.t.c.a.a.c.u.util.UserUtilService   : Removing 5 users from all courses. Done
    23:42:05.226 |  28 nPool-1-worker-2 | DEBUG | d.t.c.a.a.c.u.util.UserUtilService   : Save 5 users to database...
    23:42:05.234 |  28 nPool-1-worker-2 | DEBUG | d.t.c.a.a.c.u.util.UserUtilService   : Save 5 users to database. Done
    23:42:05.250 |  28 nPool-1-worker-2 | DEBUG | .c.s.m.InstanceMessageReceiveService : Received schedule participant score for exercise 124 and participant 2 (result to be deleted: null)
    23:42:05.250 |  28 nPool-1-worker-2 | DEBUG | .a.s.ParticipantScoreScheduleService : Scheduled task for exercise 124 and participant 2 at 2025-02-14T23:42:05.350520609Z[Etc/UTC].
    23:42:05.255 |  28 nPool-1-worker-2 | DEBUG | .c.s.m.InstanceMessageReceiveService : Received schedule participant score for exercise 124 and participant 2 (result to be deleted: null)
    23:42:05.255 |  28 nPool-1-worker-2 | DEBUG | .a.s.ParticipantScoreScheduleService : Scheduled task for exercise 124 and participant 2 at 2025-02-14T23:42:05.355087294Z[Etc/UTC].
    23:42:05.264 |  28 nPool-1-worker-2 | DEBUG | .c.s.m.InstanceMessageReceiveService : Received schedule participant score for exercise 124 and participant 2 (result to be deleted: null)
    23:42:05.264 |  28 nPool-1-worker-2 | DEBUG | .a.s.ParticipantScoreScheduleService : Scheduled task for exercise 124 and participant 2 at 2025-02-14T23:42:05.364458128Z[Etc/UTC].
    23:42:05.270 |  28 nPool-1-worker-2 | DEBUG | .c.s.m.InstanceMessageReceiveService : Received schedule participant score for exercise 124 and participant 2 (result to be deleted: null)
    23:42:05.270 |  28 nPool-1-worker-2 | DEBUG | .a.s.ParticipantScoreScheduleService : Scheduled task for exercise 124 and participant 2 at 2025-02-14T23:42:05.370904888Z[Etc/UTC].
    23:42:05.280 |  28 nPool-1-worker-2 | DEBUG | .c.s.m.InstanceMessageReceiveService : Received schedule participant score for exercise 124 and participant 2 (result to be deleted: null)
    23:42:05.280 |  28 nPool-1-worker-2 | DEBUG | .a.s.ParticipantScoreScheduleService : Scheduled task for exercise 124 and participant 2 at 2025-02-14T23:42:05.380421193Z[Etc/UTC].
    23:42:05.283 |  28 nPool-1-worker-2 | INFO  | i.z.t.d.l.EmbeddedDatabaseReporter   : JDBC URL to connect to 'dataSource': url='jdbc:h2:tcp://localhost:41063/mem:df70fc46-7e57-4cb5-9cd0-c1d90c14afa7;USER=sa', scope='AssessmentComplaintIntegrationTest#getNumberOfAllowedComplaintsInCourseComplaintsDisabled'
    23:42:05.296 |  28 nPool-1-worker-2 | DEBUG | d.t.c.a.a.c.s.f.ApiVersionFilter     : Adding Version to Request GET /api/complaints
    23:42:05.298 |  28 nPool-1-worker-2 | WARN  | o.z.p.spring.common.AdviceTraits     : Bad Request: Parameter conditions "courseId, complaintType" OR "submissionId" OR "exerciseId, complaintType" OR "courseId, examId" OR "exerciseId" not met for actual request parameters: courseId={47}

  Starting logs for AssessmentComplaintIntegrationTest > submitComplaintForExam_courseComplaintsEnabled_exceededCourseLimit_success()
    23:42:05.326 |  28 nPool-1-worker-2 | DEBUG | d.t.c.a.a.c.u.util.UserUtilService   : Generate 2 students...
    23:42:05.338 |  28 nPool-1-worker-2 | DEBUG | d.t.c.a.a.c.u.util.UserUtilService   : 2 students generated. Generate 2 tutors...
    23:42:05.349 |  28 nPool-1-worker-2 | DEBUG | d.t.c.a.a.c.u.util.UserUtilService   : 2 tutors generated. Generate 0 editors...
    23:42:05.353 |  28 nPool-1-worker-2 | DEBUG | d.t.c.a.a.c.u.util.UserUtilService   : 0 editors generated. Generate 1 instructors...
    23:42:05.360 |  28 nPool-1-worker-2 | DEBUG | d.t.c.a.a.c.u.util.UserUtilService   : 1 instructors generated
    23:42:05.365 |  28 nPool-1-worker-2 | DEBUG | d.t.c.a.a.c.u.util.UserUtilService   : Removing 5 users from all courses...
    23:42:05.369 |  28 nPool-1-worker-2 | DEBUG | d.t.c.a.a.c.u.util.UserUtilService   : Removing 5 users from all courses. Done
    23:42:05.369 |  28 nPool-1-worker-2 | DEBUG | d.t.c.a.a.c.u.util.UserUtilService   : Save 5 users to database...
    23:42:05.390 |  28 nPool-1-worker-2 | DEBUG | d.t.c.a.a.c.u.util.UserUtilService   : Save 5 users to database. Done
    23:42:05.420 |  28 nPool-1-worker-2 | DEBUG | .c.s.m.InstanceMessageReceiveService : Received schedule participant score for exercise 127 and participant 2 (result to be deleted: null)
    23:42:05.420 |  28 nPool-1-worker-2 | DEBUG | .a.s.ParticipantScoreScheduleService : Scheduled task for exercise 127 and participant 2 at 2025-02-14T23:42:05.520367274Z[Etc/UTC].
    23:42:05.430 |  28 nPool-1-worker-2 | DEBUG | .c.s.m.InstanceMessageReceiveService : Received schedule participant score for exercise 127 and participant 2 (result to be deleted: null)
    23:42:05.430 |  28 nPool-1-worker-2 | DEBUG | .a.s.ParticipantScoreScheduleService : Scheduled task for exercise 127 and participant 2 at 2025-02-14T23:42:05.530830875Z[Etc/UTC].
    23:42:05.448 |  28 nPool-1-worker-2 | DEBUG | .c.s.m.InstanceMessageReceiveService : Received schedule participant score for exercise 127 and participant 2 (result to be deleted: null)
    23:42:05.448 |  28 nPool-1-worker-2 | DEBUG | .a.s.ParticipantScoreScheduleService : Scheduled task for exercise 127 and participant 2 at 2025-02-14T23:42:05.548731583Z[Etc/UTC].
    23:42:05.454 |  28 nPool-1-worker-2 | DEBUG | .c.s.m.InstanceMessageReceiveService : Received schedule participant score for exercise 127 and participant 2 (result to be deleted: null)
    23:42:05.454 |  28 nPool-1-worker-2 | DEBUG | .a.s.ParticipantScoreScheduleService : Scheduled task for exercise 127 and participant 2 at 2025-02-14T23:42:05.554445337Z[Etc/UTC].
    23:42:05.461 |  28 nPool-1-worker-2 | DEBUG | .c.s.m.InstanceMessageReceiveService : Received schedule participant score for exercise 127 and participant 2 (result to be deleted: null)
    23:42:05.461 |  28 nPool-1-worker-2 | DEBUG | .a.s.ParticipantScoreScheduleService : Scheduled task for exercise 127 and participant 2 at 2025-02-14T23:42:05.561336036Z[Etc/UTC].
    23:42:05.464 |  28 nPool-1-worker-2 | INFO  | i.z.t.d.l.EmbeddedDatabaseReporter   : JDBC URL to connect to 'dataSource': url='jdbc:h2:tcp://localhost:41063/mem:df70fc46-7e57-4cb5-9cd0-c1d90c14afa7;USER=sa', scope='AssessmentComplaintIntegrationTest#submitComplaintForExam_courseComplaintsEnabled_exceededCourseLimit_success'
    23:42:05.502 |  28 nPool-1-worker-2 | DEBUG | .c.s.m.InstanceMessageReceiveService : Received schedule participant score for exercise 130 and participant 2 (result to be deleted: null)
    23:42:05.502 |  28 nPool-1-worker-2 | DEBUG | .a.s.ParticipantScoreScheduleService : Scheduled task for exercise 130 and participant 2 at 2025-02-14T23:42:05.602688224Z[Etc/UTC].
    23:42:05.507 |  28 nPool-1-worker-2 | DEBUG | .c.s.m.InstanceMessageReceiveService : Received schedule participant score for exercise 130 and participant 2 (result to be deleted: null)
    23:42:05.507 |  28 nPool-1-worker-2 | DEBUG | .a.s.ParticipantScoreScheduleService : Scheduled task for exercise 130 and participant 2 at 2025-02-14T23:42:05.607969Z[Etc/UTC].
    23:42:05.521 |  28 nPool-1-worker-2 | DEBUG | .c.s.m.InstanceMessageReceiveService : Received schedule participant score for exercise 130 and participant 2 (result to be deleted: null)
    23:42:05.521 |  28 nPool-1-worker-2 | DEBUG | .a.s.ParticipantScoreScheduleService : Scheduled task for exercise 130 and participant 2 at 2025-02-14T23:42:05.621197286Z[Etc/UTC].
    23:42:05.526 |  28 nPool-1-worker-2 | DEBUG | d.t.c.a.a.c.s.f.ApiVersionFilter     : Adding Version to Request POST /api/complaints
    23:42:05.527 |  28 nPool-1-worker-2 | DEBUG | d.t.c.a.a.a.web.ComplaintResource    : REST request to save Complaint: ComplaintRequestDTO[resultId=60, complaintText=abcdefghijklmnopqrstuvwxyz, complaintType=COMPLAINT, examId=Optional[10]]
    23:42:05.538 |  28 nPool-1-worker-2 | DEBUG | .c.s.m.InstanceMessageReceiveService : Received schedule participant score for exercise 130 and participant 2 (result to be deleted: null)
    23:42:05.539 |  28 nPool-1-worker-2 | DEBUG | .a.s.ParticipantScoreScheduleService : Scheduled task for exercise 130 and participant 2 at 2025-02-14T23:42:05.639046148Z[Etc/UTC].

  Starting logs for AssessmentComplaintIntegrationTest > submitComplaintAboutModelingAssessment_validDueDate()
    23:42:05.579 |  28 nPool-1-worker-2 | DEBUG | d.t.c.a.a.c.u.util.UserUtilService   : Generate 2 students...
    23:42:05.585 |  28 nPool-1-worker-2 | DEBUG | d.t.c.a.a.c.u.util.UserUtilService   : 2 students generated. Generate 2 tutors...
    23:42:05.598 |  28 nPool-1-worker-2 | DEBUG | d.t.c.a.a.c.u.util.UserUtilService   : 2 tutors generated. Generate 0 editors...
    23:42:05.600 |  28 nPool-1-worker-2 | DEBUG | d.t.c.a.a.c.u.util.UserUtilService   : 0 editors generated. Generate 1 instructors...
    23:42:05.604 |  28 nPool-1-worker-2 | DEBUG | d.t.c.a.a.c.u.util.UserUtilService   : 1 instructors generated
    23:42:05.606 |  28 nPool-1-worker-2 | DEBUG | d.t.c.a.a.c.u.util.UserUtilService   : Removing 5 users from all courses...
    23:42:05.608 |  28 nPool-1-worker-2 | DEBUG | d.t.c.a.a.c.u.util.UserUtilService   : Removing 5 users from all courses. Done
    23:42:05.608 |  28 nPool-1-worker-2 | DEBUG | d.t.c.a.a.c.u.util.UserUtilService   : Save 5 users to database...
    23:42:05.618 |  28 nPool-1-worker-2 | DEBUG | d.t.c.a.a.c.u.util.UserUtilService   : Save 5 users to database. Done
    23:42:05.636 |  28 nPool-1-worker-2 | DEBUG | .c.s.m.InstanceMessageReceiveService : Received schedule participant score for exercise 131 and participant 2 (result to be deleted: null)
    23:42:05.636 |  28 nPool-1-worker-2 | DEBUG | .a.s.ParticipantScoreScheduleService : Scheduled task for exercise 131 and participant 2 at 2025-02-14T23:42:05.736245842Z[Etc/UTC].
    23:42:05.641 |  28 nPool-1-worker-2 | DEBUG | .c.s.m.InstanceMessageReceiveService : Received schedule participant score for exercise 131 and participant 2 (result to be deleted: null)
    23:42:05.641 |  28 nPool-1-worker-2 | DEBUG | .a.s.ParticipantScoreScheduleService : Scheduled task for exercise 131 and participant 2 at 2025-02-14T23:42:05.741393691Z[Etc/UTC].
    23:42:05.650 |  28 nPool-1-worker-2 | DEBUG | .c.s.m.InstanceMessageReceiveService : Received schedule participant score for exercise 131 and participant 2 (result to be deleted: null)
    23:42:05.650 |  28 nPool-1-worker-2 | DEBUG | .a.s.ParticipantScoreScheduleService : Scheduled task for exercise 131 and participant 2 at 2025-02-14T23:42:05.750891230Z[Etc/UTC].
    23:42:05.656 |  28 nPool-1-worker-2 | DEBUG | .c.s.m.InstanceMessageReceiveService : Received schedule participant score for exercise 131 and participant 2 (result to be deleted: null)
    23:42:05.656 |  28 nPool-1-worker-2 | DEBUG | .a.s.ParticipantScoreScheduleService : Scheduled task for exercise 131 and participant 2 at 2025-02-14T23:42:05.756431892Z[Etc/UTC].
    23:42:05.663 |  28 nPool-1-worker-2 | DEBUG | .c.s.m.InstanceMessageReceiveService : Received schedule participant score for exercise 131 and participant 2 (result to be deleted: null)
    23:42:05.664 |  28 nPool-1-worker-2 | DEBUG | .a.s.ParticipantScoreScheduleService : Scheduled task for exercise 131 and participant 2 at 2025-02-14T23:42:05.764047362Z[Etc/UTC].
    23:42:05.666 |  28 nPool-1-worker-2 | INFO  | i.z.t.d.l.EmbeddedDatabaseReporter   : JDBC URL to connect to 'dataSource': url='jdbc:h2:tcp://localhost:41063/mem:df70fc46-7e57-4cb5-9cd0-c1d90c14afa7;USER=sa', scope='AssessmentComplaintIntegrationTest#submitComplaintAboutModelingAssessment_validDueDate'
    23:42:05.679 |  28 nPool-1-worker-2 | DEBUG | .c.s.m.InstanceMessageReceiveService : Received schedule participant score for exercise 131 and participant 2 (result to be deleted: null)
    23:42:05.679 |  28 nPool-1-worker-2 | DEBUG | .a.s.ParticipantScoreScheduleService : Scheduled task for exercise 131 and participant 2 at 2025-02-14T23:42:05.779309240Z[Etc/UTC].
    23:42:05.684 |  28 nPool-1-worker-2 | DEBUG | d.t.c.a.a.c.s.f.ApiVersionFilter     : Adding Version to Request POST /api/complaints
    23:42:05.685 |  28 nPool-1-worker-2 | DEBUG | d.t.c.a.a.a.web.ComplaintResource    : REST request to save Complaint: ComplaintRequestDTO[resultId=61, complaintText=This is not fair, complaintType=COMPLAINT, examId=Optional.empty]
    23:42:05.695 |  28 nPool-1-worker-2 | DEBUG | .c.s.m.InstanceMessageReceiveService : Received schedule participant score for exercise 131 and participant 2 (result to be deleted: null)
    23:42:05.695 |  28 nPool-1-worker-2 | DEBUG | .a.s.ParticipantScoreScheduleService : Scheduled task for exercise 131 and participant 2 at 2025-02-14T23:42:05.795440800Z[Etc/UTC].

  Starting logs for AssessmentComplaintIntegrationTest > getComplaintByResultid_instructor_sensitiveDataHidden()
    23:42:05.735 | 665 taskScheduler-3  | DEBUG | t.c.a.a.e.s.ExerciseLifecycleService : Scheduled 1 Tasks for Exercise "Programming" (#16) to trigger on RELEASE.
    23:42:05.735 | 665 taskScheduler-3  | DEBUG | s.ProgrammingExerciseScheduleService : Scheduled combining template commits before release date for Programming Exercise "Programming" (#16) for 2025-02-15T23:41:54.678932Z.
    23:42:05.735 | 665 taskScheduler-3  | DEBUG | t.c.a.a.e.s.ExerciseLifecycleService : Scheduled Task for Exercise "Programming" (#16) to trigger on DUE.
    23:42:05.735 | 665 taskScheduler-3  | DEBUG | s.ProgrammingExerciseScheduleService : Scheduled lock student repositories after due date for Programming Exercise 'Programming' (#16) for 2025-02-16T23:41:54.678941Z.
    23:42:05.735 | 665 taskScheduler-3  | DEBUG | t.c.a.a.e.s.ExerciseLifecycleService : Scheduled Task for Exercise "Programming" (#16) to trigger on BUILD_AND_TEST_AFTER_DUE_DATE.
    23:42:05.735 | 665 taskScheduler-3  | DEBUG | s.ProgrammingExerciseScheduleService : Scheduled build and test for student submissions after due date for Programming Exercise 'Programming' (#16) for 2025-02-19T23:41:54.678944Z.
    23:42:05.745 |  28 nPool-1-worker-2 | DEBUG | d.t.c.a.a.c.u.util.UserUtilService   : Generate 2 students...
    23:42:05.746 | 665 taskScheduler-3  | INFO  | s.ProgrammingExerciseScheduleService : Scheduled 1 programming exercises.
    23:42:05.746 | 665 taskScheduler-3  | DEBUG | s.ProgrammingExerciseScheduleService : Scheduled 0 programming exercises for a score update after due date.
    23:42:05.746 | 665 taskScheduler-3  | INFO  | s.ProgrammingExerciseScheduleService : Scheduled 0 exam programming exercises.
    23:42:05.752 |  28 nPool-1-worker-2 | DEBUG | d.t.c.a.a.c.u.util.UserUtilService   : 2 students generated. Generate 2 tutors...
    23:42:05.760 |  28 nPool-1-worker-2 | DEBUG | d.t.c.a.a.c.u.util.UserUtilService   : 2 tutors generated. Generate 0 editors...
    23:42:05.761 |  28 nPool-1-worker-2 | DEBUG | d.t.c.a.a.c.u.util.UserUtilService   : 0 editors generated. Generate 1 instructors...
    23:42:05.765 |  28 nPool-1-worker-2 | DEBUG | d.t.c.a.a.c.u.util.UserUtilService   : 1 instructors generated
    23:42:05.766 |  28 nPool-1-worker-2 | DEBUG | d.t.c.a.a.c.u.util.UserUtilService   : Removing 5 users from all courses...
    23:42:05.769 |  28 nPool-1-worker-2 | DEBUG | d.t.c.a.a.c.u.util.UserUtilService   : Removing 5 users from all courses. Done
    23:42:05.769 |  28 nPool-1-worker-2 | DEBUG | d.t.c.a.a.c.u.util.UserUtilService   : Save 5 users to database...
    23:42:05.779 |  28 nPool-1-worker-2 | DEBUG | d.t.c.a.a.c.u.util.UserUtilService   : Save 5 users to database. Done
    23:42:05.804 |  28 nPool-1-worker-2 | DEBUG | .c.s.m.InstanceMessageReceiveService : Received schedule participant score for exercise 134 and participant 2 (result to be deleted: null)
    23:42:05.804 |  28 nPool-1-worker-2 | DEBUG | .a.s.ParticipantScoreScheduleService : Scheduled task for exercise 134 and participant 2 at 2025-02-14T23:42:06.304185944Z[Etc/UTC].
    23:42:05.808 |  28 nPool-1-worker-2 | DEBUG | .c.s.m.InstanceMessageReceiveService : Received schedule participant score for exercise 134 and participant 2 (result to be deleted: null)
    23:42:05.808 |  28 nPool-1-worker-2 | DEBUG | .a.s.ParticipantScoreScheduleService : Scheduled task for exercise 134 and participant 2 at 2025-02-14T23:42:06.308658935Z[Etc/UTC].
    23:42:05.818 |  28 nPool-1-worker-2 | DEBUG | .c.s.m.InstanceMessageReceiveService : Received schedule participant score for exercise 134 and participant 2 (result to be deleted: null)
    23:42:05.819 |  28 nPool-1-worker-2 | DEBUG | .a.s.ParticipantScoreScheduleService : Scheduled task for exercise 134 and participant 2 at 2025-02-14T23:42:06.319078213Z[Etc/UTC].
    23:42:05.867 |  28 nPool-1-worker-2 | DEBUG | .c.s.m.InstanceMessageReceiveService : Received schedule participant score for exercise 134 and participant 2 (result to be deleted: null)
    23:42:05.867 |  28 nPool-1-worker-2 | DEBUG | .a.s.ParticipantScoreScheduleService : Scheduled task for exercise 134 and participant 2 at 2025-02-14T23:42:06.367528546Z[Etc/UTC].
    23:42:05.885 |  28 nPool-1-worker-2 | DEBUG | .c.s.m.InstanceMessageReceiveService : Received schedule participant score for exercise 134 and participant 2 (result to be deleted: null)
    23:42:05.885 |  28 nPool-1-worker-2 | DEBUG | .a.s.ParticipantScoreScheduleService : Scheduled task for exercise 134 and participant 2 at 2025-02-14T23:42:06.385475861Z[Etc/UTC].
    23:42:05.891 |  28 nPool-1-worker-2 | INFO  | i.z.t.d.l.EmbeddedDatabaseReporter   : JDBC URL to connect to 'dataSource': url='jdbc:h2:tcp://localhost:41063/mem:df70fc46-7e57-4cb5-9cd0-c1d90c14afa7;USER=sa', scope='AssessmentComplaintIntegrationTest#getComplaintByResultid_instructor_sensitiveDataHidden'
    23:42:05.897 |  28 nPool-1-worker-2 | DEBUG | d.t.c.a.a.c.s.f.ApiVersionFilter     : Adding Version to Request GET /api/complaints
    23:42:05.901 |  28 nPool-1-worker-2 | DEBUG | d.t.c.a.a.a.web.ComplaintResource    : REST request to get latest Complaint associated with a result of submission : 52

  Starting logs for AssessmentComplaintIntegrationTest > getNumberOfAllowedComplaintsInCourseTeamMode()
    23:42:05.956 |  28 nPool-1-worker-2 | DEBUG | d.t.c.a.a.c.u.util.UserUtilService   : Generate 2 students...
    23:42:05.965 |  28 nPool-1-worker-2 | DEBUG | d.t.c.a.a.c.u.util.UserUtilService   : 2 students generated. Generate 2 tutors...
    23:42:05.971 |  28 nPool-1-worker-2 | DEBUG | d.t.c.a.a.c.u.util.UserUtilService   : 2 tutors generated. Generate 0 editors...
    23:42:05.972 |  28 nPool-1-worker-2 | DEBUG | d.t.c.a.a.c.u.util.UserUtilService   : 0 editors generated. Generate 1 instructors...
    23:42:05.978 |  28 nPool-1-worker-2 | DEBUG | d.t.c.a.a.c.u.util.UserUtilService   : 1 instructors generated
    23:42:05.980 |  28 nPool-1-worker-2 | DEBUG | d.t.c.a.a.c.u.util.UserUtilService   : Removing 5 users from all courses...
    23:42:05.982 |  28 nPool-1-worker-2 | DEBUG | d.t.c.a.a.c.u.util.UserUtilService   : Removing 5 users from all courses. Done
    23:42:05.982 |  28 nPool-1-worker-2 | DEBUG | d.t.c.a.a.c.u.util.UserUtilService   : Save 5 users to database...
    23:42:05.990 |  28 nPool-1-worker-2 | DEBUG | d.t.c.a.a.c.u.util.UserUtilService   : Save 5 users to database. Done
    23:42:06.011 |  28 nPool-1-worker-2 | DEBUG | .c.s.m.InstanceMessageReceiveService : Received schedule participant score for exercise 137 and participant 2 (result to be deleted: null)
    23:42:06.011 |  28 nPool-1-worker-2 | DEBUG | .a.s.ParticipantScoreScheduleService : Scheduled task for exercise 137 and participant 2 at 2025-02-14T23:42:06.111289828Z[Etc/UTC].
    23:42:06.015 |  28 nPool-1-worker-2 | DEBUG | .c.s.m.InstanceMessageReceiveService : Received schedule participant score for exercise 137 and participant 2 (result to be deleted: null)
    23:42:06.016 |  28 nPool-1-worker-2 | DEBUG | .a.s.ParticipantScoreScheduleService : Scheduled task for exercise 137 and participant 2 at 2025-02-14T23:42:06.116060544Z[Etc/UTC].
    23:42:06.026 |  28 nPool-1-worker-2 | DEBUG | .c.s.m.InstanceMessageReceiveService : Received schedule participant score for exercise 137 and participant 2 (result to be deleted: null)
    23:42:06.026 |  28 nPool-1-worker-2 | DEBUG | .a.s.ParticipantScoreScheduleService : Scheduled task for exercise 137 and participant 2 at 2025-02-14T23:42:06.126787887Z[Etc/UTC].
    23:42:06.034 |  28 nPool-1-worker-2 | DEBUG | .c.s.m.InstanceMessageReceiveService : Received schedule participant score for exercise 137 and participant 2 (result to be deleted: null)
    23:42:06.034 |  28 nPool-1-worker-2 | DEBUG | .a.s.ParticipantScoreScheduleService : Scheduled task for exercise 137 and participant 2 at 2025-02-14T23:42:06.134848206Z[Etc/UTC].
    23:42:06.044 |  28 nPool-1-worker-2 | DEBUG | .c.s.m.InstanceMessageReceiveService : Received schedule participant score for exercise 137 and participant 2 (result to be deleted: null)
    23:42:06.044 |  28 nPool-1-worker-2 | DEBUG | .a.s.ParticipantScoreScheduleService : Scheduled task for exercise 137 and participant 2 at 2025-02-14T23:42:06.144269876Z[Etc/UTC].
    23:42:06.047 |  28 nPool-1-worker-2 | INFO  | i.z.t.d.l.EmbeddedDatabaseReporter   : JDBC URL to connect to 'dataSource': url='jdbc:h2:tcp://localhost:41063/mem:df70fc46-7e57-4cb5-9cd0-c1d90c14afa7;USER=sa', scope='AssessmentComplaintIntegrationTest#getNumberOfAllowedComplaintsInCourseTeamMode'
    23:42:06.052 |  28 nPool-1-worker-2 | DEBUG | d.t.c.a.a.c.s.f.ApiVersionFilter     : Adding Version to Request GET /api/complaints
    23:42:06.054 |  28 nPool-1-worker-2 | WARN  | o.z.p.spring.common.AdviceTraits     : Bad Request: Parameter conditions "courseId, complaintType" OR "submissionId" OR "exerciseId, complaintType" OR "courseId, examId" OR "exerciseId" not met for actual request parameters: courseId={52}, teamMode={true}

  Starting logs for AssessmentComplaintIntegrationTest > requestMoreFeedbackAboutModelingAssessment_noLimit()
    23:42:06.072 |  28 nPool-1-worker-2 | DEBUG | d.t.c.a.a.c.u.util.UserUtilService   : Generate 2 students...
    23:42:06.077 |  28 nPool-1-worker-2 | DEBUG | d.t.c.a.a.c.u.util.UserUtilService   : 2 students generated. Generate 2 tutors...
    23:42:06.083 |  28 nPool-1-worker-2 | DEBUG | d.t.c.a.a.c.u.util.UserUtilService   : 2 tutors generated. Generate 0 editors...
    23:42:06.084 |  28 nPool-1-worker-2 | DEBUG | d.t.c.a.a.c.u.util.UserUtilService   : 0 editors generated. Generate 1 instructors...
    23:42:06.087 |  28 nPool-1-worker-2 | DEBUG | d.t.c.a.a.c.u.util.UserUtilService   : 1 instructors generated
    23:42:06.089 |  28 nPool-1-worker-2 | DEBUG | d.t.c.a.a.c.u.util.UserUtilService   : Removing 5 users from all courses...
    23:42:06.091 |  28 nPool-1-worker-2 | DEBUG | d.t.c.a.a.c.u.util.UserUtilService   : Removing 5 users from all courses. Done
    23:42:06.091 |  28 nPool-1-worker-2 | DEBUG | d.t.c.a.a.c.u.util.UserUtilService   : Save 5 users to database...
    23:42:06.100 |  28 nPool-1-worker-2 | DEBUG | d.t.c.a.a.c.u.util.UserUtilService   : Save 5 users to database. Done
    23:42:06.117 |  28 nPool-1-worker-2 | DEBUG | .c.s.m.InstanceMessageReceiveService : Received schedule participant score for exercise 140 and participant 2 (result to be deleted: null)
    23:42:06.117 |  28 nPool-1-worker-2 | DEBUG | .a.s.ParticipantScoreScheduleService : Scheduled task for exercise 140 and participant 2 at 2025-02-14T23:42:06.217521675Z[Etc/UTC].
    23:42:06.122 |  28 nPool-1-worker-2 | DEBUG | .c.s.m.InstanceMessageReceiveService : Received schedule participant score for exercise 140 and participant 2 (result to be deleted: null)
    23:42:06.122 |  28 nPool-1-worker-2 | DEBUG | .a.s.ParticipantScoreScheduleService : Scheduled task for exercise 140 and participant 2 at 2025-02-14T23:42:06.222369805Z[Etc/UTC].
    23:42:06.135 |  28 nPool-1-worker-2 | DEBUG | .c.s.m.InstanceMessageReceiveService : Received schedule participant score for exercise 140 and participant 2 (result to be deleted: null)
    23:42:06.135 |  28 nPool-1-worker-2 | DEBUG | .a.s.ParticipantScoreScheduleService : Scheduled task for exercise 140 and participant 2 at 2025-02-14T23:42:06.235750626Z[Etc/UTC].
    23:42:06.143 |  28 nPool-1-worker-2 | DEBUG | .c.s.m.InstanceMessageReceiveService : Received schedule participant score for exercise 140 and participant 2 (result to be deleted: null)
    23:42:06.143 |  28 nPool-1-worker-2 | DEBUG | .a.s.ParticipantScoreScheduleService : Scheduled task for exercise 140 and participant 2 at 2025-02-14T23:42:06.243402621Z[Etc/UTC].
    23:42:06.151 |  28 nPool-1-worker-2 | DEBUG | .c.s.m.InstanceMessageReceiveService : Received schedule participant score for exercise 140 and participant 2 (result to be deleted: null)
    23:42:06.152 |  28 nPool-1-worker-2 | DEBUG | .a.s.ParticipantScoreScheduleService : Scheduled task for exercise 140 and participant 2 at 2025-02-14T23:42:06.252056658Z[Etc/UTC].
    23:42:06.154 |  28 nPool-1-worker-2 | INFO  | i.z.t.d.l.EmbeddedDatabaseReporter   : JDBC URL to connect to 'dataSource': url='jdbc:h2:tcp://localhost:41063/mem:df70fc46-7e57-4cb5-9cd0-c1d90c14afa7;USER=sa', scope='AssessmentComplaintIntegrationTest#requestMoreFeedbackAboutModelingAssessment_noLimit'
    23:42:06.159 |  28 nPool-1-worker-2 | DEBUG | .c.s.m.InstanceMessageReceiveService : Received schedule participant score for exercise 140 and participant 2 (result to be deleted: null)
    23:42:06.159 |  28 nPool-1-worker-2 | DEBUG | .a.s.ParticipantScoreScheduleService : Scheduled task for exercise 140 and participant 2 at 2025-02-14T23:42:06.259845421Z[Etc/UTC].
    23:42:06.163 |  28 nPool-1-worker-2 | DEBUG | .c.s.m.InstanceMessageReceiveService : Received schedule participant score for exercise 140 and participant 2 (result to be deleted: null)
    23:42:06.163 |  28 nPool-1-worker-2 | DEBUG | .a.s.ParticipantScoreScheduleService : Scheduled task for exercise 140 and participant 2 at 2025-02-14T23:42:06.263205897Z[Etc/UTC].
    23:42:06.165 |  28 nPool-1-worker-2 | DEBUG | .c.s.m.InstanceMessageReceiveService : Received schedule participant score for exercise 140 and participant 2 (result to be deleted: null)
    23:42:06.165 |  28 nPool-1-worker-2 | DEBUG | .a.s.ParticipantScoreScheduleService : Scheduled task for exercise 140 and participant 2 at 2025-02-14T23:42:06.265737688Z[Etc/UTC].
    23:42:06.170 |  28 nPool-1-worker-2 | DEBUG | d.t.c.a.a.c.s.f.ApiVersionFilter     : Adding Version to Request POST /api/complaints
    23:42:06.171 |  28 nPool-1-worker-2 | DEBUG | d.t.c.a.a.a.web.ComplaintResource    : REST request to save Complaint: ComplaintRequestDTO[resultId=64, complaintText=This is not fair, complaintType=COMPLAINT, examId=Optional.empty]
    23:42:06.179 |  28 nPool-1-worker-2 | DEBUG | .c.s.m.InstanceMessageReceiveService : Received schedule participant score for exercise 140 and participant 2 (result to be deleted: null)
    23:42:06.179 |  28 nPool-1-worker-2 | DEBUG | .a.s.ParticipantScoreScheduleService : Scheduled task for exercise 140 and participant 2 at 2025-02-14T23:42:06.279540386Z[Etc/UTC].
    23:42:06.190 |  28 nPool-1-worker-2 | DEBUG | d.t.c.a.a.c.s.f.ApiVersionFilter     : Adding Version to Request POST /api/complaints
    23:42:06.191 |  28 nPool-1-worker-2 | DEBUG | d.t.c.a.a.a.web.ComplaintResource    : REST request to save Complaint: ComplaintRequestDTO[resultId=64, complaintText=Please explain, complaintType=MORE_FEEDBACK, examId=Optional.empty]
    23:42:06.195 |  28 nPool-1-worker-2 | ERROR | tech.jhipster.web.util.HeaderUtil    : Entity processing failed, A complaint for this result already exists
    23:42:06.195 |  28 nPool-1-worker-2 | WARN  | o.z.p.spring.common.AdviceTraits     : Bad Request: A complaint for this result already exists

  Starting logs for AssessmentComplaintIntegrationTest > submitComplaintAboutModelingAssessmentResultAfterAssessmentDueDate()
    23:42:06.238 |  28 nPool-1-worker-2 | DEBUG | d.t.c.a.a.c.u.util.UserUtilService   : Generate 2 students...
    23:42:06.247 |  28 nPool-1-worker-2 | DEBUG | d.t.c.a.a.c.u.util.UserUtilService   : 2 students generated. Generate 2 tutors...
    23:42:06.261 |  28 nPool-1-worker-2 | DEBUG | d.t.c.a.a.c.u.util.UserUtilService   : 2 tutors generated. Generate 0 editors...
    23:42:06.263 |  28 nPool-1-worker-2 | DEBUG | d.t.c.a.a.c.u.util.UserUtilService   : 0 editors generated. Generate 1 instructors...
    23:42:06.271 |  28 nPool-1-worker-2 | DEBUG | d.t.c.a.a.c.u.util.UserUtilService   : 1 instructors generated
    23:42:06.273 |  28 nPool-1-worker-2 | DEBUG | d.t.c.a.a.c.u.util.UserUtilService   : Removing 5 users from all courses...
    23:42:06.277 |  28 nPool-1-worker-2 | DEBUG | d.t.c.a.a.c.u.util.UserUtilService   : Removing 5 users from all courses. Done
    23:42:06.277 |  28 nPool-1-worker-2 | DEBUG | d.t.c.a.a.c.u.util.UserUtilService   : Save 5 users to database...
    23:42:06.299 |  28 nPool-1-worker-2 | DEBUG | d.t.c.a.a.c.u.util.UserUtilService   : Save 5 users to database. Done
    23:42:06.336 |  28 nPool-1-worker-2 | DEBUG | .c.s.m.InstanceMessageReceiveService : Received schedule participant score for exercise 143 and participant 2 (result to be deleted: null)
    23:42:06.336 |  28 nPool-1-worker-2 | DEBUG | .a.s.ParticipantScoreScheduleService : Scheduled task for exercise 143 and participant 2 at 2025-02-14T23:42:06.436787720Z[Etc/UTC].
    23:42:06.347 |  28 nPool-1-worker-2 | DEBUG | .c.s.m.InstanceMessageReceiveService : Received schedule participant score for exercise 143 and participant 2 (result to be deleted: null)
    23:42:06.348 |  28 nPool-1-worker-2 | DEBUG | .a.s.ParticipantScoreScheduleService : Scheduled task for exercise 143 and participant 2 at 2025-02-14T23:42:06.448059709Z[Etc/UTC].
    23:42:06.366 |  28 nPool-1-worker-2 | DEBUG | .c.s.m.InstanceMessageReceiveService : Received schedule participant score for exercise 143 and participant 2 (result to be deleted: null)
    23:42:06.367 |  28 nPool-1-worker-2 | DEBUG | .a.s.ParticipantScoreScheduleService : Scheduled task for exercise 143 and participant 2 at 2025-02-14T23:42:06.467039800Z[Etc/UTC].
    23:42:06.382 |  28 nPool-1-worker-2 | DEBUG | .c.s.m.InstanceMessageReceiveService : Received schedule participant score for exercise 143 and participant 2 (result to be deleted: null)
    23:42:06.382 |  28 nPool-1-worker-2 | DEBUG | .a.s.ParticipantScoreScheduleService : Scheduled task for exercise 143 and participant 2 at 2025-02-14T23:42:06.482347524Z[Etc/UTC].
    23:42:06.390 |  28 nPool-1-worker-2 | DEBUG | .c.s.m.InstanceMessageReceiveService : Received schedule participant score for exercise 143 and participant 2 (result to be deleted: null)
    23:42:06.390 |  28 nPool-1-worker-2 | DEBUG | .a.s.ParticipantScoreScheduleService : Scheduled task for exercise 143 and participant 2 at 2025-02-14T23:42:06.490383628Z[Etc/UTC].
    23:42:06.393 |  28 nPool-1-worker-2 | INFO  | i.z.t.d.l.EmbeddedDatabaseReporter   : JDBC URL to connect to 'dataSource': url='jdbc:h2:tcp://localhost:41063/mem:df70fc46-7e57-4cb5-9cd0-c1d90c14afa7;USER=sa', scope='AssessmentComplaintIntegrationTest#submitComplaintAboutModelingAssessmentResultAfterAssessmentDueDate'
    23:42:06.400 |  28 nPool-1-worker-2 | DEBUG | .c.s.m.InstanceMessageReceiveService : Received schedule participant score for exercise 143 and participant 2 (result to be deleted: null)
    23:42:06.400 |  28 nPool-1-worker-2 | DEBUG | .a.s.ParticipantScoreScheduleService : Scheduled task for exercise 143 and participant 2 at 2025-02-14T23:42:06.500856276Z[Etc/UTC].
    23:42:06.405 |  28 nPool-1-worker-2 | DEBUG | d.t.c.a.a.c.s.f.ApiVersionFilter     : Adding Version to Request POST /api/complaints
    23:42:06.409 |  28 nPool-1-worker-2 | DEBUG | d.t.c.a.a.a.web.ComplaintResource    : REST request to save Complaint: ComplaintRequestDTO[resultId=68, complaintText=This is not fair, complaintType=COMPLAINT, examId=Optional.empty]
    23:42:06.422 |  28 nPool-1-worker-2 | DEBUG | .c.s.m.InstanceMessageReceiveService : Received schedule participant score for exercise 143 and participant 2 (result to be deleted: null)
    23:42:06.422 |  28 nPool-1-worker-2 | DEBUG | .a.s.ParticipantScoreScheduleService : Scheduled task for exercise 143 and participant 2 at 2025-02-14T23:42:06.522407030Z[Etc/UTC].

  Starting logs for AssessmentComplaintIntegrationTest > getComplaintsForAssessmentDashboard_sameTutorAsAssessor_studentInfoHidden()
    23:42:06.478 |  28 nPool-1-worker-2 | DEBUG | d.t.c.a.a.c.u.util.UserUtilService   : Generate 2 students...
    23:42:06.487 |  28 nPool-1-worker-2 | DEBUG | d.t.c.a.a.c.u.util.UserUtilService   : 2 students generated. Generate 2 tutors...
    23:42:06.493 |  28 nPool-1-worker-2 | DEBUG | d.t.c.a.a.c.u.util.UserUtilService   : 2 tutors generated. Generate 0 editors...
    23:42:06.494 |  28 nPool-1-worker-2 | DEBUG | d.t.c.a.a.c.u.util.UserUtilService   : 0 editors generated. Generate 1 instructors...
    23:42:06.499 |  28 nPool-1-worker-2 | DEBUG | d.t.c.a.a.c.u.util.UserUtilService   : 1 instructors generated
    23:42:06.501 |  28 nPool-1-worker-2 | DEBUG | d.t.c.a.a.c.u.util.UserUtilService   : Removing 5 users from all courses...
    23:42:06.503 |  28 nPool-1-worker-2 | DEBUG | d.t.c.a.a.c.u.util.UserUtilService   : Removing 5 users from all courses. Done
    23:42:06.503 |  28 nPool-1-worker-2 | DEBUG | d.t.c.a.a.c.u.util.UserUtilService   : Save 5 users to database...
    23:42:06.511 |  28 nPool-1-worker-2 | DEBUG | d.t.c.a.a.c.u.util.UserUtilService   : Save 5 users to database. Done
    23:42:06.529 |  28 nPool-1-worker-2 | DEBUG | .c.s.m.InstanceMessageReceiveService : Received schedule participant score for exercise 146 and participant 2 (result to be deleted: null)
    23:42:06.529 |  28 nPool-1-worker-2 | DEBUG | .a.s.ParticipantScoreScheduleService : Scheduled task for exercise 146 and participant 2 at 2025-02-14T23:42:06.629633989Z[Etc/UTC].
    23:42:06.533 |  28 nPool-1-worker-2 | DEBUG | .c.s.m.InstanceMessageReceiveService : Received schedule participant score for exercise 146 and participant 2 (result to be deleted: null)
    23:42:06.533 |  28 nPool-1-worker-2 | DEBUG | .a.s.ParticipantScoreScheduleService : Scheduled task for exercise 146 and participant 2 at 2025-02-14T23:42:06.633898391Z[Etc/UTC].
    23:42:06.543 |  28 nPool-1-worker-2 | DEBUG | .c.s.m.InstanceMessageReceiveService : Received schedule participant score for exercise 146 and participant 2 (result to be deleted: null)
    23:42:06.543 |  28 nPool-1-worker-2 | DEBUG | .a.s.ParticipantScoreScheduleService : Scheduled task for exercise 146 and participant 2 at 2025-02-14T23:42:06.643183053Z[Etc/UTC].
    23:42:06.549 |  28 nPool-1-worker-2 | DEBUG | .c.s.m.InstanceMessageReceiveService : Received schedule participant score for exercise 146 and participant 2 (result to be deleted: null)
    23:42:06.549 |  28 nPool-1-worker-2 | DEBUG | .a.s.ParticipantScoreScheduleService : Scheduled task for exercise 146 and participant 2 at 2025-02-14T23:42:06.649284630Z[Etc/UTC].
    23:42:06.556 |  28 nPool-1-worker-2 | DEBUG | .c.s.m.InstanceMessageReceiveService : Received schedule participant score for exercise 146 and participant 2 (result to be deleted: null)
    23:42:06.556 |  28 nPool-1-worker-2 | DEBUG | .a.s.ParticipantScoreScheduleService : Scheduled task for exercise 146 and participant 2 at 2025-02-14T23:42:06.656936569Z[Etc/UTC].
    23:42:06.559 |  28 nPool-1-worker-2 | INFO  | i.z.t.d.l.EmbeddedDatabaseReporter   : JDBC URL to connect to 'dataSource': url='jdbc:h2:tcp://localhost:41063/mem:df70fc46-7e57-4cb5-9cd0-c1d90c14afa7;USER=sa', scope='AssessmentComplaintIntegrationTest#getComplaintsForAssessmentDashboard_sameTutorAsAssessor_studentInfoHidden'
    23:42:06.563 |  28 nPool-1-worker-2 | DEBUG | .c.s.m.InstanceMessageReceiveService : Received schedule participant score for exercise 146 and participant 2 (result to be deleted: null)
    23:42:06.563 |  28 nPool-1-worker-2 | DEBUG | .a.s.ParticipantScoreScheduleService : Scheduled task for exercise 146 and participant 2 at 2025-02-14T23:42:06.663886718Z[Etc/UTC].
    23:42:06.566 |  28 nPool-1-worker-2 | DEBUG | d.t.c.a.a.c.s.f.ApiVersionFilter     : Adding Version to Request GET /api/exercises/146/submissions-with-complaints

Finished logs for AssessmentComplaintIntegrationTest
]]></system-out>
  <system-err><![CDATA[]]></system-err>
</testsuite>
